running egg_info
creating ../build/ur5_control/ur5_control.egg-info
writing ../build/ur5_control/ur5_control.egg-info/PKG-INFO
writing dependency_links to ../build/ur5_control/ur5_control.egg-info/dependency_links.txt
writing entry points to ../build/ur5_control/ur5_control.egg-info/entry_points.txt
writing requirements to ../build/ur5_control/ur5_control.egg-info/requires.txt
writing top-level names to ../build/ur5_control/ur5_control.egg-info/top_level.txt
writing manifest file '../build/ur5_control/ur5_control.egg-info/SOURCES.txt'
reading manifest file '../build/ur5_control/ur5_control.egg-info/SOURCES.txt'
writing manifest file '../build/ur5_control/ur5_control.egg-info/SOURCES.txt'
running build
running build_py
creating /home/soumyajit/Eyantra-CoBot-24/src/build/ur5_control/build
creating /home/soumyajit/Eyantra-CoBot-24/src/build/ur5_control/build/lib
creating /home/soumyajit/Eyantra-CoBot-24/src/build/ur5_control/build/lib/ur5_control
copying ur5_control/task1c_copy.py -> /home/soumyajit/Eyantra-CoBot-24/src/build/ur5_control/build/lib/ur5_control
copying ur5_control/task1b_boiler_plate.py -> /home/soumyajit/Eyantra-CoBot-24/src/build/ur5_control/build/lib/ur5_control
copying ur5_control/__init__.py -> /home/soumyajit/Eyantra-CoBot-24/src/build/ur5_control/build/lib/ur5_control
copying ur5_control/task1b.py -> /home/soumyajit/Eyantra-CoBot-24/src/build/ur5_control/build/lib/ur5_control
copying ur5_control/task1c.py -> /home/soumyajit/Eyantra-CoBot-24/src/build/ur5_control/build/lib/ur5_control
running install
running install_lib
creating /home/soumyajit/Eyantra-CoBot-24/src/install/ur5_control/lib/python3.10/site-packages/ur5_control
copying /home/soumyajit/Eyantra-CoBot-24/src/build/ur5_control/build/lib/ur5_control/task1c_copy.py -> /home/soumyajit/Eyantra-CoBot-24/src/install/ur5_control/lib/python3.10/site-packages/ur5_control
copying /home/soumyajit/Eyantra-CoBot-24/src/build/ur5_control/build/lib/ur5_control/task1b_boiler_plate.py -> /home/soumyajit/Eyantra-CoBot-24/src/install/ur5_control/lib/python3.10/site-packages/ur5_control
copying /home/soumyajit/Eyantra-CoBot-24/src/build/ur5_control/build/lib/ur5_control/__init__.py -> /home/soumyajit/Eyantra-CoBot-24/src/install/ur5_control/lib/python3.10/site-packages/ur5_control
copying /home/soumyajit/Eyantra-CoBot-24/src/build/ur5_control/build/lib/ur5_control/task1b.py -> /home/soumyajit/Eyantra-CoBot-24/src/install/ur5_control/lib/python3.10/site-packages/ur5_control
copying /home/soumyajit/Eyantra-CoBot-24/src/build/ur5_control/build/lib/ur5_control/task1c.py -> /home/soumyajit/Eyantra-CoBot-24/src/install/ur5_control/lib/python3.10/site-packages/ur5_control
byte-compiling /home/soumyajit/Eyantra-CoBot-24/src/install/ur5_control/lib/python3.10/site-packages/ur5_control/task1c_copy.py to task1c_copy.cpython-310.pyc
byte-compiling /home/soumyajit/Eyantra-CoBot-24/src/install/ur5_control/lib/python3.10/site-packages/ur5_control/task1b_boiler_plate.py to task1b_boiler_plate.cpython-310.pyc
byte-compiling /home/soumyajit/Eyantra-CoBot-24/src/install/ur5_control/lib/python3.10/site-packages/ur5_control/__init__.py to __init__.cpython-310.pyc
byte-compiling /home/soumyajit/Eyantra-CoBot-24/src/install/ur5_control/lib/python3.10/site-packages/ur5_control/task1b.py to task1b.cpython-310.pyc
byte-compiling /home/soumyajit/Eyantra-CoBot-24/src/install/ur5_control/lib/python3.10/site-packages/ur5_control/task1c.py to task1c.cpython-310.pyc
running install_data
creating /home/soumyajit/Eyantra-CoBot-24/src/install/ur5_control/share/ament_index
creating /home/soumyajit/Eyantra-CoBot-24/src/install/ur5_control/share/ament_index/resource_index
creating /home/soumyajit/Eyantra-CoBot-24/src/install/ur5_control/share/ament_index/resource_index/packages
copying resource/ur5_control -> /home/soumyajit/Eyantra-CoBot-24/src/install/ur5_control/share/ament_index/resource_index/packages
copying package.xml -> /home/soumyajit/Eyantra-CoBot-24/src/install/ur5_control/share/ur5_control
creating /home/soumyajit/Eyantra-CoBot-24/src/install/ur5_control/lib/ur5_control
copying ur5_control/__init__.py -> /home/soumyajit/Eyantra-CoBot-24/src/install/ur5_control/lib/ur5_control
running install_egg_info
Copying ../build/ur5_control/ur5_control.egg-info to /home/soumyajit/Eyantra-CoBot-24/src/install/ur5_control/lib/python3.10/site-packages/ur5_control-0.0.0-py3.10.egg-info
running install_scripts
Installing task1b script to /home/soumyajit/Eyantra-CoBot-24/src/install/ur5_control/lib/ur5_control
Installing task1c script to /home/soumyajit/Eyantra-CoBot-24/src/install/ur5_control/lib/ur5_control
Installing task1c_copy script to /home/soumyajit/Eyantra-CoBot-24/src/install/ur5_control/lib/ur5_control
writing list of installed files to '/home/soumyajit/Eyantra-CoBot-24/src/build/ur5_control/install.log'
