[1.028s] Invoking command in '/home/soumyajit/Eyantra-CoBot-24/src/ur5_control': PYTHONPATH=/home/soumyajit/Eyantra-CoBot-24/src/build/ur5_control/prefix_override:/usr/lib/python3/dist-packages/colcon_core/task/python/colcon_distutils_commands:/home/soumyajit/Eyantra-CoBot-24/src/install/ur5_control/lib/python3.10/site-packages:${PYTHONPATH} /usr/bin/python3 -W ignore:setup.py install is deprecated setup.py egg_info --egg-base ../build/ur5_control build --build-base /home/soumyajit/Eyantra-CoBot-24/src/build/ur5_control/build install --record /home/soumyajit/Eyantra-CoBot-24/src/build/ur5_control/install.log --single-version-externally-managed install_data
[1.399s] running egg_info
[1.399s] creating ../build/ur5_control/ur5_control.egg-info
[1.400s] writing ../build/ur5_control/ur5_control.egg-info/PKG-INFO
[1.400s] writing dependency_links to ../build/ur5_control/ur5_control.egg-info/dependency_links.txt
[1.401s] writing entry points to ../build/ur5_control/ur5_control.egg-info/entry_points.txt
[1.401s] writing requirements to ../build/ur5_control/ur5_control.egg-info/requires.txt
[1.401s] writing top-level names to ../build/ur5_control/ur5_control.egg-info/top_level.txt
[1.401s] writing manifest file '../build/ur5_control/ur5_control.egg-info/SOURCES.txt'
[1.403s] reading manifest file '../build/ur5_control/ur5_control.egg-info/SOURCES.txt'
[1.404s] writing manifest file '../build/ur5_control/ur5_control.egg-info/SOURCES.txt'
[1.405s] running build
[1.405s] running build_py
[1.406s] creating /home/soumyajit/Eyantra-CoBot-24/src/build/ur5_control/build
[1.406s] creating /home/soumyajit/Eyantra-CoBot-24/src/build/ur5_control/build/lib
[1.406s] creating /home/soumyajit/Eyantra-CoBot-24/src/build/ur5_control/build/lib/ur5_control
[1.408s] copying ur5_control/task1c_copy.py -> /home/soumyajit/Eyantra-CoBot-24/src/build/ur5_control/build/lib/ur5_control
[1.408s] copying ur5_control/task1b_boiler_plate.py -> /home/soumyajit/Eyantra-CoBot-24/src/build/ur5_control/build/lib/ur5_control
[1.408s] copying ur5_control/__init__.py -> /home/soumyajit/Eyantra-CoBot-24/src/build/ur5_control/build/lib/ur5_control
[1.408s] copying ur5_control/task1b.py -> /home/soumyajit/Eyantra-CoBot-24/src/build/ur5_control/build/lib/ur5_control
[1.408s] copying ur5_control/task1c.py -> /home/soumyajit/Eyantra-CoBot-24/src/build/ur5_control/build/lib/ur5_control
[1.408s] running install
[1.409s] running install_lib
[1.409s] creating /home/soumyajit/Eyantra-CoBot-24/src/install/ur5_control/lib/python3.10/site-packages/ur5_control
[1.409s] copying /home/soumyajit/Eyantra-CoBot-24/src/build/ur5_control/build/lib/ur5_control/task1c_copy.py -> /home/soumyajit/Eyantra-CoBot-24/src/install/ur5_control/lib/python3.10/site-packages/ur5_control
[1.410s] copying /home/soumyajit/Eyantra-CoBot-24/src/build/ur5_control/build/lib/ur5_control/task1b_boiler_plate.py -> /home/soumyajit/Eyantra-CoBot-24/src/install/ur5_control/lib/python3.10/site-packages/ur5_control
[1.410s] copying /home/soumyajit/Eyantra-CoBot-24/src/build/ur5_control/build/lib/ur5_control/__init__.py -> /home/soumyajit/Eyantra-CoBot-24/src/install/ur5_control/lib/python3.10/site-packages/ur5_control
[1.410s] copying /home/soumyajit/Eyantra-CoBot-24/src/build/ur5_control/build/lib/ur5_control/task1b.py -> /home/soumyajit/Eyantra-CoBot-24/src/install/ur5_control/lib/python3.10/site-packages/ur5_control
[1.410s] copying /home/soumyajit/Eyantra-CoBot-24/src/build/ur5_control/build/lib/ur5_control/task1c.py -> /home/soumyajit/Eyantra-CoBot-24/src/install/ur5_control/lib/python3.10/site-packages/ur5_control
[1.410s] byte-compiling /home/soumyajit/Eyantra-CoBot-24/src/install/ur5_control/lib/python3.10/site-packages/ur5_control/task1c_copy.py to task1c_copy.cpython-310.pyc
[1.413s] byte-compiling /home/soumyajit/Eyantra-CoBot-24/src/install/ur5_control/lib/python3.10/site-packages/ur5_control/task1b_boiler_plate.py to task1b_boiler_plate.cpython-310.pyc
[1.413s] byte-compiling /home/soumyajit/Eyantra-CoBot-24/src/install/ur5_control/lib/python3.10/site-packages/ur5_control/__init__.py to __init__.cpython-310.pyc
[1.414s] byte-compiling /home/soumyajit/Eyantra-CoBot-24/src/install/ur5_control/lib/python3.10/site-packages/ur5_control/task1b.py to task1b.cpython-310.pyc
[1.417s] byte-compiling /home/soumyajit/Eyantra-CoBot-24/src/install/ur5_control/lib/python3.10/site-packages/ur5_control/task1c.py to task1c.cpython-310.pyc
[1.417s] running install_data
[1.417s] creating /home/soumyajit/Eyantra-CoBot-24/src/install/ur5_control/share/ament_index
[1.417s] creating /home/soumyajit/Eyantra-CoBot-24/src/install/ur5_control/share/ament_index/resource_index
[1.417s] creating /home/soumyajit/Eyantra-CoBot-24/src/install/ur5_control/share/ament_index/resource_index/packages
[1.418s] copying resource/ur5_control -> /home/soumyajit/Eyantra-CoBot-24/src/install/ur5_control/share/ament_index/resource_index/packages
[1.418s] copying package.xml -> /home/soumyajit/Eyantra-CoBot-24/src/install/ur5_control/share/ur5_control
[1.418s] creating /home/soumyajit/Eyantra-CoBot-24/src/install/ur5_control/lib/ur5_control
[1.419s] copying ur5_control/__init__.py -> /home/soumyajit/Eyantra-CoBot-24/src/install/ur5_control/lib/ur5_control
[1.419s] running install_egg_info
[1.423s] Copying ../build/ur5_control/ur5_control.egg-info to /home/soumyajit/Eyantra-CoBot-24/src/install/ur5_control/lib/python3.10/site-packages/ur5_control-0.0.0-py3.10.egg-info
[1.423s] running install_scripts
[1.458s] Installing task1b script to /home/soumyajit/Eyantra-CoBot-24/src/install/ur5_control/lib/ur5_control
[1.458s] Installing task1c script to /home/soumyajit/Eyantra-CoBot-24/src/install/ur5_control/lib/ur5_control
[1.458s] Installing task1c_copy script to /home/soumyajit/Eyantra-CoBot-24/src/install/ur5_control/lib/ur5_control
[1.458s] writing list of installed files to '/home/soumyajit/Eyantra-CoBot-24/src/build/ur5_control/install.log'
[1.505s] Invoked command in '/home/soumyajit/Eyantra-CoBot-24/src/ur5_control' returned '0': PYTHONPATH=/home/soumyajit/Eyantra-CoBot-24/src/build/ur5_control/prefix_override:/usr/lib/python3/dist-packages/colcon_core/task/python/colcon_distutils_commands:/home/soumyajit/Eyantra-CoBot-24/src/install/ur5_control/lib/python3.10/site-packages:${PYTHONPATH} /usr/bin/python3 -W ignore:setup.py install is deprecated setup.py egg_info --egg-base ../build/ur5_control build --build-base /home/soumyajit/Eyantra-CoBot-24/src/build/ur5_control/build install --record /home/soumyajit/Eyantra-CoBot-24/src/build/ur5_control/install.log --single-version-externally-managed install_data
