/home/soumyajit/Eyantra-CoBot-24/src/install/ur5_control/lib/python3.10/site-packages/ur5_control/task1c_copy.py
/home/soumyajit/Eyantra-CoBot-24/src/install/ur5_control/lib/python3.10/site-packages/ur5_control/task1b_boiler_plate.py
/home/soumyajit/Eyantra-CoBot-24/src/install/ur5_control/lib/python3.10/site-packages/ur5_control/__init__.py
/home/soumyajit/Eyantra-CoBot-24/src/install/ur5_control/lib/python3.10/site-packages/ur5_control/task1b.py
/home/soumyajit/Eyantra-CoBot-24/src/install/ur5_control/lib/python3.10/site-packages/ur5_control/task1c.py
/home/soumyajit/Eyantra-CoBot-24/src/install/ur5_control/lib/python3.10/site-packages/ur5_control/__pycache__/task1c_copy.cpython-310.pyc
/home/soumyajit/Eyantra-CoBot-24/src/install/ur5_control/lib/python3.10/site-packages/ur5_control/__pycache__/task1b_boiler_plate.cpython-310.pyc
/home/soumyajit/Eyantra-CoBot-24/src/install/ur5_control/lib/python3.10/site-packages/ur5_control/__pycache__/__init__.cpython-310.pyc
/home/soumyajit/Eyantra-CoBot-24/src/install/ur5_control/lib/python3.10/site-packages/ur5_control/__pycache__/task1b.cpython-310.pyc
/home/soumyajit/Eyantra-CoBot-24/src/install/ur5_control/lib/python3.10/site-packages/ur5_control/__pycache__/task1c.cpython-310.pyc
/home/soumyajit/Eyantra-CoBot-24/src/install/ur5_control/share/ament_index/resource_index/packages/ur5_control
/home/soumyajit/Eyantra-CoBot-24/src/install/ur5_control/share/ur5_control/package.xml
/home/soumyajit/Eyantra-CoBot-24/src/install/ur5_control/lib/ur5_control/__init__.py
/home/soumyajit/Eyantra-CoBot-24/src/install/ur5_control/lib/python3.10/site-packages/ur5_control-0.0.0-py3.10.egg-info/zip-safe
/home/soumyajit/Eyantra-CoBot-24/src/install/ur5_control/lib/python3.10/site-packages/ur5_control-0.0.0-py3.10.egg-info/SOURCES.txt
/home/soumyajit/Eyantra-CoBot-24/src/install/ur5_control/lib/python3.10/site-packages/ur5_control-0.0.0-py3.10.egg-info/entry_points.txt
/home/soumyajit/Eyantra-CoBot-24/src/install/ur5_control/lib/python3.10/site-packages/ur5_control-0.0.0-py3.10.egg-info/PKG-INFO
/home/soumyajit/Eyantra-CoBot-24/src/install/ur5_control/lib/python3.10/site-packages/ur5_control-0.0.0-py3.10.egg-info/top_level.txt
/home/soumyajit/Eyantra-CoBot-24/src/install/ur5_control/lib/python3.10/site-packages/ur5_control-0.0.0-py3.10.egg-info/dependency_links.txt
/home/soumyajit/Eyantra-CoBot-24/src/install/ur5_control/lib/python3.10/site-packages/ur5_control-0.0.0-py3.10.egg-info/requires.txt
/home/soumyajit/Eyantra-CoBot-24/src/install/ur5_control/lib/ur5_control/task1b
/home/soumyajit/Eyantra-CoBot-24/src/install/ur5_control/lib/ur5_control/task1c
/home/soumyajit/Eyantra-CoBot-24/src/install/ur5_control/lib/ur5_control/task1c_copy
