[0.014s] Invoking command in '/home/soumyajit/Eyantra-CoBot-24/src/build/ur_simulation_gazebo': AMENT_PREFIX_PATH=/home/soumyajit/Eyantra-CoBot-24/src/install/ur_moveit_config:/home/soumyajit/Eyantra-CoBot-24/src/install/ur_description:${AMENT_PREFIX_PATH} CMAKE_PREFIX_PATH=/home/soumyajit/Eyantra-CoBot-24/src/install/ur_moveit_config:/home/soumyajit/Eyantra-CoBot-24/src/install/ur_description:/home/soumyajit/Eyantra-CoBot-24/install/ur_simulation_gazebo:/home/soumyajit/Eyantra-CoBot-24/install/ur_moveit_config:/home/soumyajit/Eyantra-CoBot-24/install/ur_description:/home/soumyajit/Eyantra-CoBot-24/install/realsense_gazebo_plugin:/home/soumyajit/Eyantra-CoBot-24/install/pymoveit2:/home/soumyajit/Eyantra-CoBot-24/install/linkattacher_msgs:/home/soumyajit/Eyantra-CoBot-24/install/eyantra_warehouse:/home/soumyajit/Eyantra-CoBot-24/install/ebot_nav2:/home/soumyajit/Eyantra-CoBot-24/install/ebot_description:/home/soumyajit/Eyantra-CoBot-24/install/ur5_control:/opt/ros/humble /usr/bin/cmake /home/soumyajit/Eyantra-CoBot-24/src/ur_simulation_gazebo -DCMAKE_INSTALL_PREFIX=/home/soumyajit/Eyantra-CoBot-24/src/install/ur_simulation_gazebo
[0.092s] -- The C compiler identification is GNU 11.4.0
[0.179s] -- The CXX compiler identification is GNU 11.4.0
[0.190s] -- Detecting C compiler ABI info
[0.311s] -- Detecting C compiler ABI info - done
[0.328s] -- Check for working C compiler: /usr/bin/cc - skipped
[0.329s] -- Detecting C compile features
[0.329s] -- Detecting C compile features - done
[0.333s] -- Detecting CXX compiler ABI info
[0.506s] -- Detecting CXX compiler ABI info - done
[0.516s] -- Check for working CXX compiler: /usr/bin/c++ - skipped
[0.520s] -- Detecting CXX compile features
[0.520s] -- Detecting CXX compile features - done
[0.522s] -- Found ament_cmake: 1.3.10 (/opt/ros/humble/share/ament_cmake/cmake)
[0.792s] -- Found Python3: /usr/bin/python3 (found version "3.10.12") found components: Interpreter 
[0.946s] -- Found launch_testing_ament_cmake: 1.0.6 (/opt/ros/humble/share/launch_testing_ament_cmake/cmake)
[0.952s] -- Found python_cmake_module: 0.10.0 (/opt/ros/humble/share/python_cmake_module/cmake)
[0.984s] -- Found PythonInterp: /usr/bin/python3 (found suitable version "3.10.12", minimum required is "3.6") 
[0.999s] -- Found PythonLibs: /usr/lib/x86_64-linux-gnu/libpython3.10.so (found suitable version "3.10.12", minimum required is "3.5") 
[1.000s] -- Using PYTHON_EXECUTABLE: /usr/bin/python3
[1.000s] -- Using PYTHON_INCLUDE_DIRS: /usr/include/python3.10
[1.000s] -- Using PYTHON_LIBRARIES: /usr/lib/x86_64-linux-gnu/libpython3.10.so
[1.034s] -- Found PythonExtra: .so  
[1.038s] -- Found ament_cmake_pytest: 1.3.10 (/opt/ros/humble/share/ament_cmake_pytest/cmake)
[1.109s] -- Configuring done
[1.113s] -- Generating done
[1.114s] -- Build files have been written to: /home/soumyajit/Eyantra-CoBot-24/src/build/ur_simulation_gazebo
[1.122s] Invoked command in '/home/soumyajit/Eyantra-CoBot-24/src/build/ur_simulation_gazebo' returned '0': AMENT_PREFIX_PATH=/home/soumyajit/Eyantra-CoBot-24/src/install/ur_moveit_config:/home/soumyajit/Eyantra-CoBot-24/src/install/ur_description:${AMENT_PREFIX_PATH} CMAKE_PREFIX_PATH=/home/soumyajit/Eyantra-CoBot-24/src/install/ur_moveit_config:/home/soumyajit/Eyantra-CoBot-24/src/install/ur_description:/home/soumyajit/Eyantra-CoBot-24/install/ur_simulation_gazebo:/home/soumyajit/Eyantra-CoBot-24/install/ur_moveit_config:/home/soumyajit/Eyantra-CoBot-24/install/ur_description:/home/soumyajit/Eyantra-CoBot-24/install/realsense_gazebo_plugin:/home/soumyajit/Eyantra-CoBot-24/install/pymoveit2:/home/soumyajit/Eyantra-CoBot-24/install/linkattacher_msgs:/home/soumyajit/Eyantra-CoBot-24/install/eyantra_warehouse:/home/soumyajit/Eyantra-CoBot-24/install/ebot_nav2:/home/soumyajit/Eyantra-CoBot-24/install/ebot_description:/home/soumyajit/Eyantra-CoBot-24/install/ur5_control:/opt/ros/humble /usr/bin/cmake /home/soumyajit/Eyantra-CoBot-24/src/ur_simulation_gazebo -DCMAKE_INSTALL_PREFIX=/home/soumyajit/Eyantra-CoBot-24/src/install/ur_simulation_gazebo
[1.124s] Invoking command in '/home/soumyajit/Eyantra-CoBot-24/src/build/ur_simulation_gazebo': AMENT_PREFIX_PATH=/home/soumyajit/Eyantra-CoBot-24/src/install/ur_moveit_config:/home/soumyajit/Eyantra-CoBot-24/src/install/ur_description:${AMENT_PREFIX_PATH} CMAKE_PREFIX_PATH=/home/soumyajit/Eyantra-CoBot-24/src/install/ur_moveit_config:/home/soumyajit/Eyantra-CoBot-24/src/install/ur_description:/home/soumyajit/Eyantra-CoBot-24/install/ur_simulation_gazebo:/home/soumyajit/Eyantra-CoBot-24/install/ur_moveit_config:/home/soumyajit/Eyantra-CoBot-24/install/ur_description:/home/soumyajit/Eyantra-CoBot-24/install/realsense_gazebo_plugin:/home/soumyajit/Eyantra-CoBot-24/install/pymoveit2:/home/soumyajit/Eyantra-CoBot-24/install/linkattacher_msgs:/home/soumyajit/Eyantra-CoBot-24/install/eyantra_warehouse:/home/soumyajit/Eyantra-CoBot-24/install/ebot_nav2:/home/soumyajit/Eyantra-CoBot-24/install/ebot_description:/home/soumyajit/Eyantra-CoBot-24/install/ur5_control:/opt/ros/humble /usr/bin/cmake --build /home/soumyajit/Eyantra-CoBot-24/src/build/ur_simulation_gazebo -- -j12 -l12
[1.171s] Invoked command in '/home/soumyajit/Eyantra-CoBot-24/src/build/ur_simulation_gazebo' returned '0': AMENT_PREFIX_PATH=/home/soumyajit/Eyantra-CoBot-24/src/install/ur_moveit_config:/home/soumyajit/Eyantra-CoBot-24/src/install/ur_description:${AMENT_PREFIX_PATH} CMAKE_PREFIX_PATH=/home/soumyajit/Eyantra-CoBot-24/src/install/ur_moveit_config:/home/soumyajit/Eyantra-CoBot-24/src/install/ur_description:/home/soumyajit/Eyantra-CoBot-24/install/ur_simulation_gazebo:/home/soumyajit/Eyantra-CoBot-24/install/ur_moveit_config:/home/soumyajit/Eyantra-CoBot-24/install/ur_description:/home/soumyajit/Eyantra-CoBot-24/install/realsense_gazebo_plugin:/home/soumyajit/Eyantra-CoBot-24/install/pymoveit2:/home/soumyajit/Eyantra-CoBot-24/install/linkattacher_msgs:/home/soumyajit/Eyantra-CoBot-24/install/eyantra_warehouse:/home/soumyajit/Eyantra-CoBot-24/install/ebot_nav2:/home/soumyajit/Eyantra-CoBot-24/install/ebot_description:/home/soumyajit/Eyantra-CoBot-24/install/ur5_control:/opt/ros/humble /usr/bin/cmake --build /home/soumyajit/Eyantra-CoBot-24/src/build/ur_simulation_gazebo -- -j12 -l12
[1.205s] Invoking command in '/home/soumyajit/Eyantra-CoBot-24/src/build/ur_simulation_gazebo': AMENT_PREFIX_PATH=/home/soumyajit/Eyantra-CoBot-24/src/install/ur_moveit_config:/home/soumyajit/Eyantra-CoBot-24/src/install/ur_description:${AMENT_PREFIX_PATH} CMAKE_PREFIX_PATH=/home/soumyajit/Eyantra-CoBot-24/src/install/ur_moveit_config:/home/soumyajit/Eyantra-CoBot-24/src/install/ur_description:/home/soumyajit/Eyantra-CoBot-24/install/ur_simulation_gazebo:/home/soumyajit/Eyantra-CoBot-24/install/ur_moveit_config:/home/soumyajit/Eyantra-CoBot-24/install/ur_description:/home/soumyajit/Eyantra-CoBot-24/install/realsense_gazebo_plugin:/home/soumyajit/Eyantra-CoBot-24/install/pymoveit2:/home/soumyajit/Eyantra-CoBot-24/install/linkattacher_msgs:/home/soumyajit/Eyantra-CoBot-24/install/eyantra_warehouse:/home/soumyajit/Eyantra-CoBot-24/install/ebot_nav2:/home/soumyajit/Eyantra-CoBot-24/install/ebot_description:/home/soumyajit/Eyantra-CoBot-24/install/ur5_control:/opt/ros/humble /usr/bin/cmake --install /home/soumyajit/Eyantra-CoBot-24/src/build/ur_simulation_gazebo
[1.224s] -- Install configuration: ""
[1.224s] -- Installing: /home/soumyajit/Eyantra-CoBot-24/src/install/ur_simulation_gazebo/share/ur_simulation_gazebo/config
[1.224s] -- Installing: /home/soumyajit/Eyantra-CoBot-24/src/install/ur_simulation_gazebo/share/ur_simulation_gazebo/config/config_file_here.txt
[1.224s] -- Installing: /home/soumyajit/Eyantra-CoBot-24/src/install/ur_simulation_gazebo/share/ur_simulation_gazebo/config/ur_controllers.yaml
[1.224s] -- Installing: /home/soumyajit/Eyantra-CoBot-24/src/install/ur_simulation_gazebo/share/ur_simulation_gazebo/launch
[1.225s] -- Installing: /home/soumyajit/Eyantra-CoBot-24/src/install/ur_simulation_gazebo/share/ur_simulation_gazebo/launch/ur_sim_control.launch.py
[1.225s] -- Installing: /home/soumyajit/Eyantra-CoBot-24/src/install/ur_simulation_gazebo/share/ur_simulation_gazebo/launch/ur_sim_moveit.launch.py
[1.225s] -- Installing: /home/soumyajit/Eyantra-CoBot-24/src/install/ur_simulation_gazebo/share/ur_simulation_gazebo/launch/spawn_ur5_launch_moveit.launch.py
[1.225s] -- Installing: /home/soumyajit/Eyantra-CoBot-24/src/install/ur_simulation_gazebo/share/ament_index/resource_index/package_run_dependencies/ur_simulation_gazebo
[1.227s] -- Installing: /home/soumyajit/Eyantra-CoBot-24/src/install/ur_simulation_gazebo/share/ament_index/resource_index/parent_prefix_path/ur_simulation_gazebo
[1.227s] -- Installing: /home/soumyajit/Eyantra-CoBot-24/src/install/ur_simulation_gazebo/share/ur_simulation_gazebo/environment/ament_prefix_path.sh
[1.227s] -- Installing: /home/soumyajit/Eyantra-CoBot-24/src/install/ur_simulation_gazebo/share/ur_simulation_gazebo/environment/ament_prefix_path.dsv
[1.227s] -- Installing: /home/soumyajit/Eyantra-CoBot-24/src/install/ur_simulation_gazebo/share/ur_simulation_gazebo/environment/path.sh
[1.227s] -- Installing: /home/soumyajit/Eyantra-CoBot-24/src/install/ur_simulation_gazebo/share/ur_simulation_gazebo/environment/path.dsv
[1.228s] -- Installing: /home/soumyajit/Eyantra-CoBot-24/src/install/ur_simulation_gazebo/share/ur_simulation_gazebo/local_setup.bash
[1.228s] -- Installing: /home/soumyajit/Eyantra-CoBot-24/src/install/ur_simulation_gazebo/share/ur_simulation_gazebo/local_setup.sh
[1.228s] -- Installing: /home/soumyajit/Eyantra-CoBot-24/src/install/ur_simulation_gazebo/share/ur_simulation_gazebo/local_setup.zsh
[1.228s] -- Installing: /home/soumyajit/Eyantra-CoBot-24/src/install/ur_simulation_gazebo/share/ur_simulation_gazebo/local_setup.dsv
[1.228s] -- Installing: /home/soumyajit/Eyantra-CoBot-24/src/install/ur_simulation_gazebo/share/ur_simulation_gazebo/package.dsv
[1.229s] -- Installing: /home/soumyajit/Eyantra-CoBot-24/src/install/ur_simulation_gazebo/share/ament_index/resource_index/packages/ur_simulation_gazebo
[1.229s] -- Installing: /home/soumyajit/Eyantra-CoBot-24/src/install/ur_simulation_gazebo/share/ur_simulation_gazebo/cmake/ur_simulation_gazeboConfig.cmake
[1.229s] -- Installing: /home/soumyajit/Eyantra-CoBot-24/src/install/ur_simulation_gazebo/share/ur_simulation_gazebo/cmake/ur_simulation_gazeboConfig-version.cmake
[1.229s] -- Installing: /home/soumyajit/Eyantra-CoBot-24/src/install/ur_simulation_gazebo/share/ur_simulation_gazebo/package.xml
[1.232s] Invoked command in '/home/soumyajit/Eyantra-CoBot-24/src/build/ur_simulation_gazebo' returned '0': AMENT_PREFIX_PATH=/home/soumyajit/Eyantra-CoBot-24/src/install/ur_moveit_config:/home/soumyajit/Eyantra-CoBot-24/src/install/ur_description:${AMENT_PREFIX_PATH} CMAKE_PREFIX_PATH=/home/soumyajit/Eyantra-CoBot-24/src/install/ur_moveit_config:/home/soumyajit/Eyantra-CoBot-24/src/install/ur_description:/home/soumyajit/Eyantra-CoBot-24/install/ur_simulation_gazebo:/home/soumyajit/Eyantra-CoBot-24/install/ur_moveit_config:/home/soumyajit/Eyantra-CoBot-24/install/ur_description:/home/soumyajit/Eyantra-CoBot-24/install/realsense_gazebo_plugin:/home/soumyajit/Eyantra-CoBot-24/install/pymoveit2:/home/soumyajit/Eyantra-CoBot-24/install/linkattacher_msgs:/home/soumyajit/Eyantra-CoBot-24/install/eyantra_warehouse:/home/soumyajit/Eyantra-CoBot-24/install/ebot_nav2:/home/soumyajit/Eyantra-CoBot-24/install/ebot_description:/home/soumyajit/Eyantra-CoBot-24/install/ur5_control:/opt/ros/humble /usr/bin/cmake --install /home/soumyajit/Eyantra-CoBot-24/src/build/ur_simulation_gazebo
