[0.035s] Invoking command in '/home/soumyajit/Eyantra-CoBot-24/src/build/realsense_gazebo_plugin': CMAKE_PREFIX_PATH=${CMAKE_PREFIX_PATH}:/home/soumyajit/Eyantra-CoBot-24/install/ur5_control:/opt/ros/humble /usr/bin/cmake /home/soumyajit/Eyantra-CoBot-24/src/realsense_gazebo_plugin -DCMAKE_INSTALL_PREFIX=/home/soumyajit/Eyantra-CoBot-24/src/install/realsense_gazebo_plugin
[0.154s] -- The C compiler identification is GNU 11.4.0
[0.277s] -- The CXX compiler identification is GNU 11.4.0
[0.288s] -- Detecting C compiler ABI info
[0.388s] -- Detecting C compiler ABI info - done
[0.398s] -- Check for working C compiler: /usr/bin/cc - skipped
[0.400s] -- Detecting C compile features
[0.400s] -- Detecting C compile features - done
[0.403s] -- Detecting CXX compiler ABI info
[0.513s] -- Detecting CXX compiler ABI info - done
[0.521s] -- Check for working CXX compiler: /usr/bin/c++ - skipped
[0.521s] -- Detecting CXX compile features
[0.523s] -- Detecting CXX compile features - done
[0.532s] -- Found ament_cmake: 1.3.10 (/opt/ros/humble/share/ament_cmake/cmake)
[0.756s] -- Found Python3: /usr/bin/python3 (found version "3.10.12") found components: Interpreter 
[0.921s] -- Found rclcpp: 16.0.10 (/opt/ros/humble/share/rclcpp/cmake)
[1.001s] -- Found rosidl_generator_c: 3.1.5 (/opt/ros/humble/share/rosidl_generator_c/cmake)
[1.014s] -- Found rosidl_adapter: 3.1.5 (/opt/ros/humble/share/rosidl_adapter/cmake)
[1.038s] -- Found rosidl_generator_cpp: 3.1.5 (/opt/ros/humble/share/rosidl_generator_cpp/cmake)
[1.055s] -- Using all available rosidl_typesupport_c: rosidl_typesupport_fastrtps_c;rosidl_typesupport_introspection_c
[1.089s] -- Using all available rosidl_typesupport_cpp: rosidl_typesupport_fastrtps_cpp;rosidl_typesupport_introspection_cpp
[1.168s] -- Found rmw_implementation_cmake: 6.1.2 (/opt/ros/humble/share/rmw_implementation_cmake/cmake)
[1.177s] -- Found rmw_fastrtps_cpp: 6.2.7 (/opt/ros/humble/share/rmw_fastrtps_cpp/cmake)
[1.311s] -- Found OpenSSL: /usr/lib/x86_64-linux-gnu/libcrypto.so (found version "3.0.2")  
[1.346s] -- Found FastRTPS: /opt/ros/foxy/include  
[1.409s] -- Using RMW implementation 'rmw_fastrtps_cpp' as default
[1.422s] -- Looking for pthread.h
[1.529s] -- Looking for pthread.h - found
[1.529s] -- Performing Test CMAKE_HAVE_LIBC_PTHREAD
[1.625s] -- Performing Test CMAKE_HAVE_LIBC_PTHREAD - Success
[1.626s] -- Found Threads: TRUE  
[1.715s] -- Found gazebo_ros: 3.7.0 (/opt/ros/humble/share/gazebo_ros/cmake)
[1.732s] -- Found PkgConfig: /usr/bin/pkg-config (found version "0.29.2") 
[1.732s] -- Checking for module 'bullet>=2.82'
[1.751s] --   Found bullet, version 3.05
[1.888s] -- Found fcl: /usr/include (found suitable version "0.7.0", minimum required is "0.5.0") 
[1.958s] -- Found assimp: /usr/include (found version "5.2.0") 
[1.991s] -- Found DART: /usr/include (Required is at least version "6.6") found components: dart 
[2.040s] -- Found Boost: /usr/lib/x86_64-linux-gnu/cmake/Boost-1.74.0/BoostConfig.cmake (found suitable version "1.74.0", minimum required is "1.40.0") found components: thread system filesystem program_options regex iostreams date_time 
[2.069s] -- Found Protobuf: /usr/lib/x86_64-linux-gnu/libprotobuf.so (found version "3.12.4") 
[2.080s] -- Looking for ignition-math6 -- found version 6.15.1
[2.093s] -- Searching for dependencies of ignition-math6
[2.096s] -- Looking for OGRE...
[2.097s] -- OGRE_PREFIX_WATCH changed.
[2.105s] -- Checking for module 'OGRE'
[2.119s] --   Found OGRE, version 1.9.0
[2.158s] -- Found Ogre Ghadamon (1.9.0)
[2.167s] -- Found OGRE: optimized;/usr/lib/x86_64-linux-gnu/libOgreMain.so;debug;/usr/lib/x86_64-linux-gnu/libOgreMain.so
[2.177s] -- Looking for OGRE_Paging...
[2.184s] -- Found OGRE_Paging: optimized;/usr/lib/x86_64-linux-gnu/libOgrePaging.so;debug;/usr/lib/x86_64-linux-gnu/libOgrePaging.so
[2.184s] -- Looking for OGRE_Terrain...
[2.191s] -- Found OGRE_Terrain: optimized;/usr/lib/x86_64-linux-gnu/libOgreTerrain.so;debug;/usr/lib/x86_64-linux-gnu/libOgreTerrain.so
[2.191s] -- Looking for OGRE_Property...
[2.199s] -- Found OGRE_Property: optimized;/usr/lib/x86_64-linux-gnu/libOgreProperty.so;debug;/usr/lib/x86_64-linux-gnu/libOgreProperty.so
[2.199s] -- Looking for OGRE_RTShaderSystem...
[2.206s] -- Found OGRE_RTShaderSystem: optimized;/usr/lib/x86_64-linux-gnu/libOgreRTShaderSystem.so;debug;/usr/lib/x86_64-linux-gnu/libOgreRTShaderSystem.so
[2.206s] -- Looking for OGRE_Volume...
[2.212s] -- Found OGRE_Volume: optimized;/usr/lib/x86_64-linux-gnu/libOgreVolume.so;debug;/usr/lib/x86_64-linux-gnu/libOgreVolume.so
[2.212s] -- Looking for OGRE_Overlay...
[2.218s] -- Found OGRE_Overlay: optimized;/usr/lib/x86_64-linux-gnu/libOgreOverlay.so;debug;/usr/lib/x86_64-linux-gnu/libOgreOverlay.so
[2.359s] -- Looking for ignition-math6 -- found version 6.15.1
[2.363s] -- Looking for ignition-transport8 -- found version 8.2.1
[2.363s] -- Searching for dependencies of ignition-transport8
[2.386s] -- Found Protobuf: /usr/lib/x86_64-linux-gnu/libprotobuf.so (found suitable version "3.12.4", minimum required is "3") 
[2.400s] -- Config-file not installed for ZeroMQ -- checking for pkg-config
[2.407s] -- Checking for module 'libzmq >= 4'
[2.429s] --   Found libzmq , version 4.3.4
[2.471s] -- Found ZeroMQ: TRUE (Required is at least version "4") 
[2.479s] -- Checking for module 'uuid'
[2.498s] --   Found uuid, version 2.37.2
[2.537s] -- Found UUID: TRUE  
[2.541s] -- Looking for ignition-msgs5 -- found version 5.8.1
[2.541s] -- Searching for dependencies of ignition-msgs5
[2.563s] -- Looking for ignition-math6 -- found version 6.15.1
[2.570s] -- Checking for module 'tinyxml2'
[2.585s] --   Found tinyxml2, version 9.0.0
[2.628s] -- Looking for ignition-msgs5 -- found version 5.8.1
[2.631s] -- Looking for ignition-common3 -- found version 3.14.0
[2.632s] -- Searching for dependencies of ignition-common3
[2.632s] -- Looking for dlfcn.h - found
[2.634s] -- Looking for libdl - found
[2.635s] -- Found DL: TRUE  
[2.650s] -- Found tinyobjloader: /usr/lib/x86_64-linux-gnu/cmake/tinyobjloader/tinyobjloader-config.cmake (found version "2.0.0") 
[2.651s] -- Searching for <ignition-common3> component [graphics]
[2.654s] -- Looking for ignition-common3-graphics -- found version 3.14.0
[2.654s] -- Searching for dependencies of ignition-common3-graphics
[2.655s] -- Looking for ignition-math6 -- found version 6.15.1
[2.659s] -- Looking for ignition-fuel_tools4 -- found version 4.4.0
[2.659s] -- Searching for dependencies of ignition-fuel_tools4
[2.760s] -- Found CURL: /usr/lib/x86_64-linux-gnu/libcurl.so (found version "7.81.0")  
[2.771s] -- Checking for module 'jsoncpp'
[2.787s] --   Found jsoncpp, version 1.9.5
[2.834s] -- Found JSONCPP: TRUE  
[2.844s] -- Checking for module 'libzip'
[2.863s] --   Found libzip, version 1.7.3
[2.916s] -- Found ZIP: TRUE  
[2.916s] -- Looking for ignition-common3 -- found version 3.14.0
[2.917s] -- Looking for ignition-math6 -- found version 6.15.1
[2.917s] -- Looking for ignition-msgs5 -- found version 5.8.1
[2.924s] -- Gazebo version: 11.10
[2.924s] -- Checking for module 'tbb'
[2.945s] --   Found tbb, version 2021.5.0
[2.998s] -- Found image_transport: 3.1.9 (/opt/ros/humble/share/image_transport/cmake)
[3.128s] -- Found camera_info_manager: 3.1.9 (/opt/ros/humble/share/camera_info_manager/cmake)
[3.168s] -- Found ament_lint_auto: 0.12.11 (/opt/ros/humble/share/ament_lint_auto/cmake)
[3.260s] -- Configuring done
[3.293s] -- Generating done
[3.299s] -- Build files have been written to: /home/soumyajit/Eyantra-CoBot-24/src/build/realsense_gazebo_plugin
[3.326s] Invoked command in '/home/soumyajit/Eyantra-CoBot-24/src/build/realsense_gazebo_plugin' returned '0': CMAKE_PREFIX_PATH=${CMAKE_PREFIX_PATH}:/home/soumyajit/Eyantra-CoBot-24/install/ur5_control:/opt/ros/humble /usr/bin/cmake /home/soumyajit/Eyantra-CoBot-24/src/realsense_gazebo_plugin -DCMAKE_INSTALL_PREFIX=/home/soumyajit/Eyantra-CoBot-24/src/install/realsense_gazebo_plugin
[3.328s] Invoking command in '/home/soumyajit/Eyantra-CoBot-24/src/build/realsense_gazebo_plugin': CMAKE_PREFIX_PATH=${CMAKE_PREFIX_PATH}:/home/soumyajit/Eyantra-CoBot-24/install/ur5_control:/opt/ros/humble /usr/bin/cmake --build /home/soumyajit/Eyantra-CoBot-24/src/build/realsense_gazebo_plugin -- -j12 -l12
[3.402s] [ 33%] [32mBuilding CXX object CMakeFiles/realsense_gazebo_plugin.dir/src/gazebo_ros_realsense.cpp.o[0m
[3.411s] [ 66%] [32mBuilding CXX object CMakeFiles/realsense_gazebo_plugin.dir/src/RealSensePlugin.cpp.o[0m
[29.254s] [100%] [32m[1mLinking CXX shared library librealsense_gazebo_plugin.so[0m
[30.172s] [100%] Built target realsense_gazebo_plugin
[30.183s] Invoked command in '/home/soumyajit/Eyantra-CoBot-24/src/build/realsense_gazebo_plugin' returned '0': CMAKE_PREFIX_PATH=${CMAKE_PREFIX_PATH}:/home/soumyajit/Eyantra-CoBot-24/install/ur5_control:/opt/ros/humble /usr/bin/cmake --build /home/soumyajit/Eyantra-CoBot-24/src/build/realsense_gazebo_plugin -- -j12 -l12
[30.216s] Invoking command in '/home/soumyajit/Eyantra-CoBot-24/src/build/realsense_gazebo_plugin': CMAKE_PREFIX_PATH=${CMAKE_PREFIX_PATH}:/home/soumyajit/Eyantra-CoBot-24/install/ur5_control:/opt/ros/humble /usr/bin/cmake --install /home/soumyajit/Eyantra-CoBot-24/src/build/realsense_gazebo_plugin
[30.224s] -- Install configuration: ""
[30.224s] -- Installing: /home/soumyajit/Eyantra-CoBot-24/src/install/realsense_gazebo_plugin/lib/librealsense_gazebo_plugin.so
[30.227s] -- Set runtime path of "/home/soumyajit/Eyantra-CoBot-24/src/install/realsense_gazebo_plugin/lib/librealsense_gazebo_plugin.so" to ""
[30.227s] -- Installing: /home/soumyajit/Eyantra-CoBot-24/src/install/realsense_gazebo_plugin/include/
[30.227s] -- Installing: /home/soumyajit/Eyantra-CoBot-24/src/install/realsense_gazebo_plugin/include//realsense_gazebo_plugin
[30.227s] -- Installing: /home/soumyajit/Eyantra-CoBot-24/src/install/realsense_gazebo_plugin/include//realsense_gazebo_plugin/gazebo_ros_realsense.h
[30.228s] -- Installing: /home/soumyajit/Eyantra-CoBot-24/src/install/realsense_gazebo_plugin/include//realsense_gazebo_plugin/RealSensePlugin.h
[30.228s] -- Installing: /home/soumyajit/Eyantra-CoBot-24/src/install/realsense_gazebo_plugin/share/realsense_gazebo_plugin/environment/library_path.sh
[30.228s] -- Installing: /home/soumyajit/Eyantra-CoBot-24/src/install/realsense_gazebo_plugin/share/realsense_gazebo_plugin/environment/library_path.dsv
[30.228s] -- Installing: /home/soumyajit/Eyantra-CoBot-24/src/install/realsense_gazebo_plugin/share/ament_index/resource_index/package_run_dependencies/realsense_gazebo_plugin
[30.228s] -- Installing: /home/soumyajit/Eyantra-CoBot-24/src/install/realsense_gazebo_plugin/share/ament_index/resource_index/parent_prefix_path/realsense_gazebo_plugin
[30.228s] -- Installing: /home/soumyajit/Eyantra-CoBot-24/src/install/realsense_gazebo_plugin/share/realsense_gazebo_plugin/environment/ament_prefix_path.sh
[30.228s] -- Installing: /home/soumyajit/Eyantra-CoBot-24/src/install/realsense_gazebo_plugin/share/realsense_gazebo_plugin/environment/ament_prefix_path.dsv
[30.228s] -- Installing: /home/soumyajit/Eyantra-CoBot-24/src/install/realsense_gazebo_plugin/share/realsense_gazebo_plugin/environment/path.sh
[30.228s] -- Installing: /home/soumyajit/Eyantra-CoBot-24/src/install/realsense_gazebo_plugin/share/realsense_gazebo_plugin/environment/path.dsv
[30.229s] -- Installing: /home/soumyajit/Eyantra-CoBot-24/src/install/realsense_gazebo_plugin/share/realsense_gazebo_plugin/local_setup.bash
[30.229s] -- Installing: /home/soumyajit/Eyantra-CoBot-24/src/install/realsense_gazebo_plugin/share/realsense_gazebo_plugin/local_setup.sh
[30.229s] -- Installing: /home/soumyajit/Eyantra-CoBot-24/src/install/realsense_gazebo_plugin/share/realsense_gazebo_plugin/local_setup.zsh
[30.229s] -- Installing: /home/soumyajit/Eyantra-CoBot-24/src/install/realsense_gazebo_plugin/share/realsense_gazebo_plugin/local_setup.dsv
[30.229s] -- Installing: /home/soumyajit/Eyantra-CoBot-24/src/install/realsense_gazebo_plugin/share/realsense_gazebo_plugin/package.dsv
[30.229s] -- Installing: /home/soumyajit/Eyantra-CoBot-24/src/install/realsense_gazebo_plugin/share/ament_index/resource_index/packages/realsense_gazebo_plugin
[30.229s] -- Installing: /home/soumyajit/Eyantra-CoBot-24/src/install/realsense_gazebo_plugin/share/realsense_gazebo_plugin/cmake/ament_cmake_export_include_directories-extras.cmake
[30.229s] -- Installing: /home/soumyajit/Eyantra-CoBot-24/src/install/realsense_gazebo_plugin/share/realsense_gazebo_plugin/cmake/ament_cmake_export_libraries-extras.cmake
[30.229s] -- Installing: /home/soumyajit/Eyantra-CoBot-24/src/install/realsense_gazebo_plugin/share/realsense_gazebo_plugin/cmake/realsense_gazebo_pluginConfig.cmake
[30.229s] -- Installing: /home/soumyajit/Eyantra-CoBot-24/src/install/realsense_gazebo_plugin/share/realsense_gazebo_plugin/cmake/realsense_gazebo_pluginConfig-version.cmake
[30.230s] -- Installing: /home/soumyajit/Eyantra-CoBot-24/src/install/realsense_gazebo_plugin/share/realsense_gazebo_plugin/package.xml
[30.231s] Invoked command in '/home/soumyajit/Eyantra-CoBot-24/src/build/realsense_gazebo_plugin' returned '0': CMAKE_PREFIX_PATH=${CMAKE_PREFIX_PATH}:/home/soumyajit/Eyantra-CoBot-24/install/ur5_control:/opt/ros/humble /usr/bin/cmake --install /home/soumyajit/Eyantra-CoBot-24/src/build/realsense_gazebo_plugin
