[0.013s] Invoking command in '/home/soumyajit/Eyantra-CoBot-24/src/build/ur_moveit_config': AMENT_PREFIX_PATH=/home/soumyajit/Eyantra-CoBot-24/src/install/ur_description:${AMENT_PREFIX_PATH} CMAKE_PREFIX_PATH=/home/soumyajit/Eyantra-CoBot-24/src/install/ur_description:/home/soumyajit/Eyantra-CoBot-24/install/ur_simulation_gazebo:/home/soumyajit/Eyantra-CoBot-24/install/ur_moveit_config:/home/soumyajit/Eyantra-CoBot-24/install/ur_description:/home/soumyajit/Eyantra-CoBot-24/install/realsense_gazebo_plugin:/home/soumyajit/Eyantra-CoBot-24/install/pymoveit2:/home/soumyajit/Eyantra-CoBot-24/install/linkattacher_msgs:/home/soumyajit/Eyantra-CoBot-24/install/eyantra_warehouse:/home/soumyajit/Eyantra-CoBot-24/install/ebot_nav2:/home/soumyajit/Eyantra-CoBot-24/install/ebot_description:/home/soumyajit/Eyantra-CoBot-24/install/ur5_control:/opt/ros/humble /usr/bin/cmake /home/soumyajit/Eyantra-CoBot-24/src/ur_moveit_config -DCMAKE_INSTALL_PREFIX=/home/soumyajit/Eyantra-CoBot-24/src/install/ur_moveit_config
[0.082s] -- The C compiler identification is GNU 11.4.0
[0.153s] -- The CXX compiler identification is GNU 11.4.0
[0.162s] -- Detecting C compiler ABI info
[0.233s] -- Detecting C compiler ABI info - done
[0.242s] -- Check for working C compiler: /usr/bin/cc - skipped
[0.242s] -- Detecting C compile features
[0.242s] -- Detecting C compile features - done
[0.245s] -- Detecting CXX compiler ABI info
[0.336s] -- Detecting CXX compiler ABI info - done
[0.343s] -- Check for working CXX compiler: /usr/bin/c++ - skipped
[0.343s] -- Detecting CXX compile features
[0.344s] -- Detecting CXX compile features - done
[0.347s] -- Found ament_cmake: 1.3.10 (/opt/ros/humble/share/ament_cmake/cmake)
[0.548s] -- Found Python3: /usr/bin/python3 (found version "3.10.12") found components: Interpreter 
[0.680s] -- Found ament_lint_auto: 0.12.11 (/opt/ros/humble/share/ament_lint_auto/cmake)
[0.772s] -- Configuring done
[0.774s] -- Generating done
[0.775s] -- Build files have been written to: /home/soumyajit/Eyantra-CoBot-24/src/build/ur_moveit_config
[0.782s] Invoked command in '/home/soumyajit/Eyantra-CoBot-24/src/build/ur_moveit_config' returned '0': AMENT_PREFIX_PATH=/home/soumyajit/Eyantra-CoBot-24/src/install/ur_description:${AMENT_PREFIX_PATH} CMAKE_PREFIX_PATH=/home/soumyajit/Eyantra-CoBot-24/src/install/ur_description:/home/soumyajit/Eyantra-CoBot-24/install/ur_simulation_gazebo:/home/soumyajit/Eyantra-CoBot-24/install/ur_moveit_config:/home/soumyajit/Eyantra-CoBot-24/install/ur_description:/home/soumyajit/Eyantra-CoBot-24/install/realsense_gazebo_plugin:/home/soumyajit/Eyantra-CoBot-24/install/pymoveit2:/home/soumyajit/Eyantra-CoBot-24/install/linkattacher_msgs:/home/soumyajit/Eyantra-CoBot-24/install/eyantra_warehouse:/home/soumyajit/Eyantra-CoBot-24/install/ebot_nav2:/home/soumyajit/Eyantra-CoBot-24/install/ebot_description:/home/soumyajit/Eyantra-CoBot-24/install/ur5_control:/opt/ros/humble /usr/bin/cmake /home/soumyajit/Eyantra-CoBot-24/src/ur_moveit_config -DCMAKE_INSTALL_PREFIX=/home/soumyajit/Eyantra-CoBot-24/src/install/ur_moveit_config
[0.783s] Invoking command in '/home/soumyajit/Eyantra-CoBot-24/src/build/ur_moveit_config': AMENT_PREFIX_PATH=/home/soumyajit/Eyantra-CoBot-24/src/install/ur_description:${AMENT_PREFIX_PATH} CMAKE_PREFIX_PATH=/home/soumyajit/Eyantra-CoBot-24/src/install/ur_description:/home/soumyajit/Eyantra-CoBot-24/install/ur_simulation_gazebo:/home/soumyajit/Eyantra-CoBot-24/install/ur_moveit_config:/home/soumyajit/Eyantra-CoBot-24/install/ur_description:/home/soumyajit/Eyantra-CoBot-24/install/realsense_gazebo_plugin:/home/soumyajit/Eyantra-CoBot-24/install/pymoveit2:/home/soumyajit/Eyantra-CoBot-24/install/linkattacher_msgs:/home/soumyajit/Eyantra-CoBot-24/install/eyantra_warehouse:/home/soumyajit/Eyantra-CoBot-24/install/ebot_nav2:/home/soumyajit/Eyantra-CoBot-24/install/ebot_description:/home/soumyajit/Eyantra-CoBot-24/install/ur5_control:/opt/ros/humble /usr/bin/cmake --build /home/soumyajit/Eyantra-CoBot-24/src/build/ur_moveit_config -- -j12 -l12
[0.836s] Invoked command in '/home/soumyajit/Eyantra-CoBot-24/src/build/ur_moveit_config' returned '0': AMENT_PREFIX_PATH=/home/soumyajit/Eyantra-CoBot-24/src/install/ur_description:${AMENT_PREFIX_PATH} CMAKE_PREFIX_PATH=/home/soumyajit/Eyantra-CoBot-24/src/install/ur_description:/home/soumyajit/Eyantra-CoBot-24/install/ur_simulation_gazebo:/home/soumyajit/Eyantra-CoBot-24/install/ur_moveit_config:/home/soumyajit/Eyantra-CoBot-24/install/ur_description:/home/soumyajit/Eyantra-CoBot-24/install/realsense_gazebo_plugin:/home/soumyajit/Eyantra-CoBot-24/install/pymoveit2:/home/soumyajit/Eyantra-CoBot-24/install/linkattacher_msgs:/home/soumyajit/Eyantra-CoBot-24/install/eyantra_warehouse:/home/soumyajit/Eyantra-CoBot-24/install/ebot_nav2:/home/soumyajit/Eyantra-CoBot-24/install/ebot_description:/home/soumyajit/Eyantra-CoBot-24/install/ur5_control:/opt/ros/humble /usr/bin/cmake --build /home/soumyajit/Eyantra-CoBot-24/src/build/ur_moveit_config -- -j12 -l12
[0.870s] Invoking command in '/home/soumyajit/Eyantra-CoBot-24/src/build/ur_moveit_config': AMENT_PREFIX_PATH=/home/soumyajit/Eyantra-CoBot-24/src/install/ur_description:${AMENT_PREFIX_PATH} CMAKE_PREFIX_PATH=/home/soumyajit/Eyantra-CoBot-24/src/install/ur_description:/home/soumyajit/Eyantra-CoBot-24/install/ur_simulation_gazebo:/home/soumyajit/Eyantra-CoBot-24/install/ur_moveit_config:/home/soumyajit/Eyantra-CoBot-24/install/ur_description:/home/soumyajit/Eyantra-CoBot-24/install/realsense_gazebo_plugin:/home/soumyajit/Eyantra-CoBot-24/install/pymoveit2:/home/soumyajit/Eyantra-CoBot-24/install/linkattacher_msgs:/home/soumyajit/Eyantra-CoBot-24/install/eyantra_warehouse:/home/soumyajit/Eyantra-CoBot-24/install/ebot_nav2:/home/soumyajit/Eyantra-CoBot-24/install/ebot_description:/home/soumyajit/Eyantra-CoBot-24/install/ur5_control:/opt/ros/humble /usr/bin/cmake --install /home/soumyajit/Eyantra-CoBot-24/src/build/ur_moveit_config
[0.880s] -- Install configuration: ""
[0.880s] -- Installing: /home/soumyajit/Eyantra-CoBot-24/src/install/ur_moveit_config/share/ur_moveit_config/config
[0.881s] -- Installing: /home/soumyajit/Eyantra-CoBot-24/src/install/ur_moveit_config/share/ur_moveit_config/config/ur_servo.yaml
[0.881s] -- Installing: /home/soumyajit/Eyantra-CoBot-24/src/install/ur_moveit_config/share/ur_moveit_config/config/kinematics.yaml
[0.881s] -- Installing: /home/soumyajit/Eyantra-CoBot-24/src/install/ur_moveit_config/share/ur_moveit_config/config/ompl_planning.yaml
[0.881s] -- Installing: /home/soumyajit/Eyantra-CoBot-24/src/install/ur_moveit_config/share/ur_moveit_config/config/controllers.yaml
[0.882s] -- Installing: /home/soumyajit/Eyantra-CoBot-24/src/install/ur_moveit_config/share/ur_moveit_config/launch
[0.882s] -- Installing: /home/soumyajit/Eyantra-CoBot-24/src/install/ur_moveit_config/share/ur_moveit_config/launch/ur_moveit.launch.py
[0.882s] -- Installing: /home/soumyajit/Eyantra-CoBot-24/src/install/ur_moveit_config/share/ur_moveit_config/rviz
[0.882s] -- Installing: /home/soumyajit/Eyantra-CoBot-24/src/install/ur_moveit_config/share/ur_moveit_config/rviz/view_robot.rviz
[0.882s] -- Installing: /home/soumyajit/Eyantra-CoBot-24/src/install/ur_moveit_config/share/ur_moveit_config/srdf
[0.882s] -- Installing: /home/soumyajit/Eyantra-CoBot-24/src/install/ur_moveit_config/share/ur_moveit_config/srdf/ur.srdf.xacro
[0.883s] -- Installing: /home/soumyajit/Eyantra-CoBot-24/src/install/ur_moveit_config/share/ur_moveit_config/srdf/ur_macro.srdf.xacro
[0.884s] -- Installing: /home/soumyajit/Eyantra-CoBot-24/src/install/ur_moveit_config/share/ament_index/resource_index/package_run_dependencies/ur_moveit_config
[0.884s] -- Installing: /home/soumyajit/Eyantra-CoBot-24/src/install/ur_moveit_config/share/ament_index/resource_index/parent_prefix_path/ur_moveit_config
[0.884s] -- Installing: /home/soumyajit/Eyantra-CoBot-24/src/install/ur_moveit_config/share/ur_moveit_config/environment/ament_prefix_path.sh
[0.884s] -- Installing: /home/soumyajit/Eyantra-CoBot-24/src/install/ur_moveit_config/share/ur_moveit_config/environment/ament_prefix_path.dsv
[0.884s] -- Installing: /home/soumyajit/Eyantra-CoBot-24/src/install/ur_moveit_config/share/ur_moveit_config/environment/path.sh
[0.887s] -- Installing: /home/soumyajit/Eyantra-CoBot-24/src/install/ur_moveit_config/share/ur_moveit_config/environment/path.dsv
[0.887s] -- Installing: /home/soumyajit/Eyantra-CoBot-24/src/install/ur_moveit_config/share/ur_moveit_config/local_setup.bash
[0.887s] -- Installing: /home/soumyajit/Eyantra-CoBot-24/src/install/ur_moveit_config/share/ur_moveit_config/local_setup.sh
[0.887s] -- Installing: /home/soumyajit/Eyantra-CoBot-24/src/install/ur_moveit_config/share/ur_moveit_config/local_setup.zsh
[0.887s] -- Installing: /home/soumyajit/Eyantra-CoBot-24/src/install/ur_moveit_config/share/ur_moveit_config/local_setup.dsv
[0.887s] -- Installing: /home/soumyajit/Eyantra-CoBot-24/src/install/ur_moveit_config/share/ur_moveit_config/package.dsv
[0.887s] -- Installing: /home/soumyajit/Eyantra-CoBot-24/src/install/ur_moveit_config/share/ament_index/resource_index/packages/ur_moveit_config
[0.887s] -- Installing: /home/soumyajit/Eyantra-CoBot-24/src/install/ur_moveit_config/share/ur_moveit_config/cmake/ur_moveit_configConfig.cmake
[0.887s] -- Installing: /home/soumyajit/Eyantra-CoBot-24/src/install/ur_moveit_config/share/ur_moveit_config/cmake/ur_moveit_configConfig-version.cmake
[0.888s] -- Installing: /home/soumyajit/Eyantra-CoBot-24/src/install/ur_moveit_config/share/ur_moveit_config/package.xml
[0.889s] Invoked command in '/home/soumyajit/Eyantra-CoBot-24/src/build/ur_moveit_config' returned '0': AMENT_PREFIX_PATH=/home/soumyajit/Eyantra-CoBot-24/src/install/ur_description:${AMENT_PREFIX_PATH} CMAKE_PREFIX_PATH=/home/soumyajit/Eyantra-CoBot-24/src/install/ur_description:/home/soumyajit/Eyantra-CoBot-24/install/ur_simulation_gazebo:/home/soumyajit/Eyantra-CoBot-24/install/ur_moveit_config:/home/soumyajit/Eyantra-CoBot-24/install/ur_description:/home/soumyajit/Eyantra-CoBot-24/install/realsense_gazebo_plugin:/home/soumyajit/Eyantra-CoBot-24/install/pymoveit2:/home/soumyajit/Eyantra-CoBot-24/install/linkattacher_msgs:/home/soumyajit/Eyantra-CoBot-24/install/eyantra_warehouse:/home/soumyajit/Eyantra-CoBot-24/install/ebot_nav2:/home/soumyajit/Eyantra-CoBot-24/install/ebot_description:/home/soumyajit/Eyantra-CoBot-24/install/ur5_control:/opt/ros/humble /usr/bin/cmake --install /home/soumyajit/Eyantra-CoBot-24/src/build/ur_moveit_config
