[0.036s] Invoking command in '/home/soumyajit/Eyantra-CoBot-24/src/build/linkattacher_msgs': CMAKE_PREFIX_PATH=${CMAKE_PREFIX_PATH}:/home/soumyajit/Eyantra-CoBot-24/install/ur5_control:/opt/ros/humble /usr/bin/cmake /home/soumyajit/Eyantra-CoBot-24/src/linkattacher_msgs -DCMAKE_INSTALL_PREFIX=/home/soumyajit/Eyantra-CoBot-24/src/install/linkattacher_msgs
[0.164s] -- The C compiler identification is GNU 11.4.0
[0.273s] -- The CXX compiler identification is GNU 11.4.0
[0.297s] -- Detecting C compiler ABI info
[0.398s] -- Detecting C compiler ABI info - done
[0.408s] -- Check for working C compiler: /usr/bin/cc - skipped
[0.410s] -- Detecting C compile features
[0.410s] -- Detecting C compile features - done
[0.412s] -- Detecting CXX compiler ABI info
[0.540s] -- Detecting CXX compiler ABI info - done
[0.549s] -- Check for working CXX compiler: /usr/bin/c++ - skipped
[0.550s] -- Detecting CXX compile features
[0.550s] -- Detecting CXX compile features - done
[0.553s] -- Found ament_cmake: 1.3.10 (/opt/ros/humble/share/ament_cmake/cmake)
[0.789s] -- Found Python3: /usr/bin/python3 (found version "3.10.12") found components: Interpreter 
[0.936s] -- Found ament_lint_auto: 0.12.11 (/opt/ros/humble/share/ament_lint_auto/cmake)
[1.089s] -- Found rosidl_default_generators: 1.2.0 (/opt/ros/humble/share/rosidl_default_generators/cmake)
[1.100s] -- Using all available rosidl_typesupport_c: rosidl_typesupport_fastrtps_c;rosidl_typesupport_introspection_c
[1.113s] -- Found rosidl_adapter: 3.1.5 (/opt/ros/humble/share/rosidl_adapter/cmake)
[1.181s] -- Using all available rosidl_typesupport_cpp: rosidl_typesupport_fastrtps_cpp;rosidl_typesupport_introspection_cpp
[1.562s] -- Found ament_cmake_ros: 0.10.0 (/opt/ros/humble/share/ament_cmake_ros/cmake)
[1.840s] -- Using all available rosidl_typesupport_c: rosidl_typesupport_fastrtps_c;rosidl_typesupport_introspection_c
[2.141s] -- Using all available rosidl_typesupport_cpp: rosidl_typesupport_fastrtps_cpp;rosidl_typesupport_introspection_cpp
[2.169s] -- Found PythonInterp: /usr/bin/python3 (found suitable version "3.10.12", minimum required is "3.6") 
[2.172s] -- Found python_cmake_module: 0.10.0 (/opt/ros/humble/share/python_cmake_module/cmake)
[2.201s] -- Found PythonLibs: /usr/lib/x86_64-linux-gnu/libpython3.10.so (found suitable version "3.10.12", minimum required is "3.5") 
[2.202s] -- Using PYTHON_EXECUTABLE: /usr/bin/python3
[2.202s] -- Using PYTHON_INCLUDE_DIRS: /usr/include/python3.10
[2.202s] -- Using PYTHON_LIBRARIES: /usr/lib/x86_64-linux-gnu/libpython3.10.so
[2.225s] -- Found PythonExtra: .so  
[2.272s] -- Added test 'copyright' to check source files copyright and LICENSE
[2.273s] -- Added test 'lint_cmake' to check CMake code style
[2.274s] -- Added test 'xmllint' to check XML markup files
[2.282s] -- Configuring done
[2.320s] -- Generating done
[2.324s] -- Build files have been written to: /home/soumyajit/Eyantra-CoBot-24/src/build/linkattacher_msgs
[2.333s] Invoked command in '/home/soumyajit/Eyantra-CoBot-24/src/build/linkattacher_msgs' returned '0': CMAKE_PREFIX_PATH=${CMAKE_PREFIX_PATH}:/home/soumyajit/Eyantra-CoBot-24/install/ur5_control:/opt/ros/humble /usr/bin/cmake /home/soumyajit/Eyantra-CoBot-24/src/linkattacher_msgs -DCMAKE_INSTALL_PREFIX=/home/soumyajit/Eyantra-CoBot-24/src/install/linkattacher_msgs
[2.334s] Invoking command in '/home/soumyajit/Eyantra-CoBot-24/src/build/linkattacher_msgs': CMAKE_PREFIX_PATH=${CMAKE_PREFIX_PATH}:/home/soumyajit/Eyantra-CoBot-24/install/ur5_control:/opt/ros/humble /usr/bin/cmake --build /home/soumyajit/Eyantra-CoBot-24/src/build/linkattacher_msgs -- -j12 -l12
[2.375s] [  2%] [34m[1mGenerating C code for ROS interfaces[0m
[2.389s] [  5%] [34m[1mGenerating C++ code for ROS interfaces[0m
[2.396s] [  5%] Built target ament_cmake_python_copy_linkattacher_msgs
[2.719s] running egg_info
[2.720s] creating linkattacher_msgs.egg-info
[2.720s] writing linkattacher_msgs.egg-info/PKG-INFO
[2.721s] writing dependency_links to linkattacher_msgs.egg-info/dependency_links.txt
[2.721s] writing top-level names to linkattacher_msgs.egg-info/top_level.txt
[2.721s] writing manifest file 'linkattacher_msgs.egg-info/SOURCES.txt'
[2.723s] reading manifest file 'linkattacher_msgs.egg-info/SOURCES.txt'
[2.723s] writing manifest file 'linkattacher_msgs.egg-info/SOURCES.txt'
[2.758s] [  5%] Built target ament_cmake_python_build_linkattacher_msgs_egg
[2.877s] [  7%] [32mBuilding C object CMakeFiles/linkattacher_msgs__rosidl_generator_c.dir/rosidl_generator_c/linkattacher_msgs/srv/detail/detach_link__functions.c.o[0m
[2.879s] [ 10%] [32mBuilding C object CMakeFiles/linkattacher_msgs__rosidl_generator_c.dir/rosidl_generator_c/linkattacher_msgs/srv/detail/attach_link__functions.c.o[0m
[2.925s] [ 10%] Built target linkattacher_msgs__cpp
[2.936s] [ 12%] [34m[1mGenerating C++ type support for eProsima Fast-RTPS[0m
[2.936s] [ 15%] [34m[1mGenerating C++ introspection for ROS interfaces[0m
[2.939s] [ 17%] [34m[1mGenerating C++ type support dispatch for ROS interfaces[0m
[2.972s] [ 20%] [32m[1mLinking C shared library liblinkattacher_msgs__rosidl_generator_c.so[0m
[3.014s] [ 20%] Built target linkattacher_msgs__rosidl_generator_c
[3.028s] [ 23%] [34m[1mGenerating C type support dispatch for ROS interfaces[0m
[3.028s] [ 25%] [34m[1mGenerating C introspection for ROS interfaces[0m
[3.028s] [ 28%] [34m[1mGenerating C type support for eProsima Fast-RTPS[0m
[3.501s] [ 30%] [32mBuilding CXX object CMakeFiles/linkattacher_msgs__rosidl_typesupport_fastrtps_cpp.dir/rosidl_typesupport_fastrtps_cpp/linkattacher_msgs/srv/detail/dds_fastrtps/attach_link__type_support.cpp.o[0m
[3.505s] [ 33%] [32mBuilding CXX object CMakeFiles/linkattacher_msgs__rosidl_typesupport_fastrtps_cpp.dir/rosidl_typesupport_fastrtps_cpp/linkattacher_msgs/srv/detail/dds_fastrtps/detach_link__type_support.cpp.o[0m
[3.521s] [ 35%] [32mBuilding CXX object CMakeFiles/linkattacher_msgs__rosidl_typesupport_introspection_cpp.dir/rosidl_typesupport_introspection_cpp/linkattacher_msgs/srv/detail/attach_link__type_support.cpp.o[0m
[3.523s] [ 38%] [32mBuilding CXX object CMakeFiles/linkattacher_msgs__rosidl_typesupport_introspection_cpp.dir/rosidl_typesupport_introspection_cpp/linkattacher_msgs/srv/detail/detach_link__type_support.cpp.o[0m
[3.541s] [ 41%] [32mBuilding CXX object CMakeFiles/linkattacher_msgs__rosidl_typesupport_cpp.dir/rosidl_typesupport_cpp/linkattacher_msgs/srv/attach_link__type_support.cpp.o[0m
[3.543s] [ 46%] [32mBuilding CXX object CMakeFiles/linkattacher_msgs__rosidl_typesupport_c.dir/rosidl_typesupport_c/linkattacher_msgs/srv/attach_link__type_support.cpp.o[0m
[3.544s] [ 46%] [32mBuilding CXX object CMakeFiles/linkattacher_msgs__rosidl_typesupport_cpp.dir/rosidl_typesupport_cpp/linkattacher_msgs/srv/detach_link__type_support.cpp.o[0m
[3.548s] [ 48%] [32mBuilding CXX object CMakeFiles/linkattacher_msgs__rosidl_typesupport_c.dir/rosidl_typesupport_c/linkattacher_msgs/srv/detach_link__type_support.cpp.o[0m
[3.625s] [ 51%] [32m[1mLinking CXX shared library liblinkattacher_msgs__rosidl_typesupport_c.so[0m
[3.657s] [ 53%] [32mBuilding C object CMakeFiles/linkattacher_msgs__rosidl_typesupport_introspection_c.dir/rosidl_typesupport_introspection_c/linkattacher_msgs/srv/detail/attach_link__type_support.c.o[0m
[3.671s] [ 56%] [32mBuilding C object CMakeFiles/linkattacher_msgs__rosidl_typesupport_introspection_c.dir/rosidl_typesupport_introspection_c/linkattacher_msgs/srv/detail/detach_link__type_support.c.o[0m
[3.686s] [ 56%] Built target linkattacher_msgs__rosidl_typesupport_c
[3.734s] [ 58%] [32mBuilding CXX object CMakeFiles/linkattacher_msgs__rosidl_typesupport_fastrtps_c.dir/rosidl_typesupport_fastrtps_c/linkattacher_msgs/srv/detail/attach_link__type_support_c.cpp.o[0m
[3.743s] [ 61%] [32mBuilding CXX object CMakeFiles/linkattacher_msgs__rosidl_typesupport_fastrtps_c.dir/rosidl_typesupport_fastrtps_c/linkattacher_msgs/srv/detail/detach_link__type_support_c.cpp.o[0m
[3.750s] [ 64%] [32m[1mLinking C shared library liblinkattacher_msgs__rosidl_typesupport_introspection_c.so[0m
[3.805s] [ 64%] Built target linkattacher_msgs__rosidl_typesupport_introspection_c
[4.017s] [ 66%] [32m[1mLinking CXX shared library liblinkattacher_msgs__rosidl_typesupport_cpp.so[0m
[4.105s] [ 66%] Built target linkattacher_msgs__rosidl_typesupport_cpp
[4.213s] [ 69%] [32m[1mLinking CXX shared library liblinkattacher_msgs__rosidl_typesupport_fastrtps_cpp.so[0m
[4.254s] [ 71%] [32m[1mLinking CXX shared library liblinkattacher_msgs__rosidl_typesupport_introspection_cpp.so[0m
[4.349s] [ 71%] Built target linkattacher_msgs__rosidl_typesupport_fastrtps_cpp
[4.354s] [ 74%] [32m[1mLinking CXX shared library liblinkattacher_msgs__rosidl_typesupport_fastrtps_c.so[0m
[4.355s] [ 74%] Built target linkattacher_msgs__rosidl_typesupport_introspection_cpp
[4.436s] [ 74%] Built target linkattacher_msgs__rosidl_typesupport_fastrtps_c
[4.456s] [ 74%] Built target linkattacher_msgs
[4.480s] [ 76%] [34m[1mGenerating Python code for ROS interfaces[0m
[5.180s] [ 76%] Built target linkattacher_msgs__py
[5.201s] [ 82%] [32mBuilding C object CMakeFiles/linkattacher_msgs__rosidl_generator_py.dir/rosidl_generator_py/linkattacher_msgs/srv/_detach_link_s.c.o[0m
[5.201s] [ 82%] [32mBuilding C object CMakeFiles/linkattacher_msgs__rosidl_generator_py.dir/rosidl_generator_py/linkattacher_msgs/srv/_attach_link_s.c.o[0m
[5.344s] [ 84%] [32m[1mLinking C shared library rosidl_generator_py/linkattacher_msgs/liblinkattacher_msgs__rosidl_generator_py.so[0m
[5.389s] [ 84%] Built target linkattacher_msgs__rosidl_generator_py
[5.411s] [ 87%] [32mBuilding C object CMakeFiles/linkattacher_msgs__rosidl_typesupport_fastrtps_c__pyext.dir/rosidl_generator_py/linkattacher_msgs/_linkattacher_msgs_s.ep.rosidl_typesupport_fastrtps_c.c.o[0m
[5.416s] [ 89%] [32mBuilding C object CMakeFiles/linkattacher_msgs__rosidl_typesupport_c__pyext.dir/rosidl_generator_py/linkattacher_msgs/_linkattacher_msgs_s.ep.rosidl_typesupport_c.c.o[0m
[5.418s] [ 92%] [32mBuilding C object CMakeFiles/linkattacher_msgs__rosidl_typesupport_introspection_c__pyext.dir/rosidl_generator_py/linkattacher_msgs/_linkattacher_msgs_s.ep.rosidl_typesupport_introspection_c.c.o[0m
[5.527s] [ 94%] [32m[1mLinking C shared library rosidl_generator_py/linkattacher_msgs/linkattacher_msgs_s__rosidl_typesupport_introspection_c.cpython-310-x86_64-linux-gnu.so[0m
[5.531s] [ 97%] [32m[1mLinking C shared library rosidl_generator_py/linkattacher_msgs/linkattacher_msgs_s__rosidl_typesupport_c.cpython-310-x86_64-linux-gnu.so[0m
[5.531s] [100%] [32m[1mLinking C shared library rosidl_generator_py/linkattacher_msgs/linkattacher_msgs_s__rosidl_typesupport_fastrtps_c.cpython-310-x86_64-linux-gnu.so[0m
[5.568s] [100%] Built target linkattacher_msgs__rosidl_typesupport_introspection_c__pyext
[5.569s] [100%] Built target linkattacher_msgs__rosidl_typesupport_fastrtps_c__pyext
[5.574s] [100%] Built target linkattacher_msgs__rosidl_typesupport_c__pyext
[5.587s] Invoked command in '/home/soumyajit/Eyantra-CoBot-24/src/build/linkattacher_msgs' returned '0': CMAKE_PREFIX_PATH=${CMAKE_PREFIX_PATH}:/home/soumyajit/Eyantra-CoBot-24/install/ur5_control:/opt/ros/humble /usr/bin/cmake --build /home/soumyajit/Eyantra-CoBot-24/src/build/linkattacher_msgs -- -j12 -l12
[5.680s] Invoking command in '/home/soumyajit/Eyantra-CoBot-24/src/build/linkattacher_msgs': CMAKE_PREFIX_PATH=${CMAKE_PREFIX_PATH}:/home/soumyajit/Eyantra-CoBot-24/install/ur5_control:/opt/ros/humble /usr/bin/cmake --install /home/soumyajit/Eyantra-CoBot-24/src/build/linkattacher_msgs
[5.690s] -- Install configuration: ""
[5.690s] -- Installing: /home/soumyajit/Eyantra-CoBot-24/src/install/linkattacher_msgs/share/linkattacher_msgs/srv
[5.691s] -- Installing: /home/soumyajit/Eyantra-CoBot-24/src/install/linkattacher_msgs/share/linkattacher_msgs/srv/AttachLink.srv
[5.691s] -- Installing: /home/soumyajit/Eyantra-CoBot-24/src/install/linkattacher_msgs/share/linkattacher_msgs/srv/DetachLink.srv
[5.691s] -- Installing: /home/soumyajit/Eyantra-CoBot-24/src/install/linkattacher_msgs/share/ament_index/resource_index/rosidl_interfaces/linkattacher_msgs
[5.691s] -- Installing: /home/soumyajit/Eyantra-CoBot-24/src/install/linkattacher_msgs/include/linkattacher_msgs/linkattacher_msgs
[5.691s] -- Installing: /home/soumyajit/Eyantra-CoBot-24/src/install/linkattacher_msgs/include/linkattacher_msgs/linkattacher_msgs/msg
[5.691s] -- Installing: /home/soumyajit/Eyantra-CoBot-24/src/install/linkattacher_msgs/include/linkattacher_msgs/linkattacher_msgs/msg/rosidl_generator_c__visibility_control.h
[5.691s] -- Installing: /home/soumyajit/Eyantra-CoBot-24/src/install/linkattacher_msgs/include/linkattacher_msgs/linkattacher_msgs/srv
[5.691s] -- Installing: /home/soumyajit/Eyantra-CoBot-24/src/install/linkattacher_msgs/include/linkattacher_msgs/linkattacher_msgs/srv/detach_link.h
[5.692s] -- Installing: /home/soumyajit/Eyantra-CoBot-24/src/install/linkattacher_msgs/include/linkattacher_msgs/linkattacher_msgs/srv/attach_link.h
[5.692s] -- Installing: /home/soumyajit/Eyantra-CoBot-24/src/install/linkattacher_msgs/include/linkattacher_msgs/linkattacher_msgs/srv/detail
[5.692s] -- Installing: /home/soumyajit/Eyantra-CoBot-24/src/install/linkattacher_msgs/include/linkattacher_msgs/linkattacher_msgs/srv/detail/attach_link__functions.h
[5.692s] -- Installing: /home/soumyajit/Eyantra-CoBot-24/src/install/linkattacher_msgs/include/linkattacher_msgs/linkattacher_msgs/srv/detail/detach_link__functions.h
[5.692s] -- Installing: /home/soumyajit/Eyantra-CoBot-24/src/install/linkattacher_msgs/include/linkattacher_msgs/linkattacher_msgs/srv/detail/attach_link__struct.h
[5.692s] -- Installing: /home/soumyajit/Eyantra-CoBot-24/src/install/linkattacher_msgs/include/linkattacher_msgs/linkattacher_msgs/srv/detail/detach_link__functions.c
[5.692s] -- Installing: /home/soumyajit/Eyantra-CoBot-24/src/install/linkattacher_msgs/include/linkattacher_msgs/linkattacher_msgs/srv/detail/attach_link__functions.c
[5.693s] -- Installing: /home/soumyajit/Eyantra-CoBot-24/src/install/linkattacher_msgs/include/linkattacher_msgs/linkattacher_msgs/srv/detail/detach_link__struct.h
[5.693s] -- Installing: /home/soumyajit/Eyantra-CoBot-24/src/install/linkattacher_msgs/include/linkattacher_msgs/linkattacher_msgs/srv/detail/detach_link__type_support.h
[5.693s] -- Installing: /home/soumyajit/Eyantra-CoBot-24/src/install/linkattacher_msgs/include/linkattacher_msgs/linkattacher_msgs/srv/detail/attach_link__type_support.h
[5.693s] -- Installing: /home/soumyajit/Eyantra-CoBot-24/src/install/linkattacher_msgs/share/linkattacher_msgs/environment/library_path.sh
[5.693s] -- Installing: /home/soumyajit/Eyantra-CoBot-24/src/install/linkattacher_msgs/share/linkattacher_msgs/environment/library_path.dsv
[5.694s] -- Installing: /home/soumyajit/Eyantra-CoBot-24/src/install/linkattacher_msgs/lib/liblinkattacher_msgs__rosidl_generator_c.so
[5.694s] -- Set runtime path of "/home/soumyajit/Eyantra-CoBot-24/src/install/linkattacher_msgs/lib/liblinkattacher_msgs__rosidl_generator_c.so" to ""
[5.694s] -- Up-to-date: /home/soumyajit/Eyantra-CoBot-24/src/install/linkattacher_msgs/include/linkattacher_msgs/linkattacher_msgs
[5.694s] -- Up-to-date: /home/soumyajit/Eyantra-CoBot-24/src/install/linkattacher_msgs/include/linkattacher_msgs/linkattacher_msgs/msg
[5.694s] -- Installing: /home/soumyajit/Eyantra-CoBot-24/src/install/linkattacher_msgs/include/linkattacher_msgs/linkattacher_msgs/msg/rosidl_typesupport_fastrtps_c__visibility_control.h
[5.694s] -- Up-to-date: /home/soumyajit/Eyantra-CoBot-24/src/install/linkattacher_msgs/include/linkattacher_msgs/linkattacher_msgs/srv
[5.694s] -- Up-to-date: /home/soumyajit/Eyantra-CoBot-24/src/install/linkattacher_msgs/include/linkattacher_msgs/linkattacher_msgs/srv/detail
[5.694s] -- Installing: /home/soumyajit/Eyantra-CoBot-24/src/install/linkattacher_msgs/include/linkattacher_msgs/linkattacher_msgs/srv/detail/attach_link__rosidl_typesupport_fastrtps_c.h
[5.695s] -- Installing: /home/soumyajit/Eyantra-CoBot-24/src/install/linkattacher_msgs/include/linkattacher_msgs/linkattacher_msgs/srv/detail/detach_link__rosidl_typesupport_fastrtps_c.h
[5.695s] -- Installing: /home/soumyajit/Eyantra-CoBot-24/src/install/linkattacher_msgs/lib/liblinkattacher_msgs__rosidl_typesupport_fastrtps_c.so
[5.695s] -- Set runtime path of "/home/soumyajit/Eyantra-CoBot-24/src/install/linkattacher_msgs/lib/liblinkattacher_msgs__rosidl_typesupport_fastrtps_c.so" to ""
[5.695s] -- Up-to-date: /home/soumyajit/Eyantra-CoBot-24/src/install/linkattacher_msgs/include/linkattacher_msgs/linkattacher_msgs
[5.695s] -- Up-to-date: /home/soumyajit/Eyantra-CoBot-24/src/install/linkattacher_msgs/include/linkattacher_msgs/linkattacher_msgs/msg
[5.695s] -- Installing: /home/soumyajit/Eyantra-CoBot-24/src/install/linkattacher_msgs/include/linkattacher_msgs/linkattacher_msgs/msg/rosidl_typesupport_introspection_c__visibility_control.h
[5.695s] -- Up-to-date: /home/soumyajit/Eyantra-CoBot-24/src/install/linkattacher_msgs/include/linkattacher_msgs/linkattacher_msgs/srv
[5.696s] -- Up-to-date: /home/soumyajit/Eyantra-CoBot-24/src/install/linkattacher_msgs/include/linkattacher_msgs/linkattacher_msgs/srv/detail
[5.696s] -- Installing: /home/soumyajit/Eyantra-CoBot-24/src/install/linkattacher_msgs/include/linkattacher_msgs/linkattacher_msgs/srv/detail/detach_link__type_support.c
[5.696s] -- Installing: /home/soumyajit/Eyantra-CoBot-24/src/install/linkattacher_msgs/include/linkattacher_msgs/linkattacher_msgs/srv/detail/detach_link__rosidl_typesupport_introspection_c.h
[5.696s] -- Installing: /home/soumyajit/Eyantra-CoBot-24/src/install/linkattacher_msgs/include/linkattacher_msgs/linkattacher_msgs/srv/detail/attach_link__rosidl_typesupport_introspection_c.h
[5.696s] -- Installing: /home/soumyajit/Eyantra-CoBot-24/src/install/linkattacher_msgs/include/linkattacher_msgs/linkattacher_msgs/srv/detail/attach_link__type_support.c
[5.696s] -- Installing: /home/soumyajit/Eyantra-CoBot-24/src/install/linkattacher_msgs/lib/liblinkattacher_msgs__rosidl_typesupport_introspection_c.so
[5.696s] -- Set runtime path of "/home/soumyajit/Eyantra-CoBot-24/src/install/linkattacher_msgs/lib/liblinkattacher_msgs__rosidl_typesupport_introspection_c.so" to ""
[5.696s] -- Installing: /home/soumyajit/Eyantra-CoBot-24/src/install/linkattacher_msgs/lib/liblinkattacher_msgs__rosidl_typesupport_c.so
[5.696s] -- Set runtime path of "/home/soumyajit/Eyantra-CoBot-24/src/install/linkattacher_msgs/lib/liblinkattacher_msgs__rosidl_typesupport_c.so" to ""
[5.696s] -- Up-to-date: /home/soumyajit/Eyantra-CoBot-24/src/install/linkattacher_msgs/include/linkattacher_msgs/linkattacher_msgs
[5.696s] -- Up-to-date: /home/soumyajit/Eyantra-CoBot-24/src/install/linkattacher_msgs/include/linkattacher_msgs/linkattacher_msgs/srv
[5.697s] -- Installing: /home/soumyajit/Eyantra-CoBot-24/src/install/linkattacher_msgs/include/linkattacher_msgs/linkattacher_msgs/srv/attach_link.hpp
[5.697s] -- Installing: /home/soumyajit/Eyantra-CoBot-24/src/install/linkattacher_msgs/include/linkattacher_msgs/linkattacher_msgs/srv/detach_link.hpp
[5.697s] -- Up-to-date: /home/soumyajit/Eyantra-CoBot-24/src/install/linkattacher_msgs/include/linkattacher_msgs/linkattacher_msgs/srv/detail
[5.697s] -- Installing: /home/soumyajit/Eyantra-CoBot-24/src/install/linkattacher_msgs/include/linkattacher_msgs/linkattacher_msgs/srv/detail/attach_link__traits.hpp
[5.697s] -- Installing: /home/soumyajit/Eyantra-CoBot-24/src/install/linkattacher_msgs/include/linkattacher_msgs/linkattacher_msgs/srv/detail/detach_link__traits.hpp
[5.697s] -- Installing: /home/soumyajit/Eyantra-CoBot-24/src/install/linkattacher_msgs/include/linkattacher_msgs/linkattacher_msgs/srv/detail/detach_link__struct.hpp
[5.698s] -- Installing: /home/soumyajit/Eyantra-CoBot-24/src/install/linkattacher_msgs/include/linkattacher_msgs/linkattacher_msgs/srv/detail/detach_link__builder.hpp
[5.698s] -- Installing: /home/soumyajit/Eyantra-CoBot-24/src/install/linkattacher_msgs/include/linkattacher_msgs/linkattacher_msgs/srv/detail/attach_link__struct.hpp
[5.698s] -- Installing: /home/soumyajit/Eyantra-CoBot-24/src/install/linkattacher_msgs/include/linkattacher_msgs/linkattacher_msgs/srv/detail/attach_link__builder.hpp
[5.698s] -- Up-to-date: /home/soumyajit/Eyantra-CoBot-24/src/install/linkattacher_msgs/include/linkattacher_msgs/linkattacher_msgs
[5.698s] -- Up-to-date: /home/soumyajit/Eyantra-CoBot-24/src/install/linkattacher_msgs/include/linkattacher_msgs/linkattacher_msgs/msg
[5.698s] -- Installing: /home/soumyajit/Eyantra-CoBot-24/src/install/linkattacher_msgs/include/linkattacher_msgs/linkattacher_msgs/msg/rosidl_typesupport_fastrtps_cpp__visibility_control.h
[5.698s] -- Up-to-date: /home/soumyajit/Eyantra-CoBot-24/src/install/linkattacher_msgs/include/linkattacher_msgs/linkattacher_msgs/srv
[5.699s] -- Up-to-date: /home/soumyajit/Eyantra-CoBot-24/src/install/linkattacher_msgs/include/linkattacher_msgs/linkattacher_msgs/srv/detail
[5.699s] -- Installing: /home/soumyajit/Eyantra-CoBot-24/src/install/linkattacher_msgs/include/linkattacher_msgs/linkattacher_msgs/srv/detail/detach_link__rosidl_typesupport_fastrtps_cpp.hpp
[5.699s] -- Installing: /home/soumyajit/Eyantra-CoBot-24/src/install/linkattacher_msgs/include/linkattacher_msgs/linkattacher_msgs/srv/detail/dds_fastrtps
[5.699s] -- Installing: /home/soumyajit/Eyantra-CoBot-24/src/install/linkattacher_msgs/include/linkattacher_msgs/linkattacher_msgs/srv/detail/attach_link__rosidl_typesupport_fastrtps_cpp.hpp
[5.699s] -- Installing: /home/soumyajit/Eyantra-CoBot-24/src/install/linkattacher_msgs/lib/liblinkattacher_msgs__rosidl_typesupport_fastrtps_cpp.so
[5.699s] -- Set runtime path of "/home/soumyajit/Eyantra-CoBot-24/src/install/linkattacher_msgs/lib/liblinkattacher_msgs__rosidl_typesupport_fastrtps_cpp.so" to ""
[5.699s] -- Up-to-date: /home/soumyajit/Eyantra-CoBot-24/src/install/linkattacher_msgs/include/linkattacher_msgs/linkattacher_msgs
[5.699s] -- Up-to-date: /home/soumyajit/Eyantra-CoBot-24/src/install/linkattacher_msgs/include/linkattacher_msgs/linkattacher_msgs/srv
[5.699s] -- Up-to-date: /home/soumyajit/Eyantra-CoBot-24/src/install/linkattacher_msgs/include/linkattacher_msgs/linkattacher_msgs/srv/detail
[5.699s] -- Installing: /home/soumyajit/Eyantra-CoBot-24/src/install/linkattacher_msgs/include/linkattacher_msgs/linkattacher_msgs/srv/detail/attach_link__rosidl_typesupport_introspection_cpp.hpp
[5.699s] -- Installing: /home/soumyajit/Eyantra-CoBot-24/src/install/linkattacher_msgs/include/linkattacher_msgs/linkattacher_msgs/srv/detail/detach_link__type_support.cpp
[5.699s] -- Installing: /home/soumyajit/Eyantra-CoBot-24/src/install/linkattacher_msgs/include/linkattacher_msgs/linkattacher_msgs/srv/detail/detach_link__rosidl_typesupport_introspection_cpp.hpp
[5.699s] -- Installing: /home/soumyajit/Eyantra-CoBot-24/src/install/linkattacher_msgs/include/linkattacher_msgs/linkattacher_msgs/srv/detail/attach_link__type_support.cpp
[5.699s] -- Installing: /home/soumyajit/Eyantra-CoBot-24/src/install/linkattacher_msgs/lib/liblinkattacher_msgs__rosidl_typesupport_introspection_cpp.so
[5.699s] -- Set runtime path of "/home/soumyajit/Eyantra-CoBot-24/src/install/linkattacher_msgs/lib/liblinkattacher_msgs__rosidl_typesupport_introspection_cpp.so" to ""
[5.699s] -- Installing: /home/soumyajit/Eyantra-CoBot-24/src/install/linkattacher_msgs/lib/liblinkattacher_msgs__rosidl_typesupport_cpp.so
[5.699s] -- Set runtime path of "/home/soumyajit/Eyantra-CoBot-24/src/install/linkattacher_msgs/lib/liblinkattacher_msgs__rosidl_typesupport_cpp.so" to ""
[5.699s] -- Installing: /home/soumyajit/Eyantra-CoBot-24/src/install/linkattacher_msgs/share/linkattacher_msgs/environment/pythonpath.sh
[5.700s] -- Installing: /home/soumyajit/Eyantra-CoBot-24/src/install/linkattacher_msgs/share/linkattacher_msgs/environment/pythonpath.dsv
[5.700s] -- Installing: /home/soumyajit/Eyantra-CoBot-24/src/install/linkattacher_msgs/local/lib/python3.10/dist-packages/linkattacher_msgs-0.0.0-py3.10.egg-info
[5.700s] -- Installing: /home/soumyajit/Eyantra-CoBot-24/src/install/linkattacher_msgs/local/lib/python3.10/dist-packages/linkattacher_msgs-0.0.0-py3.10.egg-info/SOURCES.txt
[5.700s] -- Installing: /home/soumyajit/Eyantra-CoBot-24/src/install/linkattacher_msgs/local/lib/python3.10/dist-packages/linkattacher_msgs-0.0.0-py3.10.egg-info/PKG-INFO
[5.700s] -- Installing: /home/soumyajit/Eyantra-CoBot-24/src/install/linkattacher_msgs/local/lib/python3.10/dist-packages/linkattacher_msgs-0.0.0-py3.10.egg-info/top_level.txt
[5.700s] -- Installing: /home/soumyajit/Eyantra-CoBot-24/src/install/linkattacher_msgs/local/lib/python3.10/dist-packages/linkattacher_msgs-0.0.0-py3.10.egg-info/dependency_links.txt
[5.700s] -- Installing: /home/soumyajit/Eyantra-CoBot-24/src/install/linkattacher_msgs/local/lib/python3.10/dist-packages/linkattacher_msgs
[5.700s] -- Installing: /home/soumyajit/Eyantra-CoBot-24/src/install/linkattacher_msgs/local/lib/python3.10/dist-packages/linkattacher_msgs/linkattacher_msgs_s__rosidl_typesupport_c.cpython-310-x86_64-linux-gnu.so
[5.700s] -- Installing: /home/soumyajit/Eyantra-CoBot-24/src/install/linkattacher_msgs/local/lib/python3.10/dist-packages/linkattacher_msgs/_linkattacher_msgs_s.ep.rosidl_typesupport_introspection_c.c
[5.700s] -- Installing: /home/soumyajit/Eyantra-CoBot-24/src/install/linkattacher_msgs/local/lib/python3.10/dist-packages/linkattacher_msgs/liblinkattacher_msgs__rosidl_generator_py.so
[5.700s] -- Installing: /home/soumyajit/Eyantra-CoBot-24/src/install/linkattacher_msgs/local/lib/python3.10/dist-packages/linkattacher_msgs/srv
[5.700s] -- Installing: /home/soumyajit/Eyantra-CoBot-24/src/install/linkattacher_msgs/local/lib/python3.10/dist-packages/linkattacher_msgs/srv/_attach_link_s.c
[5.700s] -- Installing: /home/soumyajit/Eyantra-CoBot-24/src/install/linkattacher_msgs/local/lib/python3.10/dist-packages/linkattacher_msgs/srv/_attach_link.py
[5.700s] -- Installing: /home/soumyajit/Eyantra-CoBot-24/src/install/linkattacher_msgs/local/lib/python3.10/dist-packages/linkattacher_msgs/srv/__init__.py
[5.700s] -- Installing: /home/soumyajit/Eyantra-CoBot-24/src/install/linkattacher_msgs/local/lib/python3.10/dist-packages/linkattacher_msgs/srv/_detach_link.py
[5.700s] -- Installing: /home/soumyajit/Eyantra-CoBot-24/src/install/linkattacher_msgs/local/lib/python3.10/dist-packages/linkattacher_msgs/srv/_detach_link_s.c
[5.700s] -- Installing: /home/soumyajit/Eyantra-CoBot-24/src/install/linkattacher_msgs/local/lib/python3.10/dist-packages/linkattacher_msgs/linkattacher_msgs_s__rosidl_typesupport_fastrtps_c.cpython-310-x86_64-linux-gnu.so
[5.700s] -- Installing: /home/soumyajit/Eyantra-CoBot-24/src/install/linkattacher_msgs/local/lib/python3.10/dist-packages/linkattacher_msgs/__init__.py
[5.700s] -- Installing: /home/soumyajit/Eyantra-CoBot-24/src/install/linkattacher_msgs/local/lib/python3.10/dist-packages/linkattacher_msgs/_linkattacher_msgs_s.ep.rosidl_typesupport_c.c
[5.700s] -- Installing: /home/soumyajit/Eyantra-CoBot-24/src/install/linkattacher_msgs/local/lib/python3.10/dist-packages/linkattacher_msgs/_linkattacher_msgs_s.ep.rosidl_typesupport_fastrtps_c.c
[5.700s] -- Installing: /home/soumyajit/Eyantra-CoBot-24/src/install/linkattacher_msgs/local/lib/python3.10/dist-packages/linkattacher_msgs/linkattacher_msgs_s__rosidl_typesupport_introspection_c.cpython-310-x86_64-linux-gnu.so
[5.741s] Listing '/home/soumyajit/Eyantra-CoBot-24/src/install/linkattacher_msgs/local/lib/python3.10/dist-packages/linkattacher_msgs'...
[5.741s] Compiling '/home/soumyajit/Eyantra-CoBot-24/src/install/linkattacher_msgs/local/lib/python3.10/dist-packages/linkattacher_msgs/__init__.py'...
[5.741s] Listing '/home/soumyajit/Eyantra-CoBot-24/src/install/linkattacher_msgs/local/lib/python3.10/dist-packages/linkattacher_msgs/srv'...
[5.741s] Compiling '/home/soumyajit/Eyantra-CoBot-24/src/install/linkattacher_msgs/local/lib/python3.10/dist-packages/linkattacher_msgs/srv/__init__.py'...
[5.741s] Compiling '/home/soumyajit/Eyantra-CoBot-24/src/install/linkattacher_msgs/local/lib/python3.10/dist-packages/linkattacher_msgs/srv/_attach_link.py'...
[5.741s] Compiling '/home/soumyajit/Eyantra-CoBot-24/src/install/linkattacher_msgs/local/lib/python3.10/dist-packages/linkattacher_msgs/srv/_detach_link.py'...
[5.748s] -- Installing: /home/soumyajit/Eyantra-CoBot-24/src/install/linkattacher_msgs/local/lib/python3.10/dist-packages/linkattacher_msgs/linkattacher_msgs_s__rosidl_typesupport_fastrtps_c.cpython-310-x86_64-linux-gnu.so
[5.748s] -- Set runtime path of "/home/soumyajit/Eyantra-CoBot-24/src/install/linkattacher_msgs/local/lib/python3.10/dist-packages/linkattacher_msgs/linkattacher_msgs_s__rosidl_typesupport_fastrtps_c.cpython-310-x86_64-linux-gnu.so" to ""
[5.748s] -- Installing: /home/soumyajit/Eyantra-CoBot-24/src/install/linkattacher_msgs/local/lib/python3.10/dist-packages/linkattacher_msgs/linkattacher_msgs_s__rosidl_typesupport_introspection_c.cpython-310-x86_64-linux-gnu.so
[5.749s] -- Set runtime path of "/home/soumyajit/Eyantra-CoBot-24/src/install/linkattacher_msgs/local/lib/python3.10/dist-packages/linkattacher_msgs/linkattacher_msgs_s__rosidl_typesupport_introspection_c.cpython-310-x86_64-linux-gnu.so" to ""
[5.749s] -- Installing: /home/soumyajit/Eyantra-CoBot-24/src/install/linkattacher_msgs/local/lib/python3.10/dist-packages/linkattacher_msgs/linkattacher_msgs_s__rosidl_typesupport_c.cpython-310-x86_64-linux-gnu.so
[5.749s] -- Set runtime path of "/home/soumyajit/Eyantra-CoBot-24/src/install/linkattacher_msgs/local/lib/python3.10/dist-packages/linkattacher_msgs/linkattacher_msgs_s__rosidl_typesupport_c.cpython-310-x86_64-linux-gnu.so" to ""
[5.749s] -- Installing: /home/soumyajit/Eyantra-CoBot-24/src/install/linkattacher_msgs/lib/liblinkattacher_msgs__rosidl_generator_py.so
[5.749s] -- Set runtime path of "/home/soumyajit/Eyantra-CoBot-24/src/install/linkattacher_msgs/lib/liblinkattacher_msgs__rosidl_generator_py.so" to ""
[5.750s] -- Installing: /home/soumyajit/Eyantra-CoBot-24/src/install/linkattacher_msgs/share/linkattacher_msgs/srv/AttachLink.idl
[5.750s] -- Installing: /home/soumyajit/Eyantra-CoBot-24/src/install/linkattacher_msgs/share/linkattacher_msgs/srv/DetachLink.idl
[5.750s] -- Up-to-date: /home/soumyajit/Eyantra-CoBot-24/src/install/linkattacher_msgs/share/linkattacher_msgs/srv/AttachLink.srv
[5.750s] -- Installing: /home/soumyajit/Eyantra-CoBot-24/src/install/linkattacher_msgs/share/linkattacher_msgs/srv/AttachLink_Request.msg
[5.750s] -- Installing: /home/soumyajit/Eyantra-CoBot-24/src/install/linkattacher_msgs/share/linkattacher_msgs/srv/AttachLink_Response.msg
[5.750s] -- Up-to-date: /home/soumyajit/Eyantra-CoBot-24/src/install/linkattacher_msgs/share/linkattacher_msgs/srv/DetachLink.srv
[5.750s] -- Installing: /home/soumyajit/Eyantra-CoBot-24/src/install/linkattacher_msgs/share/linkattacher_msgs/srv/DetachLink_Request.msg
[5.750s] -- Installing: /home/soumyajit/Eyantra-CoBot-24/src/install/linkattacher_msgs/share/linkattacher_msgs/srv/DetachLink_Response.msg
[5.750s] -- Installing: /home/soumyajit/Eyantra-CoBot-24/src/install/linkattacher_msgs/share/ament_index/resource_index/package_run_dependencies/linkattacher_msgs
[5.751s] -- Installing: /home/soumyajit/Eyantra-CoBot-24/src/install/linkattacher_msgs/share/ament_index/resource_index/parent_prefix_path/linkattacher_msgs
[5.751s] -- Installing: /home/soumyajit/Eyantra-CoBot-24/src/install/linkattacher_msgs/share/linkattacher_msgs/environment/ament_prefix_path.sh
[5.751s] -- Installing: /home/soumyajit/Eyantra-CoBot-24/src/install/linkattacher_msgs/share/linkattacher_msgs/environment/ament_prefix_path.dsv
[5.751s] -- Installing: /home/soumyajit/Eyantra-CoBot-24/src/install/linkattacher_msgs/share/linkattacher_msgs/environment/path.sh
[5.751s] -- Installing: /home/soumyajit/Eyantra-CoBot-24/src/install/linkattacher_msgs/share/linkattacher_msgs/environment/path.dsv
[5.751s] -- Installing: /home/soumyajit/Eyantra-CoBot-24/src/install/linkattacher_msgs/share/linkattacher_msgs/local_setup.bash
[5.751s] -- Installing: /home/soumyajit/Eyantra-CoBot-24/src/install/linkattacher_msgs/share/linkattacher_msgs/local_setup.sh
[5.751s] -- Installing: /home/soumyajit/Eyantra-CoBot-24/src/install/linkattacher_msgs/share/linkattacher_msgs/local_setup.zsh
[5.751s] -- Installing: /home/soumyajit/Eyantra-CoBot-24/src/install/linkattacher_msgs/share/linkattacher_msgs/local_setup.dsv
[5.751s] -- Installing: /home/soumyajit/Eyantra-CoBot-24/src/install/linkattacher_msgs/share/linkattacher_msgs/package.dsv
[5.751s] -- Installing: /home/soumyajit/Eyantra-CoBot-24/src/install/linkattacher_msgs/share/ament_index/resource_index/packages/linkattacher_msgs
[5.751s] -- Installing: /home/soumyajit/Eyantra-CoBot-24/src/install/linkattacher_msgs/share/linkattacher_msgs/cmake/export_linkattacher_msgs__rosidl_generator_cExport.cmake
[5.751s] -- Installing: /home/soumyajit/Eyantra-CoBot-24/src/install/linkattacher_msgs/share/linkattacher_msgs/cmake/export_linkattacher_msgs__rosidl_generator_cExport-noconfig.cmake
[5.752s] -- Installing: /home/soumyajit/Eyantra-CoBot-24/src/install/linkattacher_msgs/share/linkattacher_msgs/cmake/export_linkattacher_msgs__rosidl_typesupport_fastrtps_cExport.cmake
[5.752s] -- Installing: /home/soumyajit/Eyantra-CoBot-24/src/install/linkattacher_msgs/share/linkattacher_msgs/cmake/export_linkattacher_msgs__rosidl_typesupport_fastrtps_cExport-noconfig.cmake
[5.752s] -- Installing: /home/soumyajit/Eyantra-CoBot-24/src/install/linkattacher_msgs/share/linkattacher_msgs/cmake/linkattacher_msgs__rosidl_typesupport_introspection_cExport.cmake
[5.752s] -- Installing: /home/soumyajit/Eyantra-CoBot-24/src/install/linkattacher_msgs/share/linkattacher_msgs/cmake/linkattacher_msgs__rosidl_typesupport_introspection_cExport-noconfig.cmake
[5.752s] -- Installing: /home/soumyajit/Eyantra-CoBot-24/src/install/linkattacher_msgs/share/linkattacher_msgs/cmake/linkattacher_msgs__rosidl_typesupport_cExport.cmake
[5.752s] -- Installing: /home/soumyajit/Eyantra-CoBot-24/src/install/linkattacher_msgs/share/linkattacher_msgs/cmake/linkattacher_msgs__rosidl_typesupport_cExport-noconfig.cmake
[5.752s] -- Installing: /home/soumyajit/Eyantra-CoBot-24/src/install/linkattacher_msgs/share/linkattacher_msgs/cmake/export_linkattacher_msgs__rosidl_generator_cppExport.cmake
[5.752s] -- Installing: /home/soumyajit/Eyantra-CoBot-24/src/install/linkattacher_msgs/share/linkattacher_msgs/cmake/export_linkattacher_msgs__rosidl_typesupport_fastrtps_cppExport.cmake
[5.752s] -- Installing: /home/soumyajit/Eyantra-CoBot-24/src/install/linkattacher_msgs/share/linkattacher_msgs/cmake/export_linkattacher_msgs__rosidl_typesupport_fastrtps_cppExport-noconfig.cmake
[5.753s] -- Installing: /home/soumyajit/Eyantra-CoBot-24/src/install/linkattacher_msgs/share/linkattacher_msgs/cmake/linkattacher_msgs__rosidl_typesupport_introspection_cppExport.cmake
[5.753s] -- Installing: /home/soumyajit/Eyantra-CoBot-24/src/install/linkattacher_msgs/share/linkattacher_msgs/cmake/linkattacher_msgs__rosidl_typesupport_introspection_cppExport-noconfig.cmake
[5.753s] -- Installing: /home/soumyajit/Eyantra-CoBot-24/src/install/linkattacher_msgs/share/linkattacher_msgs/cmake/linkattacher_msgs__rosidl_typesupport_cppExport.cmake
[5.753s] -- Installing: /home/soumyajit/Eyantra-CoBot-24/src/install/linkattacher_msgs/share/linkattacher_msgs/cmake/linkattacher_msgs__rosidl_typesupport_cppExport-noconfig.cmake
[5.753s] -- Installing: /home/soumyajit/Eyantra-CoBot-24/src/install/linkattacher_msgs/share/linkattacher_msgs/cmake/export_linkattacher_msgs__rosidl_generator_pyExport.cmake
[5.753s] -- Installing: /home/soumyajit/Eyantra-CoBot-24/src/install/linkattacher_msgs/share/linkattacher_msgs/cmake/export_linkattacher_msgs__rosidl_generator_pyExport-noconfig.cmake
[5.753s] -- Installing: /home/soumyajit/Eyantra-CoBot-24/src/install/linkattacher_msgs/share/linkattacher_msgs/cmake/rosidl_cmake-extras.cmake
[5.754s] -- Installing: /home/soumyajit/Eyantra-CoBot-24/src/install/linkattacher_msgs/share/linkattacher_msgs/cmake/ament_cmake_export_include_directories-extras.cmake
[5.754s] -- Installing: /home/soumyajit/Eyantra-CoBot-24/src/install/linkattacher_msgs/share/linkattacher_msgs/cmake/ament_cmake_export_libraries-extras.cmake
[5.754s] -- Installing: /home/soumyajit/Eyantra-CoBot-24/src/install/linkattacher_msgs/share/linkattacher_msgs/cmake/ament_cmake_export_targets-extras.cmake
[5.754s] -- Installing: /home/soumyajit/Eyantra-CoBot-24/src/install/linkattacher_msgs/share/linkattacher_msgs/cmake/rosidl_cmake_export_typesupport_targets-extras.cmake
[5.754s] -- Installing: /home/soumyajit/Eyantra-CoBot-24/src/install/linkattacher_msgs/share/linkattacher_msgs/cmake/ament_cmake_export_dependencies-extras.cmake
[5.754s] -- Installing: /home/soumyajit/Eyantra-CoBot-24/src/install/linkattacher_msgs/share/linkattacher_msgs/cmake/rosidl_cmake_export_typesupport_libraries-extras.cmake
[5.754s] -- Installing: /home/soumyajit/Eyantra-CoBot-24/src/install/linkattacher_msgs/share/linkattacher_msgs/cmake/linkattacher_msgsConfig.cmake
[5.755s] -- Installing: /home/soumyajit/Eyantra-CoBot-24/src/install/linkattacher_msgs/share/linkattacher_msgs/cmake/linkattacher_msgsConfig-version.cmake
[5.755s] -- Installing: /home/soumyajit/Eyantra-CoBot-24/src/install/linkattacher_msgs/share/linkattacher_msgs/package.xml
[5.758s] Invoked command in '/home/soumyajit/Eyantra-CoBot-24/src/build/linkattacher_msgs' returned '0': CMAKE_PREFIX_PATH=${CMAKE_PREFIX_PATH}:/home/soumyajit/Eyantra-CoBot-24/install/ur5_control:/opt/ros/humble /usr/bin/cmake --install /home/soumyajit/Eyantra-CoBot-24/src/build/linkattacher_msgs
