[0.038s] Invoking command in '/home/soumyajit/Eyantra-CoBot-24/src/build/eyantra_warehouse': CMAKE_PREFIX_PATH=${CMAKE_PREFIX_PATH}:/home/soumyajit/Eyantra-CoBot-24/install/ur5_control:/opt/ros/humble /usr/bin/cmake /home/soumyajit/Eyantra-CoBot-24/src/eyantra_warehouse -DCMAKE_INSTALL_PREFIX=/home/soumyajit/Eyantra-CoBot-24/src/install/eyantra_warehouse
[0.175s] -- The C compiler identification is GNU 11.4.0
[0.288s] -- The CXX compiler identification is GNU 11.4.0
[0.302s] -- Detecting C compiler ABI info
[0.398s] -- Detecting C compiler ABI info - done
[0.409s] -- Check for working C compiler: /usr/bin/cc - skipped
[0.411s] -- Detecting C compile features
[0.411s] -- Detecting C compile features - done
[0.415s] -- Detecting CXX compiler ABI info
[0.537s] -- Detecting CXX compiler ABI info - done
[0.555s] -- Check for working CXX compiler: /usr/bin/c++ - skipped
[0.555s] -- Detecting CXX compile features
[0.556s] -- Detecting CXX compile features - done
[0.559s] -- Found ament_cmake: 1.3.10 (/opt/ros/humble/share/ament_cmake/cmake)
[0.798s] -- Found Python3: /usr/bin/python3 (found version "3.10.12") found components: Interpreter 
[0.937s] -- Found ament_lint_auto: 0.12.11 (/opt/ros/humble/share/ament_lint_auto/cmake)
[1.088s] -- Added test 'copyright' to check source files copyright and LICENSE
[1.133s] -- Added test 'flake8' to check Python code syntax and style conventions
[1.139s] -- Added test 'lint_cmake' to check CMake code style
[1.144s] -- Added test 'pep257' to check Python code against some of the docstring style conventions in PEP 257
[1.175s] -- Added test 'xmllint' to check XML markup files
[1.178s] -- Configuring done
[1.181s] -- Generating done
[1.183s] -- Build files have been written to: /home/soumyajit/Eyantra-CoBot-24/src/build/eyantra_warehouse
[1.189s] Invoked command in '/home/soumyajit/Eyantra-CoBot-24/src/build/eyantra_warehouse' returned '0': CMAKE_PREFIX_PATH=${CMAKE_PREFIX_PATH}:/home/soumyajit/Eyantra-CoBot-24/install/ur5_control:/opt/ros/humble /usr/bin/cmake /home/soumyajit/Eyantra-CoBot-24/src/eyantra_warehouse -DCMAKE_INSTALL_PREFIX=/home/soumyajit/Eyantra-CoBot-24/src/install/eyantra_warehouse
[1.194s] Invoking command in '/home/soumyajit/Eyantra-CoBot-24/src/build/eyantra_warehouse': CMAKE_PREFIX_PATH=${CMAKE_PREFIX_PATH}:/home/soumyajit/Eyantra-CoBot-24/install/ur5_control:/opt/ros/humble /usr/bin/cmake --build /home/soumyajit/Eyantra-CoBot-24/src/build/eyantra_warehouse -- -j12 -l12
[1.239s] Invoked command in '/home/soumyajit/Eyantra-CoBot-24/src/build/eyantra_warehouse' returned '0': CMAKE_PREFIX_PATH=${CMAKE_PREFIX_PATH}:/home/soumyajit/Eyantra-CoBot-24/install/ur5_control:/opt/ros/humble /usr/bin/cmake --build /home/soumyajit/Eyantra-CoBot-24/src/build/eyantra_warehouse -- -j12 -l12
[1.294s] Invoking command in '/home/soumyajit/Eyantra-CoBot-24/src/build/eyantra_warehouse': CMAKE_PREFIX_PATH=${CMAKE_PREFIX_PATH}:/home/soumyajit/Eyantra-CoBot-24/install/ur5_control:/opt/ros/humble /usr/bin/cmake --install /home/soumyajit/Eyantra-CoBot-24/src/build/eyantra_warehouse
[1.299s] -- Install configuration: ""
[1.299s] -- Installing: /home/soumyajit/Eyantra-CoBot-24/src/install/eyantra_warehouse/share/eyantra_warehouse//launch
[1.300s] -- Installing: /home/soumyajit/Eyantra-CoBot-24/src/install/eyantra_warehouse/share/eyantra_warehouse//launch/task1c.launch.py
[1.300s] -- Installing: /home/soumyajit/Eyantra-CoBot-24/src/install/eyantra_warehouse/share/eyantra_warehouse//launch/task0.launch.py
[1.300s] -- Installing: /home/soumyajit/Eyantra-CoBot-24/src/install/eyantra_warehouse/share/eyantra_warehouse//launch/task1b.launch.py
[1.300s] -- Installing: /home/soumyajit/Eyantra-CoBot-24/src/install/eyantra_warehouse/share/eyantra_warehouse//worlds
[1.300s] -- Installing: /home/soumyajit/Eyantra-CoBot-24/src/install/eyantra_warehouse/share/eyantra_warehouse//worlds/eyantra_warehouse_task1c.world
[1.300s] -- Installing: /home/soumyajit/Eyantra-CoBot-24/src/install/eyantra_warehouse/share/eyantra_warehouse//worlds/eyantra_warehouse_task0.world
[1.300s] -- Installing: /home/soumyajit/Eyantra-CoBot-24/src/install/eyantra_warehouse/share/eyantra_warehouse//worlds/eyantra_warehouse_task1b.world
[1.300s] -- Installing: /home/soumyajit/Eyantra-CoBot-24/src/install/eyantra_warehouse/share/eyantra_warehouse//models
[1.300s] -- Installing: /home/soumyajit/Eyantra-CoBot-24/src/install/eyantra_warehouse/share/eyantra_warehouse//models/aws_robomaker_warehouse_DeskC_01
[1.301s] -- Installing: /home/soumyajit/Eyantra-CoBot-24/src/install/eyantra_warehouse/share/eyantra_warehouse//models/aws_robomaker_warehouse_DeskC_01/model.config
[1.301s] -- Installing: /home/soumyajit/Eyantra-CoBot-24/src/install/eyantra_warehouse/share/eyantra_warehouse//models/aws_robomaker_warehouse_DeskC_01/meshes
[1.301s] -- Installing: /home/soumyajit/Eyantra-CoBot-24/src/install/eyantra_warehouse/share/eyantra_warehouse//models/aws_robomaker_warehouse_DeskC_01/meshes/aws_robomaker_warehouse_DeskC_01_visual.DAE
[1.302s] -- Installing: /home/soumyajit/Eyantra-CoBot-24/src/install/eyantra_warehouse/share/eyantra_warehouse//models/aws_robomaker_warehouse_DeskC_01/meshes/aws_robomaker_warehouse_DeskC_01_collision.DAE
[1.304s] -- Installing: /home/soumyajit/Eyantra-CoBot-24/src/install/eyantra_warehouse/share/eyantra_warehouse//models/aws_robomaker_warehouse_DeskC_01/materials
[1.304s] -- Installing: /home/soumyajit/Eyantra-CoBot-24/src/install/eyantra_warehouse/share/eyantra_warehouse//models/aws_robomaker_warehouse_DeskC_01/materials/.DS_Store
[1.305s] -- Installing: /home/soumyajit/Eyantra-CoBot-24/src/install/eyantra_warehouse/share/eyantra_warehouse//models/aws_robomaker_warehouse_DeskC_01/materials/textures
[1.305s] -- Installing: /home/soumyajit/Eyantra-CoBot-24/src/install/eyantra_warehouse/share/eyantra_warehouse//models/aws_robomaker_warehouse_DeskC_01/materials/textures/aws_robomaker_warehouse_DeskC_02.png
[1.306s] -- Installing: /home/soumyajit/Eyantra-CoBot-24/src/install/eyantra_warehouse/share/eyantra_warehouse//models/aws_robomaker_warehouse_DeskC_01/materials/textures/aws_robomaker_warehouse_DeskC_03.psd
[1.311s] -- Installing: /home/soumyajit/Eyantra-CoBot-24/src/install/eyantra_warehouse/share/eyantra_warehouse//models/aws_robomaker_warehouse_DeskC_01/materials/textures/aws_robomaker_warehouse_DeskC_03.png
[1.312s] -- Installing: /home/soumyajit/Eyantra-CoBot-24/src/install/eyantra_warehouse/share/eyantra_warehouse//models/aws_robomaker_warehouse_DeskC_01/materials/textures/aws_robomaker_warehouse_DeskC_01.png
[1.314s] -- Installing: /home/soumyajit/Eyantra-CoBot-24/src/install/eyantra_warehouse/share/eyantra_warehouse//models/aws_robomaker_warehouse_DeskC_01/materials/textures/aws_robomaker_warehouse_DeskC_04.png
[1.314s] -- Installing: /home/soumyajit/Eyantra-CoBot-24/src/install/eyantra_warehouse/share/eyantra_warehouse//models/aws_robomaker_warehouse_DeskC_01/model.sdf
[1.314s] -- Installing: /home/soumyajit/Eyantra-CoBot-24/src/install/eyantra_warehouse/share/eyantra_warehouse//models/rack
[1.314s] -- Installing: /home/soumyajit/Eyantra-CoBot-24/src/install/eyantra_warehouse/share/eyantra_warehouse//models/rack/model.config
[1.314s] -- Installing: /home/soumyajit/Eyantra-CoBot-24/src/install/eyantra_warehouse/share/eyantra_warehouse//models/rack/meshes
[1.315s] -- Installing: /home/soumyajit/Eyantra-CoBot-24/src/install/eyantra_warehouse/share/eyantra_warehouse//models/rack/meshes/brushedsteel4.jpg
[1.319s] -- Installing: /home/soumyajit/Eyantra-CoBot-24/src/install/eyantra_warehouse/share/eyantra_warehouse//models/rack/meshes/rack.stl
[1.329s] -- Installing: /home/soumyajit/Eyantra-CoBot-24/src/install/eyantra_warehouse/share/eyantra_warehouse//models/rack/meshes/brushedsteel_bg.jpg
[1.332s] -- Installing: /home/soumyajit/Eyantra-CoBot-24/src/install/eyantra_warehouse/share/eyantra_warehouse//models/rack/meshes/rack.dae
[1.333s] -- Installing: /home/soumyajit/Eyantra-CoBot-24/src/install/eyantra_warehouse/share/eyantra_warehouse//models/rack/model.sdf
[1.333s] -- Installing: /home/soumyajit/Eyantra-CoBot-24/src/install/eyantra_warehouse/share/eyantra_warehouse//models/window
[1.333s] -- Installing: /home/soumyajit/Eyantra-CoBot-24/src/install/eyantra_warehouse/share/eyantra_warehouse//models/window/model.config
[1.333s] -- Installing: /home/soumyajit/Eyantra-CoBot-24/src/install/eyantra_warehouse/share/eyantra_warehouse//models/window/model.sdf
[1.333s] -- Installing: /home/soumyajit/Eyantra-CoBot-24/src/install/eyantra_warehouse/share/eyantra_warehouse//models/warehouse_boundary
[1.334s] -- Installing: /home/soumyajit/Eyantra-CoBot-24/src/install/eyantra_warehouse/share/eyantra_warehouse//models/warehouse_boundary/model.config
[1.334s] -- Installing: /home/soumyajit/Eyantra-CoBot-24/src/install/eyantra_warehouse/share/eyantra_warehouse//models/warehouse_boundary/meshes
[1.334s] -- Installing: /home/soumyajit/Eyantra-CoBot-24/src/install/eyantra_warehouse/share/eyantra_warehouse//models/warehouse_boundary/meshes/warehouse_floor.jpg
[1.334s] -- Installing: /home/soumyajit/Eyantra-CoBot-24/src/install/eyantra_warehouse/share/eyantra_warehouse//models/warehouse_boundary/meshes/warehouse_boundary.dae
[1.359s] -- Installing: /home/soumyajit/Eyantra-CoBot-24/src/install/eyantra_warehouse/share/eyantra_warehouse//models/warehouse_boundary/meshes/warehouse_boundary_glass_cover.dae
[1.360s] -- Installing: /home/soumyajit/Eyantra-CoBot-24/src/install/eyantra_warehouse/share/eyantra_warehouse//models/warehouse_boundary/model.sdf
[1.360s] -- Installing: /home/soumyajit/Eyantra-CoBot-24/src/install/eyantra_warehouse/share/eyantra_warehouse//models/arm_base
[1.360s] -- Installing: /home/soumyajit/Eyantra-CoBot-24/src/install/eyantra_warehouse/share/eyantra_warehouse//models/arm_base/model.config
[1.360s] -- Installing: /home/soumyajit/Eyantra-CoBot-24/src/install/eyantra_warehouse/share/eyantra_warehouse//models/arm_base/meshes
[1.360s] -- Installing: /home/soumyajit/Eyantra-CoBot-24/src/install/eyantra_warehouse/share/eyantra_warehouse//models/arm_base/meshes/arm_base.dae
[1.361s] -- Installing: /home/soumyajit/Eyantra-CoBot-24/src/install/eyantra_warehouse/share/eyantra_warehouse//models/arm_base/model.sdf
[1.362s] -- Installing: /home/soumyajit/Eyantra-CoBot-24/src/install/eyantra_warehouse/share/eyantra_warehouse//models/aws_robomaker_warehouse_ClutteringD_01
[1.362s] -- Installing: /home/soumyajit/Eyantra-CoBot-24/src/install/eyantra_warehouse/share/eyantra_warehouse//models/aws_robomaker_warehouse_ClutteringD_01/model.config
[1.362s] -- Installing: /home/soumyajit/Eyantra-CoBot-24/src/install/eyantra_warehouse/share/eyantra_warehouse//models/aws_robomaker_warehouse_ClutteringD_01/meshes
[1.362s] -- Installing: /home/soumyajit/Eyantra-CoBot-24/src/install/eyantra_warehouse/share/eyantra_warehouse//models/aws_robomaker_warehouse_ClutteringD_01/meshes/aws_robomaker_warehouse_ClutteringD_01_collision.DAE
[1.362s] -- Installing: /home/soumyajit/Eyantra-CoBot-24/src/install/eyantra_warehouse/share/eyantra_warehouse//models/aws_robomaker_warehouse_ClutteringD_01/meshes/aws_robomaker_warehouse_ClutteringD_01_visual.DAE
[1.362s] -- Installing: /home/soumyajit/Eyantra-CoBot-24/src/install/eyantra_warehouse/share/eyantra_warehouse//models/aws_robomaker_warehouse_ClutteringD_01/materials
[1.362s] -- Installing: /home/soumyajit/Eyantra-CoBot-24/src/install/eyantra_warehouse/share/eyantra_warehouse//models/aws_robomaker_warehouse_ClutteringD_01/materials/textures
[1.363s] -- Installing: /home/soumyajit/Eyantra-CoBot-24/src/install/eyantra_warehouse/share/eyantra_warehouse//models/aws_robomaker_warehouse_ClutteringD_01/materials/textures/aws_robomaker_warehouse_ClutteringD_02.png
[1.363s] -- Installing: /home/soumyajit/Eyantra-CoBot-24/src/install/eyantra_warehouse/share/eyantra_warehouse//models/aws_robomaker_warehouse_ClutteringD_01/materials/textures/aws_robomaker_warehouse_ClutteringD_01.png
[1.365s] -- Installing: /home/soumyajit/Eyantra-CoBot-24/src/install/eyantra_warehouse/share/eyantra_warehouse//models/aws_robomaker_warehouse_ClutteringD_01/model.sdf
[1.365s] -- Installing: /home/soumyajit/Eyantra-CoBot-24/src/install/eyantra_warehouse/share/eyantra_warehouse//models/package_box
[1.365s] -- Installing: /home/soumyajit/Eyantra-CoBot-24/src/install/eyantra_warehouse/share/eyantra_warehouse//models/package_box/model.config
[1.365s] -- Installing: /home/soumyajit/Eyantra-CoBot-24/src/install/eyantra_warehouse/share/eyantra_warehouse//models/package_box/meshes
[1.365s] -- Installing: /home/soumyajit/Eyantra-CoBot-24/src/install/eyantra_warehouse/share/eyantra_warehouse//models/package_box/meshes/aws_robomaker_warehouse_ClutteringC_02.png
[1.366s] -- Installing: /home/soumyajit/Eyantra-CoBot-24/src/install/eyantra_warehouse/share/eyantra_warehouse//models/package_box/meshes/package_box.dae
[1.368s] -- Installing: /home/soumyajit/Eyantra-CoBot-24/src/install/eyantra_warehouse/share/eyantra_warehouse//models/package_box/meshes/4x4_1000-0.png
[1.368s] -- Installing: /home/soumyajit/Eyantra-CoBot-24/src/install/eyantra_warehouse/share/eyantra_warehouse//models/package_box/model.sdf
[1.368s] -- Installing: /home/soumyajit/Eyantra-CoBot-24/src/install/eyantra_warehouse/share/eyantra_warehouse//models/ground_plane
[1.368s] -- Installing: /home/soumyajit/Eyantra-CoBot-24/src/install/eyantra_warehouse/share/eyantra_warehouse//models/ground_plane/model.config
[1.368s] -- Installing: /home/soumyajit/Eyantra-CoBot-24/src/install/eyantra_warehouse/share/eyantra_warehouse//models/ground_plane/model.sdf
[1.368s] -- Installing: /home/soumyajit/Eyantra-CoBot-24/src/install/eyantra_warehouse/share/eyantra_warehouse//models/boxes
[1.369s] -- Installing: /home/soumyajit/Eyantra-CoBot-24/src/install/eyantra_warehouse/share/eyantra_warehouse//models/boxes/box_33
[1.369s] -- Installing: /home/soumyajit/Eyantra-CoBot-24/src/install/eyantra_warehouse/share/eyantra_warehouse//models/boxes/box_33/model.config
[1.369s] -- Installing: /home/soumyajit/Eyantra-CoBot-24/src/install/eyantra_warehouse/share/eyantra_warehouse//models/boxes/box_33/meshes
[1.369s] -- Installing: /home/soumyajit/Eyantra-CoBot-24/src/install/eyantra_warehouse/share/eyantra_warehouse//models/boxes/box_33/meshes/cardboard_bg.png
[1.370s] -- Installing: /home/soumyajit/Eyantra-CoBot-24/src/install/eyantra_warehouse/share/eyantra_warehouse//models/boxes/box_33/meshes/box.dae
[1.370s] -- Installing: /home/soumyajit/Eyantra-CoBot-24/src/install/eyantra_warehouse/share/eyantra_warehouse//models/boxes/box_33/meshes/box__bg.png
[1.371s] -- Installing: /home/soumyajit/Eyantra-CoBot-24/src/install/eyantra_warehouse/share/eyantra_warehouse//models/boxes/box_33/meshes/aruco_tag.jpg
[1.371s] -- Installing: /home/soumyajit/Eyantra-CoBot-24/src/install/eyantra_warehouse/share/eyantra_warehouse//models/boxes/box_33/model.sdf
[1.371s] -- Installing: /home/soumyajit/Eyantra-CoBot-24/src/install/eyantra_warehouse/share/eyantra_warehouse//models/boxes/box_18
[1.371s] -- Installing: /home/soumyajit/Eyantra-CoBot-24/src/install/eyantra_warehouse/share/eyantra_warehouse//models/boxes/box_18/model.config
[1.371s] -- Installing: /home/soumyajit/Eyantra-CoBot-24/src/install/eyantra_warehouse/share/eyantra_warehouse//models/boxes/box_18/meshes
[1.371s] -- Installing: /home/soumyajit/Eyantra-CoBot-24/src/install/eyantra_warehouse/share/eyantra_warehouse//models/boxes/box_18/meshes/cardboard_bg.png
[1.372s] -- Installing: /home/soumyajit/Eyantra-CoBot-24/src/install/eyantra_warehouse/share/eyantra_warehouse//models/boxes/box_18/meshes/box.dae
[1.372s] -- Installing: /home/soumyajit/Eyantra-CoBot-24/src/install/eyantra_warehouse/share/eyantra_warehouse//models/boxes/box_18/meshes/box__bg.png
[1.374s] -- Installing: /home/soumyajit/Eyantra-CoBot-24/src/install/eyantra_warehouse/share/eyantra_warehouse//models/boxes/box_18/meshes/aruco_tag.jpg
[1.374s] -- Installing: /home/soumyajit/Eyantra-CoBot-24/src/install/eyantra_warehouse/share/eyantra_warehouse//models/boxes/box_18/model.sdf
[1.374s] -- Installing: /home/soumyajit/Eyantra-CoBot-24/src/install/eyantra_warehouse/share/eyantra_warehouse//models/boxes/box_40
[1.374s] -- Installing: /home/soumyajit/Eyantra-CoBot-24/src/install/eyantra_warehouse/share/eyantra_warehouse//models/boxes/box_40/model.config
[1.374s] -- Installing: /home/soumyajit/Eyantra-CoBot-24/src/install/eyantra_warehouse/share/eyantra_warehouse//models/boxes/box_40/meshes
[1.374s] -- Installing: /home/soumyajit/Eyantra-CoBot-24/src/install/eyantra_warehouse/share/eyantra_warehouse//models/boxes/box_40/meshes/cardboard_bg.png
[1.375s] -- Installing: /home/soumyajit/Eyantra-CoBot-24/src/install/eyantra_warehouse/share/eyantra_warehouse//models/boxes/box_40/meshes/box.dae
[1.375s] -- Installing: /home/soumyajit/Eyantra-CoBot-24/src/install/eyantra_warehouse/share/eyantra_warehouse//models/boxes/box_40/meshes/box__bg.png
[1.376s] -- Installing: /home/soumyajit/Eyantra-CoBot-24/src/install/eyantra_warehouse/share/eyantra_warehouse//models/boxes/box_40/meshes/aruco_tag.jpg
[1.376s] -- Installing: /home/soumyajit/Eyantra-CoBot-24/src/install/eyantra_warehouse/share/eyantra_warehouse//models/boxes/box_40/model.sdf
[1.376s] -- Installing: /home/soumyajit/Eyantra-CoBot-24/src/install/eyantra_warehouse/share/eyantra_warehouse//models/boxes/box_50
[1.376s] -- Installing: /home/soumyajit/Eyantra-CoBot-24/src/install/eyantra_warehouse/share/eyantra_warehouse//models/boxes/box_50/model.config
[1.377s] -- Installing: /home/soumyajit/Eyantra-CoBot-24/src/install/eyantra_warehouse/share/eyantra_warehouse//models/boxes/box_50/meshes
[1.377s] -- Installing: /home/soumyajit/Eyantra-CoBot-24/src/install/eyantra_warehouse/share/eyantra_warehouse//models/boxes/box_50/meshes/cardboard_bg.png
[1.377s] -- Installing: /home/soumyajit/Eyantra-CoBot-24/src/install/eyantra_warehouse/share/eyantra_warehouse//models/boxes/box_50/meshes/box.dae
[1.377s] -- Installing: /home/soumyajit/Eyantra-CoBot-24/src/install/eyantra_warehouse/share/eyantra_warehouse//models/boxes/box_50/meshes/box__bg.png
[1.377s] -- Installing: /home/soumyajit/Eyantra-CoBot-24/src/install/eyantra_warehouse/share/eyantra_warehouse//models/boxes/box_50/meshes/aruco_tag.jpg
[1.378s] -- Installing: /home/soumyajit/Eyantra-CoBot-24/src/install/eyantra_warehouse/share/eyantra_warehouse//models/boxes/box_50/model.sdf
[1.378s] -- Installing: /home/soumyajit/Eyantra-CoBot-24/src/install/eyantra_warehouse/share/eyantra_warehouse//models/boxes/box_13
[1.378s] -- Installing: /home/soumyajit/Eyantra-CoBot-24/src/install/eyantra_warehouse/share/eyantra_warehouse//models/boxes/box_13/model.config
[1.378s] -- Installing: /home/soumyajit/Eyantra-CoBot-24/src/install/eyantra_warehouse/share/eyantra_warehouse//models/boxes/box_13/meshes
[1.378s] -- Installing: /home/soumyajit/Eyantra-CoBot-24/src/install/eyantra_warehouse/share/eyantra_warehouse//models/boxes/box_13/meshes/cardboard_bg.png
[1.379s] -- Installing: /home/soumyajit/Eyantra-CoBot-24/src/install/eyantra_warehouse/share/eyantra_warehouse//models/boxes/box_13/meshes/box.dae
[1.379s] -- Installing: /home/soumyajit/Eyantra-CoBot-24/src/install/eyantra_warehouse/share/eyantra_warehouse//models/boxes/box_13/meshes/box__bg.png
[1.381s] -- Installing: /home/soumyajit/Eyantra-CoBot-24/src/install/eyantra_warehouse/share/eyantra_warehouse//models/boxes/box_13/meshes/aruco_tag.jpg
[1.381s] -- Installing: /home/soumyajit/Eyantra-CoBot-24/src/install/eyantra_warehouse/share/eyantra_warehouse//models/boxes/box_13/model.sdf
[1.381s] -- Installing: /home/soumyajit/Eyantra-CoBot-24/src/install/eyantra_warehouse/share/eyantra_warehouse//models/boxes/box_45
[1.383s] -- Installing: /home/soumyajit/Eyantra-CoBot-24/src/install/eyantra_warehouse/share/eyantra_warehouse//models/boxes/box_45/model.config
[1.383s] -- Installing: /home/soumyajit/Eyantra-CoBot-24/src/install/eyantra_warehouse/share/eyantra_warehouse//models/boxes/box_45/meshes
[1.383s] -- Installing: /home/soumyajit/Eyantra-CoBot-24/src/install/eyantra_warehouse/share/eyantra_warehouse//models/boxes/box_45/meshes/cardboard_bg.png
[1.383s] -- Installing: /home/soumyajit/Eyantra-CoBot-24/src/install/eyantra_warehouse/share/eyantra_warehouse//models/boxes/box_45/meshes/box.dae
[1.383s] -- Installing: /home/soumyajit/Eyantra-CoBot-24/src/install/eyantra_warehouse/share/eyantra_warehouse//models/boxes/box_45/meshes/box__bg.png
[1.384s] -- Installing: /home/soumyajit/Eyantra-CoBot-24/src/install/eyantra_warehouse/share/eyantra_warehouse//models/boxes/box_45/meshes/aruco_tag.jpg
[1.384s] -- Installing: /home/soumyajit/Eyantra-CoBot-24/src/install/eyantra_warehouse/share/eyantra_warehouse//models/boxes/box_45/model.sdf
[1.384s] -- Installing: /home/soumyajit/Eyantra-CoBot-24/src/install/eyantra_warehouse/share/eyantra_warehouse//models/boxes/box_39
[1.384s] -- Installing: /home/soumyajit/Eyantra-CoBot-24/src/install/eyantra_warehouse/share/eyantra_warehouse//models/boxes/box_39/model.config
[1.385s] -- Installing: /home/soumyajit/Eyantra-CoBot-24/src/install/eyantra_warehouse/share/eyantra_warehouse//models/boxes/box_39/meshes
[1.385s] -- Installing: /home/soumyajit/Eyantra-CoBot-24/src/install/eyantra_warehouse/share/eyantra_warehouse//models/boxes/box_39/meshes/cardboard_bg.png
[1.385s] -- Installing: /home/soumyajit/Eyantra-CoBot-24/src/install/eyantra_warehouse/share/eyantra_warehouse//models/boxes/box_39/meshes/box.dae
[1.385s] -- Installing: /home/soumyajit/Eyantra-CoBot-24/src/install/eyantra_warehouse/share/eyantra_warehouse//models/boxes/box_39/meshes/box__bg.png
[1.386s] -- Installing: /home/soumyajit/Eyantra-CoBot-24/src/install/eyantra_warehouse/share/eyantra_warehouse//models/boxes/box_39/meshes/aruco_tag.jpg
[1.386s] -- Installing: /home/soumyajit/Eyantra-CoBot-24/src/install/eyantra_warehouse/share/eyantra_warehouse//models/boxes/box_39/model.sdf
[1.386s] -- Installing: /home/soumyajit/Eyantra-CoBot-24/src/install/eyantra_warehouse/share/eyantra_warehouse//models/boxes/box_46
[1.386s] -- Installing: /home/soumyajit/Eyantra-CoBot-24/src/install/eyantra_warehouse/share/eyantra_warehouse//models/boxes/box_46/model.config
[1.387s] -- Installing: /home/soumyajit/Eyantra-CoBot-24/src/install/eyantra_warehouse/share/eyantra_warehouse//models/boxes/box_46/meshes
[1.387s] -- Installing: /home/soumyajit/Eyantra-CoBot-24/src/install/eyantra_warehouse/share/eyantra_warehouse//models/boxes/box_46/meshes/cardboard_bg.png
[1.387s] -- Installing: /home/soumyajit/Eyantra-CoBot-24/src/install/eyantra_warehouse/share/eyantra_warehouse//models/boxes/box_46/meshes/box.dae
[1.387s] -- Installing: /home/soumyajit/Eyantra-CoBot-24/src/install/eyantra_warehouse/share/eyantra_warehouse//models/boxes/box_46/meshes/box__bg.png
[1.388s] -- Installing: /home/soumyajit/Eyantra-CoBot-24/src/install/eyantra_warehouse/share/eyantra_warehouse//models/boxes/box_46/meshes/aruco_tag.jpg
[1.388s] -- Installing: /home/soumyajit/Eyantra-CoBot-24/src/install/eyantra_warehouse/share/eyantra_warehouse//models/boxes/box_46/model.sdf
[1.388s] -- Installing: /home/soumyajit/Eyantra-CoBot-24/src/install/eyantra_warehouse/share/eyantra_warehouse//models/boxes/box_47
[1.388s] -- Installing: /home/soumyajit/Eyantra-CoBot-24/src/install/eyantra_warehouse/share/eyantra_warehouse//models/boxes/box_47/model.config
[1.389s] -- Installing: /home/soumyajit/Eyantra-CoBot-24/src/install/eyantra_warehouse/share/eyantra_warehouse//models/boxes/box_47/meshes
[1.389s] -- Installing: /home/soumyajit/Eyantra-CoBot-24/src/install/eyantra_warehouse/share/eyantra_warehouse//models/boxes/box_47/meshes/cardboard_bg.png
[1.389s] -- Installing: /home/soumyajit/Eyantra-CoBot-24/src/install/eyantra_warehouse/share/eyantra_warehouse//models/boxes/box_47/meshes/box.dae
[1.389s] -- Installing: /home/soumyajit/Eyantra-CoBot-24/src/install/eyantra_warehouse/share/eyantra_warehouse//models/boxes/box_47/meshes/box__bg.png
[1.390s] -- Installing: /home/soumyajit/Eyantra-CoBot-24/src/install/eyantra_warehouse/share/eyantra_warehouse//models/boxes/box_47/meshes/aruco_tag.jpg
[1.390s] -- Installing: /home/soumyajit/Eyantra-CoBot-24/src/install/eyantra_warehouse/share/eyantra_warehouse//models/boxes/box_47/model.sdf
[1.391s] -- Installing: /home/soumyajit/Eyantra-CoBot-24/src/install/eyantra_warehouse/share/eyantra_warehouse//models/boxes/box_1
[1.391s] -- Installing: /home/soumyajit/Eyantra-CoBot-24/src/install/eyantra_warehouse/share/eyantra_warehouse//models/boxes/box_1/model.config
[1.391s] -- Installing: /home/soumyajit/Eyantra-CoBot-24/src/install/eyantra_warehouse/share/eyantra_warehouse//models/boxes/box_1/meshes
[1.391s] -- Installing: /home/soumyajit/Eyantra-CoBot-24/src/install/eyantra_warehouse/share/eyantra_warehouse//models/boxes/box_1/meshes/cardboard_bg.png
[1.391s] -- Installing: /home/soumyajit/Eyantra-CoBot-24/src/install/eyantra_warehouse/share/eyantra_warehouse//models/boxes/box_1/meshes/box.dae
[1.391s] -- Installing: /home/soumyajit/Eyantra-CoBot-24/src/install/eyantra_warehouse/share/eyantra_warehouse//models/boxes/box_1/meshes/box__bg.png
[1.392s] -- Installing: /home/soumyajit/Eyantra-CoBot-24/src/install/eyantra_warehouse/share/eyantra_warehouse//models/boxes/box_1/meshes/aruco_tag.jpg
[1.392s] -- Installing: /home/soumyajit/Eyantra-CoBot-24/src/install/eyantra_warehouse/share/eyantra_warehouse//models/boxes/box_1/model.sdf
[1.392s] -- Installing: /home/soumyajit/Eyantra-CoBot-24/src/install/eyantra_warehouse/share/eyantra_warehouse//models/boxes/box_7
[1.392s] -- Installing: /home/soumyajit/Eyantra-CoBot-24/src/install/eyantra_warehouse/share/eyantra_warehouse//models/boxes/box_7/model.config
[1.392s] -- Installing: /home/soumyajit/Eyantra-CoBot-24/src/install/eyantra_warehouse/share/eyantra_warehouse//models/boxes/box_7/meshes
[1.393s] -- Installing: /home/soumyajit/Eyantra-CoBot-24/src/install/eyantra_warehouse/share/eyantra_warehouse//models/boxes/box_7/meshes/cardboard_bg.png
[1.393s] -- Installing: /home/soumyajit/Eyantra-CoBot-24/src/install/eyantra_warehouse/share/eyantra_warehouse//models/boxes/box_7/meshes/box.dae
[1.394s] -- Installing: /home/soumyajit/Eyantra-CoBot-24/src/install/eyantra_warehouse/share/eyantra_warehouse//models/boxes/box_7/meshes/box__bg.png
[1.395s] -- Installing: /home/soumyajit/Eyantra-CoBot-24/src/install/eyantra_warehouse/share/eyantra_warehouse//models/boxes/box_7/meshes/aruco_tag.jpg
[1.395s] -- Installing: /home/soumyajit/Eyantra-CoBot-24/src/install/eyantra_warehouse/share/eyantra_warehouse//models/boxes/box_7/model.sdf
[1.395s] -- Installing: /home/soumyajit/Eyantra-CoBot-24/src/install/eyantra_warehouse/share/eyantra_warehouse//models/boxes/box_21
[1.395s] -- Installing: /home/soumyajit/Eyantra-CoBot-24/src/install/eyantra_warehouse/share/eyantra_warehouse//models/boxes/box_21/model.config
[1.395s] -- Installing: /home/soumyajit/Eyantra-CoBot-24/src/install/eyantra_warehouse/share/eyantra_warehouse//models/boxes/box_21/meshes
[1.395s] -- Installing: /home/soumyajit/Eyantra-CoBot-24/src/install/eyantra_warehouse/share/eyantra_warehouse//models/boxes/box_21/meshes/cardboard_bg.png
[1.396s] -- Installing: /home/soumyajit/Eyantra-CoBot-24/src/install/eyantra_warehouse/share/eyantra_warehouse//models/boxes/box_21/meshes/box.dae
[1.396s] -- Installing: /home/soumyajit/Eyantra-CoBot-24/src/install/eyantra_warehouse/share/eyantra_warehouse//models/boxes/box_21/meshes/box__bg.png
[1.397s] -- Installing: /home/soumyajit/Eyantra-CoBot-24/src/install/eyantra_warehouse/share/eyantra_warehouse//models/boxes/box_21/meshes/aruco_tag.jpg
[1.397s] -- Installing: /home/soumyajit/Eyantra-CoBot-24/src/install/eyantra_warehouse/share/eyantra_warehouse//models/boxes/box_21/model.sdf
[1.397s] -- Installing: /home/soumyajit/Eyantra-CoBot-24/src/install/eyantra_warehouse/share/eyantra_warehouse//models/boxes/box_10
[1.397s] -- Installing: /home/soumyajit/Eyantra-CoBot-24/src/install/eyantra_warehouse/share/eyantra_warehouse//models/boxes/box_10/model.config
[1.397s] -- Installing: /home/soumyajit/Eyantra-CoBot-24/src/install/eyantra_warehouse/share/eyantra_warehouse//models/boxes/box_10/meshes
[1.397s] -- Installing: /home/soumyajit/Eyantra-CoBot-24/src/install/eyantra_warehouse/share/eyantra_warehouse//models/boxes/box_10/meshes/cardboard_bg.png
[1.398s] -- Installing: /home/soumyajit/Eyantra-CoBot-24/src/install/eyantra_warehouse/share/eyantra_warehouse//models/boxes/box_10/meshes/box.dae
[1.398s] -- Installing: /home/soumyajit/Eyantra-CoBot-24/src/install/eyantra_warehouse/share/eyantra_warehouse//models/boxes/box_10/meshes/box__bg.png
[1.398s] -- Installing: /home/soumyajit/Eyantra-CoBot-24/src/install/eyantra_warehouse/share/eyantra_warehouse//models/boxes/box_10/meshes/aruco_tag.jpg
[1.399s] -- Installing: /home/soumyajit/Eyantra-CoBot-24/src/install/eyantra_warehouse/share/eyantra_warehouse//models/boxes/box_10/model.sdf
[1.399s] -- Installing: /home/soumyajit/Eyantra-CoBot-24/src/install/eyantra_warehouse/share/eyantra_warehouse//models/boxes/box_19
[1.399s] -- Installing: /home/soumyajit/Eyantra-CoBot-24/src/install/eyantra_warehouse/share/eyantra_warehouse//models/boxes/box_19/model.config
[1.400s] -- Installing: /home/soumyajit/Eyantra-CoBot-24/src/install/eyantra_warehouse/share/eyantra_warehouse//models/boxes/box_19/meshes
[1.400s] -- Installing: /home/soumyajit/Eyantra-CoBot-24/src/install/eyantra_warehouse/share/eyantra_warehouse//models/boxes/box_19/meshes/cardboard_bg.png
[1.400s] -- Installing: /home/soumyajit/Eyantra-CoBot-24/src/install/eyantra_warehouse/share/eyantra_warehouse//models/boxes/box_19/meshes/box.dae
[1.401s] -- Installing: /home/soumyajit/Eyantra-CoBot-24/src/install/eyantra_warehouse/share/eyantra_warehouse//models/boxes/box_19/meshes/box__bg.png
[1.403s] -- Installing: /home/soumyajit/Eyantra-CoBot-24/src/install/eyantra_warehouse/share/eyantra_warehouse//models/boxes/box_19/meshes/aruco_tag.jpg
[1.403s] -- Installing: /home/soumyajit/Eyantra-CoBot-24/src/install/eyantra_warehouse/share/eyantra_warehouse//models/boxes/box_19/model.sdf
[1.404s] -- Installing: /home/soumyajit/Eyantra-CoBot-24/src/install/eyantra_warehouse/share/eyantra_warehouse//models/boxes/box_9
[1.404s] -- Installing: /home/soumyajit/Eyantra-CoBot-24/src/install/eyantra_warehouse/share/eyantra_warehouse//models/boxes/box_9/model.config
[1.404s] -- Installing: /home/soumyajit/Eyantra-CoBot-24/src/install/eyantra_warehouse/share/eyantra_warehouse//models/boxes/box_9/meshes
[1.404s] -- Installing: /home/soumyajit/Eyantra-CoBot-24/src/install/eyantra_warehouse/share/eyantra_warehouse//models/boxes/box_9/meshes/cardboard_bg.png
[1.406s] -- Installing: /home/soumyajit/Eyantra-CoBot-24/src/install/eyantra_warehouse/share/eyantra_warehouse//models/boxes/box_9/meshes/box.dae
[1.406s] -- Installing: /home/soumyajit/Eyantra-CoBot-24/src/install/eyantra_warehouse/share/eyantra_warehouse//models/boxes/box_9/meshes/box__bg.png
[1.407s] -- Installing: /home/soumyajit/Eyantra-CoBot-24/src/install/eyantra_warehouse/share/eyantra_warehouse//models/boxes/box_9/meshes/aruco_tag.jpg
[1.407s] -- Installing: /home/soumyajit/Eyantra-CoBot-24/src/install/eyantra_warehouse/share/eyantra_warehouse//models/boxes/box_9/model.sdf
[1.407s] -- Installing: /home/soumyajit/Eyantra-CoBot-24/src/install/eyantra_warehouse/share/eyantra_warehouse//models/boxes/box_6
[1.408s] -- Installing: /home/soumyajit/Eyantra-CoBot-24/src/install/eyantra_warehouse/share/eyantra_warehouse//models/boxes/box_6/model.config
[1.408s] -- Installing: /home/soumyajit/Eyantra-CoBot-24/src/install/eyantra_warehouse/share/eyantra_warehouse//models/boxes/box_6/meshes
[1.408s] -- Installing: /home/soumyajit/Eyantra-CoBot-24/src/install/eyantra_warehouse/share/eyantra_warehouse//models/boxes/box_6/meshes/cardboard_bg.png
[1.408s] -- Installing: /home/soumyajit/Eyantra-CoBot-24/src/install/eyantra_warehouse/share/eyantra_warehouse//models/boxes/box_6/meshes/box.dae
[1.408s] -- Installing: /home/soumyajit/Eyantra-CoBot-24/src/install/eyantra_warehouse/share/eyantra_warehouse//models/boxes/box_6/meshes/box__bg.png
[1.409s] -- Installing: /home/soumyajit/Eyantra-CoBot-24/src/install/eyantra_warehouse/share/eyantra_warehouse//models/boxes/box_6/meshes/aruco_tag.jpg
[1.410s] -- Installing: /home/soumyajit/Eyantra-CoBot-24/src/install/eyantra_warehouse/share/eyantra_warehouse//models/boxes/box_6/model.sdf
[1.410s] -- Installing: /home/soumyajit/Eyantra-CoBot-24/src/install/eyantra_warehouse/share/eyantra_warehouse//models/boxes/box_42
[1.410s] -- Installing: /home/soumyajit/Eyantra-CoBot-24/src/install/eyantra_warehouse/share/eyantra_warehouse//models/boxes/box_42/model.config
[1.410s] -- Installing: /home/soumyajit/Eyantra-CoBot-24/src/install/eyantra_warehouse/share/eyantra_warehouse//models/boxes/box_42/meshes
[1.410s] -- Installing: /home/soumyajit/Eyantra-CoBot-24/src/install/eyantra_warehouse/share/eyantra_warehouse//models/boxes/box_42/meshes/cardboard_bg.png
[1.410s] -- Installing: /home/soumyajit/Eyantra-CoBot-24/src/install/eyantra_warehouse/share/eyantra_warehouse//models/boxes/box_42/meshes/box.dae
[1.410s] -- Installing: /home/soumyajit/Eyantra-CoBot-24/src/install/eyantra_warehouse/share/eyantra_warehouse//models/boxes/box_42/meshes/box__bg.png
[1.411s] -- Installing: /home/soumyajit/Eyantra-CoBot-24/src/install/eyantra_warehouse/share/eyantra_warehouse//models/boxes/box_42/meshes/aruco_tag.jpg
[1.412s] -- Installing: /home/soumyajit/Eyantra-CoBot-24/src/install/eyantra_warehouse/share/eyantra_warehouse//models/boxes/box_42/model.sdf
[1.412s] -- Installing: /home/soumyajit/Eyantra-CoBot-24/src/install/eyantra_warehouse/share/eyantra_warehouse//models/boxes/box_36
[1.412s] -- Installing: /home/soumyajit/Eyantra-CoBot-24/src/install/eyantra_warehouse/share/eyantra_warehouse//models/boxes/box_36/model.config
[1.412s] -- Installing: /home/soumyajit/Eyantra-CoBot-24/src/install/eyantra_warehouse/share/eyantra_warehouse//models/boxes/box_36/meshes
[1.412s] -- Installing: /home/soumyajit/Eyantra-CoBot-24/src/install/eyantra_warehouse/share/eyantra_warehouse//models/boxes/box_36/meshes/cardboard_bg.png
[1.413s] -- Installing: /home/soumyajit/Eyantra-CoBot-24/src/install/eyantra_warehouse/share/eyantra_warehouse//models/boxes/box_36/meshes/box.dae
[1.413s] -- Installing: /home/soumyajit/Eyantra-CoBot-24/src/install/eyantra_warehouse/share/eyantra_warehouse//models/boxes/box_36/meshes/box__bg.png
[1.414s] -- Installing: /home/soumyajit/Eyantra-CoBot-24/src/install/eyantra_warehouse/share/eyantra_warehouse//models/boxes/box_36/meshes/aruco_tag.jpg
[1.415s] -- Installing: /home/soumyajit/Eyantra-CoBot-24/src/install/eyantra_warehouse/share/eyantra_warehouse//models/boxes/box_36/model.sdf
[1.416s] -- Installing: /home/soumyajit/Eyantra-CoBot-24/src/install/eyantra_warehouse/share/eyantra_warehouse//models/boxes/box_2
[1.416s] -- Installing: /home/soumyajit/Eyantra-CoBot-24/src/install/eyantra_warehouse/share/eyantra_warehouse//models/boxes/box_2/model.config
[1.416s] -- Installing: /home/soumyajit/Eyantra-CoBot-24/src/install/eyantra_warehouse/share/eyantra_warehouse//models/boxes/box_2/meshes
[1.416s] -- Installing: /home/soumyajit/Eyantra-CoBot-24/src/install/eyantra_warehouse/share/eyantra_warehouse//models/boxes/box_2/meshes/cardboard_bg.png
[1.417s] -- Installing: /home/soumyajit/Eyantra-CoBot-24/src/install/eyantra_warehouse/share/eyantra_warehouse//models/boxes/box_2/meshes/box.dae
[1.417s] -- Installing: /home/soumyajit/Eyantra-CoBot-24/src/install/eyantra_warehouse/share/eyantra_warehouse//models/boxes/box_2/meshes/box__bg.png
[1.417s] -- Installing: /home/soumyajit/Eyantra-CoBot-24/src/install/eyantra_warehouse/share/eyantra_warehouse//models/boxes/box_2/meshes/aruco_tag.jpg
[1.417s] -- Installing: /home/soumyajit/Eyantra-CoBot-24/src/install/eyantra_warehouse/share/eyantra_warehouse//models/boxes/box_2/model.sdf
[1.417s] -- Installing: /home/soumyajit/Eyantra-CoBot-24/src/install/eyantra_warehouse/share/eyantra_warehouse//models/boxes/box_5
[1.418s] -- Installing: /home/soumyajit/Eyantra-CoBot-24/src/install/eyantra_warehouse/share/eyantra_warehouse//models/boxes/box_5/model.config
[1.418s] -- Installing: /home/soumyajit/Eyantra-CoBot-24/src/install/eyantra_warehouse/share/eyantra_warehouse//models/boxes/box_5/meshes
[1.418s] -- Installing: /home/soumyajit/Eyantra-CoBot-24/src/install/eyantra_warehouse/share/eyantra_warehouse//models/boxes/box_5/meshes/cardboard_bg.png
[1.419s] -- Installing: /home/soumyajit/Eyantra-CoBot-24/src/install/eyantra_warehouse/share/eyantra_warehouse//models/boxes/box_5/meshes/box.dae
[1.419s] -- Installing: /home/soumyajit/Eyantra-CoBot-24/src/install/eyantra_warehouse/share/eyantra_warehouse//models/boxes/box_5/meshes/box__bg.png
[1.419s] -- Installing: /home/soumyajit/Eyantra-CoBot-24/src/install/eyantra_warehouse/share/eyantra_warehouse//models/boxes/box_5/meshes/aruco_tag.jpg
[1.419s] -- Installing: /home/soumyajit/Eyantra-CoBot-24/src/install/eyantra_warehouse/share/eyantra_warehouse//models/boxes/box_5/model.sdf
[1.419s] -- Installing: /home/soumyajit/Eyantra-CoBot-24/src/install/eyantra_warehouse/share/eyantra_warehouse//models/boxes/box_34
[1.420s] -- Installing: /home/soumyajit/Eyantra-CoBot-24/src/install/eyantra_warehouse/share/eyantra_warehouse//models/boxes/box_34/model.config
[1.420s] -- Installing: /home/soumyajit/Eyantra-CoBot-24/src/install/eyantra_warehouse/share/eyantra_warehouse//models/boxes/box_34/meshes
[1.420s] -- Installing: /home/soumyajit/Eyantra-CoBot-24/src/install/eyantra_warehouse/share/eyantra_warehouse//models/boxes/box_34/meshes/cardboard_bg.png
[1.420s] -- Installing: /home/soumyajit/Eyantra-CoBot-24/src/install/eyantra_warehouse/share/eyantra_warehouse//models/boxes/box_34/meshes/box.dae
[1.420s] -- Installing: /home/soumyajit/Eyantra-CoBot-24/src/install/eyantra_warehouse/share/eyantra_warehouse//models/boxes/box_34/meshes/box__bg.png
[1.421s] -- Installing: /home/soumyajit/Eyantra-CoBot-24/src/install/eyantra_warehouse/share/eyantra_warehouse//models/boxes/box_34/meshes/aruco_tag.jpg
[1.421s] -- Installing: /home/soumyajit/Eyantra-CoBot-24/src/install/eyantra_warehouse/share/eyantra_warehouse//models/boxes/box_34/model.sdf
[1.421s] -- Installing: /home/soumyajit/Eyantra-CoBot-24/src/install/eyantra_warehouse/share/eyantra_warehouse//models/boxes/box_30
[1.421s] -- Installing: /home/soumyajit/Eyantra-CoBot-24/src/install/eyantra_warehouse/share/eyantra_warehouse//models/boxes/box_30/model.config
[1.422s] -- Installing: /home/soumyajit/Eyantra-CoBot-24/src/install/eyantra_warehouse/share/eyantra_warehouse//models/boxes/box_30/meshes
[1.423s] -- Installing: /home/soumyajit/Eyantra-CoBot-24/src/install/eyantra_warehouse/share/eyantra_warehouse//models/boxes/box_30/meshes/cardboard_bg.png
[1.425s] -- Installing: /home/soumyajit/Eyantra-CoBot-24/src/install/eyantra_warehouse/share/eyantra_warehouse//models/boxes/box_30/meshes/box.dae
[1.425s] -- Installing: /home/soumyajit/Eyantra-CoBot-24/src/install/eyantra_warehouse/share/eyantra_warehouse//models/boxes/box_30/meshes/box__bg.png
[1.425s] -- Installing: /home/soumyajit/Eyantra-CoBot-24/src/install/eyantra_warehouse/share/eyantra_warehouse//models/boxes/box_30/meshes/aruco_tag.jpg
[1.425s] -- Installing: /home/soumyajit/Eyantra-CoBot-24/src/install/eyantra_warehouse/share/eyantra_warehouse//models/boxes/box_30/model.sdf
[1.425s] -- Installing: /home/soumyajit/Eyantra-CoBot-24/src/install/eyantra_warehouse/share/eyantra_warehouse//models/boxes/box_43
[1.425s] -- Installing: /home/soumyajit/Eyantra-CoBot-24/src/install/eyantra_warehouse/share/eyantra_warehouse//models/boxes/box_43/model.config
[1.426s] -- Installing: /home/soumyajit/Eyantra-CoBot-24/src/install/eyantra_warehouse/share/eyantra_warehouse//models/boxes/box_43/meshes
[1.426s] -- Installing: /home/soumyajit/Eyantra-CoBot-24/src/install/eyantra_warehouse/share/eyantra_warehouse//models/boxes/box_43/meshes/cardboard_bg.png
[1.427s] -- Installing: /home/soumyajit/Eyantra-CoBot-24/src/install/eyantra_warehouse/share/eyantra_warehouse//models/boxes/box_43/meshes/box.dae
[1.427s] -- Installing: /home/soumyajit/Eyantra-CoBot-24/src/install/eyantra_warehouse/share/eyantra_warehouse//models/boxes/box_43/meshes/box__bg.png
[1.428s] -- Installing: /home/soumyajit/Eyantra-CoBot-24/src/install/eyantra_warehouse/share/eyantra_warehouse//models/boxes/box_43/meshes/aruco_tag.jpg
[1.428s] -- Installing: /home/soumyajit/Eyantra-CoBot-24/src/install/eyantra_warehouse/share/eyantra_warehouse//models/boxes/box_43/model.sdf
[1.428s] -- Installing: /home/soumyajit/Eyantra-CoBot-24/src/install/eyantra_warehouse/share/eyantra_warehouse//models/boxes/box_4
[1.428s] -- Installing: /home/soumyajit/Eyantra-CoBot-24/src/install/eyantra_warehouse/share/eyantra_warehouse//models/boxes/box_4/model.config
[1.428s] -- Installing: /home/soumyajit/Eyantra-CoBot-24/src/install/eyantra_warehouse/share/eyantra_warehouse//models/boxes/box_4/meshes
[1.428s] -- Installing: /home/soumyajit/Eyantra-CoBot-24/src/install/eyantra_warehouse/share/eyantra_warehouse//models/boxes/box_4/meshes/cardboard_bg.png
[1.428s] -- Installing: /home/soumyajit/Eyantra-CoBot-24/src/install/eyantra_warehouse/share/eyantra_warehouse//models/boxes/box_4/meshes/box.dae
[1.428s] -- Installing: /home/soumyajit/Eyantra-CoBot-24/src/install/eyantra_warehouse/share/eyantra_warehouse//models/boxes/box_4/meshes/box__bg.png
[1.428s] -- Installing: /home/soumyajit/Eyantra-CoBot-24/src/install/eyantra_warehouse/share/eyantra_warehouse//models/boxes/box_4/meshes/aruco_tag.jpg
[1.429s] -- Installing: /home/soumyajit/Eyantra-CoBot-24/src/install/eyantra_warehouse/share/eyantra_warehouse//models/boxes/box_4/model.sdf
[1.430s] -- Installing: /home/soumyajit/Eyantra-CoBot-24/src/install/eyantra_warehouse/share/eyantra_warehouse//models/boxes/box_17
[1.430s] -- Installing: /home/soumyajit/Eyantra-CoBot-24/src/install/eyantra_warehouse/share/eyantra_warehouse//models/boxes/box_17/model.config
[1.430s] -- Installing: /home/soumyajit/Eyantra-CoBot-24/src/install/eyantra_warehouse/share/eyantra_warehouse//models/boxes/box_17/meshes
[1.430s] -- Installing: /home/soumyajit/Eyantra-CoBot-24/src/install/eyantra_warehouse/share/eyantra_warehouse//models/boxes/box_17/meshes/cardboard_bg.png
[1.430s] -- Installing: /home/soumyajit/Eyantra-CoBot-24/src/install/eyantra_warehouse/share/eyantra_warehouse//models/boxes/box_17/meshes/box.dae
[1.431s] -- Installing: /home/soumyajit/Eyantra-CoBot-24/src/install/eyantra_warehouse/share/eyantra_warehouse//models/boxes/box_17/meshes/box__bg.png
[1.431s] -- Installing: /home/soumyajit/Eyantra-CoBot-24/src/install/eyantra_warehouse/share/eyantra_warehouse//models/boxes/box_17/meshes/aruco_tag.jpg
[1.433s] -- Installing: /home/soumyajit/Eyantra-CoBot-24/src/install/eyantra_warehouse/share/eyantra_warehouse//models/boxes/box_17/model.sdf
[1.433s] -- Installing: /home/soumyajit/Eyantra-CoBot-24/src/install/eyantra_warehouse/share/eyantra_warehouse//models/boxes/box_3
[1.433s] -- Installing: /home/soumyajit/Eyantra-CoBot-24/src/install/eyantra_warehouse/share/eyantra_warehouse//models/boxes/box_3/model.config
[1.433s] -- Installing: /home/soumyajit/Eyantra-CoBot-24/src/install/eyantra_warehouse/share/eyantra_warehouse//models/boxes/box_3/meshes
[1.433s] -- Installing: /home/soumyajit/Eyantra-CoBot-24/src/install/eyantra_warehouse/share/eyantra_warehouse//models/boxes/box_3/meshes/cardboard_bg.png
[1.433s] -- Installing: /home/soumyajit/Eyantra-CoBot-24/src/install/eyantra_warehouse/share/eyantra_warehouse//models/boxes/box_3/meshes/box.dae
[1.435s] -- Installing: /home/soumyajit/Eyantra-CoBot-24/src/install/eyantra_warehouse/share/eyantra_warehouse//models/boxes/box_3/meshes/box__bg.png
[1.435s] -- Installing: /home/soumyajit/Eyantra-CoBot-24/src/install/eyantra_warehouse/share/eyantra_warehouse//models/boxes/box_3/meshes/aruco_tag.jpg
[1.435s] -- Installing: /home/soumyajit/Eyantra-CoBot-24/src/install/eyantra_warehouse/share/eyantra_warehouse//models/boxes/box_3/model.sdf
[1.435s] -- Installing: /home/soumyajit/Eyantra-CoBot-24/src/install/eyantra_warehouse/share/eyantra_warehouse//models/boxes/box_48
[1.436s] -- Installing: /home/soumyajit/Eyantra-CoBot-24/src/install/eyantra_warehouse/share/eyantra_warehouse//models/boxes/box_48/model.config
[1.436s] -- Installing: /home/soumyajit/Eyantra-CoBot-24/src/install/eyantra_warehouse/share/eyantra_warehouse//models/boxes/box_48/meshes
[1.437s] -- Installing: /home/soumyajit/Eyantra-CoBot-24/src/install/eyantra_warehouse/share/eyantra_warehouse//models/boxes/box_48/meshes/cardboard_bg.png
[1.437s] -- Installing: /home/soumyajit/Eyantra-CoBot-24/src/install/eyantra_warehouse/share/eyantra_warehouse//models/boxes/box_48/meshes/box.dae
[1.437s] -- Installing: /home/soumyajit/Eyantra-CoBot-24/src/install/eyantra_warehouse/share/eyantra_warehouse//models/boxes/box_48/meshes/box__bg.png
[1.437s] -- Installing: /home/soumyajit/Eyantra-CoBot-24/src/install/eyantra_warehouse/share/eyantra_warehouse//models/boxes/box_48/meshes/aruco_tag.jpg
[1.437s] -- Installing: /home/soumyajit/Eyantra-CoBot-24/src/install/eyantra_warehouse/share/eyantra_warehouse//models/boxes/box_48/model.sdf
[1.438s] -- Installing: /home/soumyajit/Eyantra-CoBot-24/src/install/eyantra_warehouse/share/eyantra_warehouse//models/boxes/box_15
[1.438s] -- Installing: /home/soumyajit/Eyantra-CoBot-24/src/install/eyantra_warehouse/share/eyantra_warehouse//models/boxes/box_15/model.config
[1.438s] -- Installing: /home/soumyajit/Eyantra-CoBot-24/src/install/eyantra_warehouse/share/eyantra_warehouse//models/boxes/box_15/meshes
[1.438s] -- Installing: /home/soumyajit/Eyantra-CoBot-24/src/install/eyantra_warehouse/share/eyantra_warehouse//models/boxes/box_15/meshes/cardboard_bg.png
[1.438s] -- Installing: /home/soumyajit/Eyantra-CoBot-24/src/install/eyantra_warehouse/share/eyantra_warehouse//models/boxes/box_15/meshes/box.dae
[1.439s] -- Installing: /home/soumyajit/Eyantra-CoBot-24/src/install/eyantra_warehouse/share/eyantra_warehouse//models/boxes/box_15/meshes/box__bg.png
[1.441s] -- Installing: /home/soumyajit/Eyantra-CoBot-24/src/install/eyantra_warehouse/share/eyantra_warehouse//models/boxes/box_15/meshes/aruco_tag.jpg
[1.441s] -- Installing: /home/soumyajit/Eyantra-CoBot-24/src/install/eyantra_warehouse/share/eyantra_warehouse//models/boxes/box_15/model.sdf
[1.441s] -- Installing: /home/soumyajit/Eyantra-CoBot-24/src/install/eyantra_warehouse/share/eyantra_warehouse//models/boxes/box_20
[1.441s] -- Installing: /home/soumyajit/Eyantra-CoBot-24/src/install/eyantra_warehouse/share/eyantra_warehouse//models/boxes/box_20/model.config
[1.441s] -- Installing: /home/soumyajit/Eyantra-CoBot-24/src/install/eyantra_warehouse/share/eyantra_warehouse//models/boxes/box_20/meshes
[1.441s] -- Installing: /home/soumyajit/Eyantra-CoBot-24/src/install/eyantra_warehouse/share/eyantra_warehouse//models/boxes/box_20/meshes/cardboard_bg.png
[1.441s] -- Installing: /home/soumyajit/Eyantra-CoBot-24/src/install/eyantra_warehouse/share/eyantra_warehouse//models/boxes/box_20/meshes/box.dae
[1.441s] -- Installing: /home/soumyajit/Eyantra-CoBot-24/src/install/eyantra_warehouse/share/eyantra_warehouse//models/boxes/box_20/meshes/box__bg.png
[1.442s] -- Installing: /home/soumyajit/Eyantra-CoBot-24/src/install/eyantra_warehouse/share/eyantra_warehouse//models/boxes/box_20/meshes/aruco_tag.jpg
[1.443s] -- Installing: /home/soumyajit/Eyantra-CoBot-24/src/install/eyantra_warehouse/share/eyantra_warehouse//models/boxes/box_20/model.sdf
[1.443s] -- Installing: /home/soumyajit/Eyantra-CoBot-24/src/install/eyantra_warehouse/share/eyantra_warehouse//models/boxes/box_22
[1.444s] -- Installing: /home/soumyajit/Eyantra-CoBot-24/src/install/eyantra_warehouse/share/eyantra_warehouse//models/boxes/box_22/model.config
[1.444s] -- Installing: /home/soumyajit/Eyantra-CoBot-24/src/install/eyantra_warehouse/share/eyantra_warehouse//models/boxes/box_22/meshes
[1.444s] -- Installing: /home/soumyajit/Eyantra-CoBot-24/src/install/eyantra_warehouse/share/eyantra_warehouse//models/boxes/box_22/meshes/cardboard_bg.png
[1.445s] -- Installing: /home/soumyajit/Eyantra-CoBot-24/src/install/eyantra_warehouse/share/eyantra_warehouse//models/boxes/box_22/meshes/box.dae
[1.445s] -- Installing: /home/soumyajit/Eyantra-CoBot-24/src/install/eyantra_warehouse/share/eyantra_warehouse//models/boxes/box_22/meshes/box__bg.png
[1.446s] -- Installing: /home/soumyajit/Eyantra-CoBot-24/src/install/eyantra_warehouse/share/eyantra_warehouse//models/boxes/box_22/meshes/aruco_tag.jpg
[1.447s] -- Installing: /home/soumyajit/Eyantra-CoBot-24/src/install/eyantra_warehouse/share/eyantra_warehouse//models/boxes/box_22/model.sdf
[1.447s] -- Installing: /home/soumyajit/Eyantra-CoBot-24/src/install/eyantra_warehouse/share/eyantra_warehouse//models/boxes/box_49
[1.447s] -- Installing: /home/soumyajit/Eyantra-CoBot-24/src/install/eyantra_warehouse/share/eyantra_warehouse//models/boxes/box_49/model.config
[1.447s] -- Installing: /home/soumyajit/Eyantra-CoBot-24/src/install/eyantra_warehouse/share/eyantra_warehouse//models/boxes/box_49/meshes
[1.447s] -- Installing: /home/soumyajit/Eyantra-CoBot-24/src/install/eyantra_warehouse/share/eyantra_warehouse//models/boxes/box_49/meshes/cardboard_bg.png
[1.448s] -- Installing: /home/soumyajit/Eyantra-CoBot-24/src/install/eyantra_warehouse/share/eyantra_warehouse//models/boxes/box_49/meshes/box.dae
[1.448s] -- Installing: /home/soumyajit/Eyantra-CoBot-24/src/install/eyantra_warehouse/share/eyantra_warehouse//models/boxes/box_49/meshes/box__bg.png
[1.449s] -- Installing: /home/soumyajit/Eyantra-CoBot-24/src/install/eyantra_warehouse/share/eyantra_warehouse//models/boxes/box_49/meshes/aruco_tag.jpg
[1.449s] -- Installing: /home/soumyajit/Eyantra-CoBot-24/src/install/eyantra_warehouse/share/eyantra_warehouse//models/boxes/box_49/model.sdf
[1.450s] -- Installing: /home/soumyajit/Eyantra-CoBot-24/src/install/eyantra_warehouse/share/eyantra_warehouse//models/boxes/box_24
[1.450s] -- Installing: /home/soumyajit/Eyantra-CoBot-24/src/install/eyantra_warehouse/share/eyantra_warehouse//models/boxes/box_24/model.config
[1.450s] -- Installing: /home/soumyajit/Eyantra-CoBot-24/src/install/eyantra_warehouse/share/eyantra_warehouse//models/boxes/box_24/meshes
[1.450s] -- Installing: /home/soumyajit/Eyantra-CoBot-24/src/install/eyantra_warehouse/share/eyantra_warehouse//models/boxes/box_24/meshes/cardboard_bg.png
[1.451s] -- Installing: /home/soumyajit/Eyantra-CoBot-24/src/install/eyantra_warehouse/share/eyantra_warehouse//models/boxes/box_24/meshes/box.dae
[1.451s] -- Installing: /home/soumyajit/Eyantra-CoBot-24/src/install/eyantra_warehouse/share/eyantra_warehouse//models/boxes/box_24/meshes/box__bg.png
[1.452s] -- Installing: /home/soumyajit/Eyantra-CoBot-24/src/install/eyantra_warehouse/share/eyantra_warehouse//models/boxes/box_24/meshes/aruco_tag.jpg
[1.452s] -- Installing: /home/soumyajit/Eyantra-CoBot-24/src/install/eyantra_warehouse/share/eyantra_warehouse//models/boxes/box_24/model.sdf
[1.453s] -- Installing: /home/soumyajit/Eyantra-CoBot-24/src/install/eyantra_warehouse/share/eyantra_warehouse//models/boxes/box_12
[1.453s] -- Installing: /home/soumyajit/Eyantra-CoBot-24/src/install/eyantra_warehouse/share/eyantra_warehouse//models/boxes/box_12/model.config
[1.453s] -- Installing: /home/soumyajit/Eyantra-CoBot-24/src/install/eyantra_warehouse/share/eyantra_warehouse//models/boxes/box_12/meshes
[1.453s] -- Installing: /home/soumyajit/Eyantra-CoBot-24/src/install/eyantra_warehouse/share/eyantra_warehouse//models/boxes/box_12/meshes/cardboard_bg.png
[1.454s] -- Installing: /home/soumyajit/Eyantra-CoBot-24/src/install/eyantra_warehouse/share/eyantra_warehouse//models/boxes/box_12/meshes/box.dae
[1.454s] -- Installing: /home/soumyajit/Eyantra-CoBot-24/src/install/eyantra_warehouse/share/eyantra_warehouse//models/boxes/box_12/meshes/box__bg.png
[1.455s] -- Installing: /home/soumyajit/Eyantra-CoBot-24/src/install/eyantra_warehouse/share/eyantra_warehouse//models/boxes/box_12/meshes/aruco_tag.jpg
[1.455s] -- Installing: /home/soumyajit/Eyantra-CoBot-24/src/install/eyantra_warehouse/share/eyantra_warehouse//models/boxes/box_12/model.sdf
[1.456s] -- Installing: /home/soumyajit/Eyantra-CoBot-24/src/install/eyantra_warehouse/share/eyantra_warehouse//models/boxes/box_14
[1.456s] -- Installing: /home/soumyajit/Eyantra-CoBot-24/src/install/eyantra_warehouse/share/eyantra_warehouse//models/boxes/box_14/model.config
[1.456s] -- Installing: /home/soumyajit/Eyantra-CoBot-24/src/install/eyantra_warehouse/share/eyantra_warehouse//models/boxes/box_14/meshes
[1.456s] -- Installing: /home/soumyajit/Eyantra-CoBot-24/src/install/eyantra_warehouse/share/eyantra_warehouse//models/boxes/box_14/meshes/cardboard_bg.png
[1.456s] -- Installing: /home/soumyajit/Eyantra-CoBot-24/src/install/eyantra_warehouse/share/eyantra_warehouse//models/boxes/box_14/meshes/box.dae
[1.456s] -- Installing: /home/soumyajit/Eyantra-CoBot-24/src/install/eyantra_warehouse/share/eyantra_warehouse//models/boxes/box_14/meshes/box__bg.png
[1.456s] -- Installing: /home/soumyajit/Eyantra-CoBot-24/src/install/eyantra_warehouse/share/eyantra_warehouse//models/boxes/box_14/meshes/aruco_tag.jpg
[1.457s] -- Installing: /home/soumyajit/Eyantra-CoBot-24/src/install/eyantra_warehouse/share/eyantra_warehouse//models/boxes/box_14/model.sdf
[1.457s] -- Installing: /home/soumyajit/Eyantra-CoBot-24/src/install/eyantra_warehouse/share/eyantra_warehouse//models/boxes/box_8
[1.457s] -- Installing: /home/soumyajit/Eyantra-CoBot-24/src/install/eyantra_warehouse/share/eyantra_warehouse//models/boxes/box_8/model.config
[1.457s] -- Installing: /home/soumyajit/Eyantra-CoBot-24/src/install/eyantra_warehouse/share/eyantra_warehouse//models/boxes/box_8/meshes
[1.457s] -- Installing: /home/soumyajit/Eyantra-CoBot-24/src/install/eyantra_warehouse/share/eyantra_warehouse//models/boxes/box_8/meshes/cardboard_bg.png
[1.458s] -- Installing: /home/soumyajit/Eyantra-CoBot-24/src/install/eyantra_warehouse/share/eyantra_warehouse//models/boxes/box_8/meshes/box.dae
[1.458s] -- Installing: /home/soumyajit/Eyantra-CoBot-24/src/install/eyantra_warehouse/share/eyantra_warehouse//models/boxes/box_8/meshes/box__bg.png
[1.459s] -- Installing: /home/soumyajit/Eyantra-CoBot-24/src/install/eyantra_warehouse/share/eyantra_warehouse//models/boxes/box_8/meshes/aruco_tag.jpg
[1.459s] -- Installing: /home/soumyajit/Eyantra-CoBot-24/src/install/eyantra_warehouse/share/eyantra_warehouse//models/boxes/box_8/model.sdf
[1.459s] -- Installing: /home/soumyajit/Eyantra-CoBot-24/src/install/eyantra_warehouse/share/eyantra_warehouse//models/boxes/box_11
[1.459s] -- Installing: /home/soumyajit/Eyantra-CoBot-24/src/install/eyantra_warehouse/share/eyantra_warehouse//models/boxes/box_11/model.config
[1.459s] -- Installing: /home/soumyajit/Eyantra-CoBot-24/src/install/eyantra_warehouse/share/eyantra_warehouse//models/boxes/box_11/meshes
[1.459s] -- Installing: /home/soumyajit/Eyantra-CoBot-24/src/install/eyantra_warehouse/share/eyantra_warehouse//models/boxes/box_11/meshes/cardboard_bg.png
[1.460s] -- Installing: /home/soumyajit/Eyantra-CoBot-24/src/install/eyantra_warehouse/share/eyantra_warehouse//models/boxes/box_11/meshes/box.dae
[1.461s] -- Installing: /home/soumyajit/Eyantra-CoBot-24/src/install/eyantra_warehouse/share/eyantra_warehouse//models/boxes/box_11/meshes/box__bg.png
[1.461s] -- Installing: /home/soumyajit/Eyantra-CoBot-24/src/install/eyantra_warehouse/share/eyantra_warehouse//models/boxes/box_11/meshes/aruco_tag.jpg
[1.462s] -- Installing: /home/soumyajit/Eyantra-CoBot-24/src/install/eyantra_warehouse/share/eyantra_warehouse//models/boxes/box_11/model.sdf
[1.462s] -- Installing: /home/soumyajit/Eyantra-CoBot-24/src/install/eyantra_warehouse/share/eyantra_warehouse//models/boxes/box.stl
[1.462s] -- Installing: /home/soumyajit/Eyantra-CoBot-24/src/install/eyantra_warehouse/share/eyantra_warehouse//models/boxes/box_23
[1.462s] -- Installing: /home/soumyajit/Eyantra-CoBot-24/src/install/eyantra_warehouse/share/eyantra_warehouse//models/boxes/box_23/model.config
[1.463s] -- Installing: /home/soumyajit/Eyantra-CoBot-24/src/install/eyantra_warehouse/share/eyantra_warehouse//models/boxes/box_23/meshes
[1.463s] -- Installing: /home/soumyajit/Eyantra-CoBot-24/src/install/eyantra_warehouse/share/eyantra_warehouse//models/boxes/box_23/meshes/cardboard_bg.png
[1.464s] -- Installing: /home/soumyajit/Eyantra-CoBot-24/src/install/eyantra_warehouse/share/eyantra_warehouse//models/boxes/box_23/meshes/box.dae
[1.465s] -- Installing: /home/soumyajit/Eyantra-CoBot-24/src/install/eyantra_warehouse/share/eyantra_warehouse//models/boxes/box_23/meshes/box__bg.png
[1.466s] -- Installing: /home/soumyajit/Eyantra-CoBot-24/src/install/eyantra_warehouse/share/eyantra_warehouse//models/boxes/box_23/meshes/aruco_tag.jpg
[1.467s] -- Installing: /home/soumyajit/Eyantra-CoBot-24/src/install/eyantra_warehouse/share/eyantra_warehouse//models/boxes/box_23/model.sdf
[1.467s] -- Installing: /home/soumyajit/Eyantra-CoBot-24/src/install/eyantra_warehouse/share/eyantra_warehouse//models/boxes/box_29
[1.467s] -- Installing: /home/soumyajit/Eyantra-CoBot-24/src/install/eyantra_warehouse/share/eyantra_warehouse//models/boxes/box_29/model.config
[1.468s] -- Installing: /home/soumyajit/Eyantra-CoBot-24/src/install/eyantra_warehouse/share/eyantra_warehouse//models/boxes/box_29/meshes
[1.468s] -- Installing: /home/soumyajit/Eyantra-CoBot-24/src/install/eyantra_warehouse/share/eyantra_warehouse//models/boxes/box_29/meshes/cardboard_bg.png
[1.469s] -- Installing: /home/soumyajit/Eyantra-CoBot-24/src/install/eyantra_warehouse/share/eyantra_warehouse//models/boxes/box_29/meshes/box.dae
[1.469s] -- Installing: /home/soumyajit/Eyantra-CoBot-24/src/install/eyantra_warehouse/share/eyantra_warehouse//models/boxes/box_29/meshes/box__bg.png
[1.470s] -- Installing: /home/soumyajit/Eyantra-CoBot-24/src/install/eyantra_warehouse/share/eyantra_warehouse//models/boxes/box_29/meshes/aruco_tag.jpg
[1.471s] -- Installing: /home/soumyajit/Eyantra-CoBot-24/src/install/eyantra_warehouse/share/eyantra_warehouse//models/boxes/box_29/model.sdf
[1.471s] -- Installing: /home/soumyajit/Eyantra-CoBot-24/src/install/eyantra_warehouse/share/eyantra_warehouse//models/boxes/box_32
[1.471s] -- Installing: /home/soumyajit/Eyantra-CoBot-24/src/install/eyantra_warehouse/share/eyantra_warehouse//models/boxes/box_32/model.config
[1.471s] -- Installing: /home/soumyajit/Eyantra-CoBot-24/src/install/eyantra_warehouse/share/eyantra_warehouse//models/boxes/box_32/meshes
[1.471s] -- Installing: /home/soumyajit/Eyantra-CoBot-24/src/install/eyantra_warehouse/share/eyantra_warehouse//models/boxes/box_32/meshes/cardboard_bg.png
[1.472s] -- Installing: /home/soumyajit/Eyantra-CoBot-24/src/install/eyantra_warehouse/share/eyantra_warehouse//models/boxes/box_32/meshes/box.dae
[1.473s] -- Installing: /home/soumyajit/Eyantra-CoBot-24/src/install/eyantra_warehouse/share/eyantra_warehouse//models/boxes/box_32/meshes/box__bg.png
[1.473s] -- Installing: /home/soumyajit/Eyantra-CoBot-24/src/install/eyantra_warehouse/share/eyantra_warehouse//models/boxes/box_32/meshes/aruco_tag.jpg
[1.474s] -- Installing: /home/soumyajit/Eyantra-CoBot-24/src/install/eyantra_warehouse/share/eyantra_warehouse//models/boxes/box_32/model.sdf
[1.474s] -- Installing: /home/soumyajit/Eyantra-CoBot-24/src/install/eyantra_warehouse/share/eyantra_warehouse//models/boxes/box_25
[1.474s] -- Installing: /home/soumyajit/Eyantra-CoBot-24/src/install/eyantra_warehouse/share/eyantra_warehouse//models/boxes/box_25/model.config
[1.474s] -- Installing: /home/soumyajit/Eyantra-CoBot-24/src/install/eyantra_warehouse/share/eyantra_warehouse//models/boxes/box_25/meshes
[1.474s] -- Installing: /home/soumyajit/Eyantra-CoBot-24/src/install/eyantra_warehouse/share/eyantra_warehouse//models/boxes/box_25/meshes/cardboard_bg.png
[1.474s] -- Installing: /home/soumyajit/Eyantra-CoBot-24/src/install/eyantra_warehouse/share/eyantra_warehouse//models/boxes/box_25/meshes/box.dae
[1.475s] -- Installing: /home/soumyajit/Eyantra-CoBot-24/src/install/eyantra_warehouse/share/eyantra_warehouse//models/boxes/box_25/meshes/box__bg.png
[1.475s] -- Installing: /home/soumyajit/Eyantra-CoBot-24/src/install/eyantra_warehouse/share/eyantra_warehouse//models/boxes/box_25/meshes/aruco_tag.jpg
[1.475s] -- Installing: /home/soumyajit/Eyantra-CoBot-24/src/install/eyantra_warehouse/share/eyantra_warehouse//models/boxes/box_25/model.sdf
[1.476s] -- Installing: /home/soumyajit/Eyantra-CoBot-24/src/install/eyantra_warehouse/share/eyantra_warehouse//models/boxes/box_37
[1.476s] -- Installing: /home/soumyajit/Eyantra-CoBot-24/src/install/eyantra_warehouse/share/eyantra_warehouse//models/boxes/box_37/model.config
[1.476s] -- Installing: /home/soumyajit/Eyantra-CoBot-24/src/install/eyantra_warehouse/share/eyantra_warehouse//models/boxes/box_37/meshes
[1.476s] -- Installing: /home/soumyajit/Eyantra-CoBot-24/src/install/eyantra_warehouse/share/eyantra_warehouse//models/boxes/box_37/meshes/cardboard_bg.png
[1.476s] -- Installing: /home/soumyajit/Eyantra-CoBot-24/src/install/eyantra_warehouse/share/eyantra_warehouse//models/boxes/box_37/meshes/box.dae
[1.477s] -- Installing: /home/soumyajit/Eyantra-CoBot-24/src/install/eyantra_warehouse/share/eyantra_warehouse//models/boxes/box_37/meshes/box__bg.png
[1.477s] -- Installing: /home/soumyajit/Eyantra-CoBot-24/src/install/eyantra_warehouse/share/eyantra_warehouse//models/boxes/box_37/meshes/aruco_tag.jpg
[1.478s] -- Installing: /home/soumyajit/Eyantra-CoBot-24/src/install/eyantra_warehouse/share/eyantra_warehouse//models/boxes/box_37/model.sdf
[1.478s] -- Installing: /home/soumyajit/Eyantra-CoBot-24/src/install/eyantra_warehouse/share/eyantra_warehouse//models/boxes/box_38
[1.478s] -- Installing: /home/soumyajit/Eyantra-CoBot-24/src/install/eyantra_warehouse/share/eyantra_warehouse//models/boxes/box_38/model.config
[1.478s] -- Installing: /home/soumyajit/Eyantra-CoBot-24/src/install/eyantra_warehouse/share/eyantra_warehouse//models/boxes/box_38/meshes
[1.478s] -- Installing: /home/soumyajit/Eyantra-CoBot-24/src/install/eyantra_warehouse/share/eyantra_warehouse//models/boxes/box_38/meshes/cardboard_bg.png
[1.479s] -- Installing: /home/soumyajit/Eyantra-CoBot-24/src/install/eyantra_warehouse/share/eyantra_warehouse//models/boxes/box_38/meshes/box.dae
[1.479s] -- Installing: /home/soumyajit/Eyantra-CoBot-24/src/install/eyantra_warehouse/share/eyantra_warehouse//models/boxes/box_38/meshes/box__bg.png
[1.479s] -- Installing: /home/soumyajit/Eyantra-CoBot-24/src/install/eyantra_warehouse/share/eyantra_warehouse//models/boxes/box_38/meshes/aruco_tag.jpg
[1.480s] -- Installing: /home/soumyajit/Eyantra-CoBot-24/src/install/eyantra_warehouse/share/eyantra_warehouse//models/boxes/box_38/model.sdf
[1.480s] -- Installing: /home/soumyajit/Eyantra-CoBot-24/src/install/eyantra_warehouse/share/eyantra_warehouse//models/boxes/box_35
[1.480s] -- Installing: /home/soumyajit/Eyantra-CoBot-24/src/install/eyantra_warehouse/share/eyantra_warehouse//models/boxes/box_35/model.config
[1.480s] -- Installing: /home/soumyajit/Eyantra-CoBot-24/src/install/eyantra_warehouse/share/eyantra_warehouse//models/boxes/box_35/meshes
[1.480s] -- Installing: /home/soumyajit/Eyantra-CoBot-24/src/install/eyantra_warehouse/share/eyantra_warehouse//models/boxes/box_35/meshes/cardboard_bg.png
[1.481s] -- Installing: /home/soumyajit/Eyantra-CoBot-24/src/install/eyantra_warehouse/share/eyantra_warehouse//models/boxes/box_35/meshes/box.dae
[1.481s] -- Installing: /home/soumyajit/Eyantra-CoBot-24/src/install/eyantra_warehouse/share/eyantra_warehouse//models/boxes/box_35/meshes/box__bg.png
[1.483s] -- Installing: /home/soumyajit/Eyantra-CoBot-24/src/install/eyantra_warehouse/share/eyantra_warehouse//models/boxes/box_35/meshes/aruco_tag.jpg
[1.484s] -- Installing: /home/soumyajit/Eyantra-CoBot-24/src/install/eyantra_warehouse/share/eyantra_warehouse//models/boxes/box_35/model.sdf
[1.484s] -- Installing: /home/soumyajit/Eyantra-CoBot-24/src/install/eyantra_warehouse/share/eyantra_warehouse//models/boxes/box_26
[1.484s] -- Installing: /home/soumyajit/Eyantra-CoBot-24/src/install/eyantra_warehouse/share/eyantra_warehouse//models/boxes/box_26/model.config
[1.485s] -- Installing: /home/soumyajit/Eyantra-CoBot-24/src/install/eyantra_warehouse/share/eyantra_warehouse//models/boxes/box_26/meshes
[1.485s] -- Installing: /home/soumyajit/Eyantra-CoBot-24/src/install/eyantra_warehouse/share/eyantra_warehouse//models/boxes/box_26/meshes/cardboard_bg.png
[1.487s] -- Installing: /home/soumyajit/Eyantra-CoBot-24/src/install/eyantra_warehouse/share/eyantra_warehouse//models/boxes/box_26/meshes/box.dae
[1.488s] -- Installing: /home/soumyajit/Eyantra-CoBot-24/src/install/eyantra_warehouse/share/eyantra_warehouse//models/boxes/box_26/meshes/box__bg.png
[1.489s] -- Installing: /home/soumyajit/Eyantra-CoBot-24/src/install/eyantra_warehouse/share/eyantra_warehouse//models/boxes/box_26/meshes/aruco_tag.jpg
[1.489s] -- Installing: /home/soumyajit/Eyantra-CoBot-24/src/install/eyantra_warehouse/share/eyantra_warehouse//models/boxes/box_26/model.sdf
[1.490s] -- Installing: /home/soumyajit/Eyantra-CoBot-24/src/install/eyantra_warehouse/share/eyantra_warehouse//models/boxes/box_41
[1.490s] -- Installing: /home/soumyajit/Eyantra-CoBot-24/src/install/eyantra_warehouse/share/eyantra_warehouse//models/boxes/box_41/model.config
[1.490s] -- Installing: /home/soumyajit/Eyantra-CoBot-24/src/install/eyantra_warehouse/share/eyantra_warehouse//models/boxes/box_41/meshes
[1.490s] -- Installing: /home/soumyajit/Eyantra-CoBot-24/src/install/eyantra_warehouse/share/eyantra_warehouse//models/boxes/box_41/meshes/cardboard_bg.png
[1.491s] -- Installing: /home/soumyajit/Eyantra-CoBot-24/src/install/eyantra_warehouse/share/eyantra_warehouse//models/boxes/box_41/meshes/box.dae
[1.492s] -- Installing: /home/soumyajit/Eyantra-CoBot-24/src/install/eyantra_warehouse/share/eyantra_warehouse//models/boxes/box_41/meshes/box__bg.png
[1.494s] -- Installing: /home/soumyajit/Eyantra-CoBot-24/src/install/eyantra_warehouse/share/eyantra_warehouse//models/boxes/box_41/meshes/aruco_tag.jpg
[1.494s] -- Installing: /home/soumyajit/Eyantra-CoBot-24/src/install/eyantra_warehouse/share/eyantra_warehouse//models/boxes/box_41/model.sdf
[1.495s] -- Installing: /home/soumyajit/Eyantra-CoBot-24/src/install/eyantra_warehouse/share/eyantra_warehouse//models/boxes/box_31
[1.495s] -- Installing: /home/soumyajit/Eyantra-CoBot-24/src/install/eyantra_warehouse/share/eyantra_warehouse//models/boxes/box_31/model.config
[1.495s] -- Installing: /home/soumyajit/Eyantra-CoBot-24/src/install/eyantra_warehouse/share/eyantra_warehouse//models/boxes/box_31/meshes
[1.495s] -- Installing: /home/soumyajit/Eyantra-CoBot-24/src/install/eyantra_warehouse/share/eyantra_warehouse//models/boxes/box_31/meshes/cardboard_bg.png
[1.496s] -- Installing: /home/soumyajit/Eyantra-CoBot-24/src/install/eyantra_warehouse/share/eyantra_warehouse//models/boxes/box_31/meshes/box.dae
[1.498s] -- Installing: /home/soumyajit/Eyantra-CoBot-24/src/install/eyantra_warehouse/share/eyantra_warehouse//models/boxes/box_31/meshes/box__bg.png
[1.498s] -- Installing: /home/soumyajit/Eyantra-CoBot-24/src/install/eyantra_warehouse/share/eyantra_warehouse//models/boxes/box_31/meshes/aruco_tag.jpg
[1.498s] -- Installing: /home/soumyajit/Eyantra-CoBot-24/src/install/eyantra_warehouse/share/eyantra_warehouse//models/boxes/box_31/model.sdf
[1.498s] -- Installing: /home/soumyajit/Eyantra-CoBot-24/src/install/eyantra_warehouse/share/eyantra_warehouse//models/boxes/box_44
[1.499s] -- Installing: /home/soumyajit/Eyantra-CoBot-24/src/install/eyantra_warehouse/share/eyantra_warehouse//models/boxes/box_44/model.config
[1.499s] -- Installing: /home/soumyajit/Eyantra-CoBot-24/src/install/eyantra_warehouse/share/eyantra_warehouse//models/boxes/box_44/meshes
[1.499s] -- Installing: /home/soumyajit/Eyantra-CoBot-24/src/install/eyantra_warehouse/share/eyantra_warehouse//models/boxes/box_44/meshes/cardboard_bg.png
[1.501s] -- Installing: /home/soumyajit/Eyantra-CoBot-24/src/install/eyantra_warehouse/share/eyantra_warehouse//models/boxes/box_44/meshes/box.dae
[1.501s] -- Installing: /home/soumyajit/Eyantra-CoBot-24/src/install/eyantra_warehouse/share/eyantra_warehouse//models/boxes/box_44/meshes/box__bg.png
[1.502s] -- Installing: /home/soumyajit/Eyantra-CoBot-24/src/install/eyantra_warehouse/share/eyantra_warehouse//models/boxes/box_44/meshes/aruco_tag.jpg
[1.504s] -- Installing: /home/soumyajit/Eyantra-CoBot-24/src/install/eyantra_warehouse/share/eyantra_warehouse//models/boxes/box_44/model.sdf
[1.504s] -- Installing: /home/soumyajit/Eyantra-CoBot-24/src/install/eyantra_warehouse/share/eyantra_warehouse//models/boxes/box_27
[1.504s] -- Installing: /home/soumyajit/Eyantra-CoBot-24/src/install/eyantra_warehouse/share/eyantra_warehouse//models/boxes/box_27/model.config
[1.504s] -- Installing: /home/soumyajit/Eyantra-CoBot-24/src/install/eyantra_warehouse/share/eyantra_warehouse//models/boxes/box_27/meshes
[1.504s] -- Installing: /home/soumyajit/Eyantra-CoBot-24/src/install/eyantra_warehouse/share/eyantra_warehouse//models/boxes/box_27/meshes/cardboard_bg.png
[1.505s] -- Installing: /home/soumyajit/Eyantra-CoBot-24/src/install/eyantra_warehouse/share/eyantra_warehouse//models/boxes/box_27/meshes/box.dae
[1.505s] -- Installing: /home/soumyajit/Eyantra-CoBot-24/src/install/eyantra_warehouse/share/eyantra_warehouse//models/boxes/box_27/meshes/box__bg.png
[1.506s] -- Installing: /home/soumyajit/Eyantra-CoBot-24/src/install/eyantra_warehouse/share/eyantra_warehouse//models/boxes/box_27/meshes/aruco_tag.jpg
[1.506s] -- Installing: /home/soumyajit/Eyantra-CoBot-24/src/install/eyantra_warehouse/share/eyantra_warehouse//models/boxes/box_27/model.sdf
[1.506s] -- Installing: /home/soumyajit/Eyantra-CoBot-24/src/install/eyantra_warehouse/share/eyantra_warehouse//models/boxes/box_16
[1.506s] -- Installing: /home/soumyajit/Eyantra-CoBot-24/src/install/eyantra_warehouse/share/eyantra_warehouse//models/boxes/box_16/model.config
[1.506s] -- Installing: /home/soumyajit/Eyantra-CoBot-24/src/install/eyantra_warehouse/share/eyantra_warehouse//models/boxes/box_16/meshes
[1.506s] -- Installing: /home/soumyajit/Eyantra-CoBot-24/src/install/eyantra_warehouse/share/eyantra_warehouse//models/boxes/box_16/meshes/cardboard_bg.png
[1.512s] -- Installing: /home/soumyajit/Eyantra-CoBot-24/src/install/eyantra_warehouse/share/eyantra_warehouse//models/boxes/box_16/meshes/box.dae
[1.513s] -- Installing: /home/soumyajit/Eyantra-CoBot-24/src/install/eyantra_warehouse/share/eyantra_warehouse//models/boxes/box_16/meshes/box__bg.png
[1.513s] -- Installing: /home/soumyajit/Eyantra-CoBot-24/src/install/eyantra_warehouse/share/eyantra_warehouse//models/boxes/box_16/meshes/aruco_tag.jpg
[1.513s] -- Installing: /home/soumyajit/Eyantra-CoBot-24/src/install/eyantra_warehouse/share/eyantra_warehouse//models/boxes/box_16/model.sdf
[1.513s] -- Installing: /home/soumyajit/Eyantra-CoBot-24/src/install/eyantra_warehouse/share/eyantra_warehouse//models/boxes/box_28
[1.513s] -- Installing: /home/soumyajit/Eyantra-CoBot-24/src/install/eyantra_warehouse/share/eyantra_warehouse//models/boxes/box_28/model.config
[1.514s] -- Installing: /home/soumyajit/Eyantra-CoBot-24/src/install/eyantra_warehouse/share/eyantra_warehouse//models/boxes/box_28/meshes
[1.514s] -- Installing: /home/soumyajit/Eyantra-CoBot-24/src/install/eyantra_warehouse/share/eyantra_warehouse//models/boxes/box_28/meshes/cardboard_bg.png
[1.514s] -- Installing: /home/soumyajit/Eyantra-CoBot-24/src/install/eyantra_warehouse/share/eyantra_warehouse//models/boxes/box_28/meshes/box.dae
[1.514s] -- Installing: /home/soumyajit/Eyantra-CoBot-24/src/install/eyantra_warehouse/share/eyantra_warehouse//models/boxes/box_28/meshes/box__bg.png
[1.514s] -- Installing: /home/soumyajit/Eyantra-CoBot-24/src/install/eyantra_warehouse/share/eyantra_warehouse//models/boxes/box_28/meshes/aruco_tag.jpg
[1.514s] -- Installing: /home/soumyajit/Eyantra-CoBot-24/src/install/eyantra_warehouse/share/eyantra_warehouse//models/boxes/box_28/model.sdf
[1.514s] -- Installing: /home/soumyajit/Eyantra-CoBot-24/src/install/eyantra_warehouse/share/eyantra_warehouse//models/drop_table
[1.514s] -- Installing: /home/soumyajit/Eyantra-CoBot-24/src/install/eyantra_warehouse/share/eyantra_warehouse//models/drop_table/model.config
[1.514s] -- Installing: /home/soumyajit/Eyantra-CoBot-24/src/install/eyantra_warehouse/share/eyantra_warehouse//models/drop_table/meshes
[1.514s] -- Installing: /home/soumyajit/Eyantra-CoBot-24/src/install/eyantra_warehouse/share/eyantra_warehouse//models/drop_table/meshes/table.dae
[1.514s] -- Installing: /home/soumyajit/Eyantra-CoBot-24/src/install/eyantra_warehouse/share/eyantra_warehouse//models/drop_table/meshes/eyantra_logo~red_280x55.png.001.png
[1.515s] -- Installing: /home/soumyajit/Eyantra-CoBot-24/src/install/eyantra_warehouse/share/eyantra_warehouse//models/drop_table/meshes/eyantra_logo~red_280x55.png
[1.516s] -- Installing: /home/soumyajit/Eyantra-CoBot-24/src/install/eyantra_warehouse/share/eyantra_warehouse//models/drop_table/model.sdf
[1.516s] -- Installing: /home/soumyajit/Eyantra-CoBot-24/src/install/eyantra_warehouse/share/eyantra_warehouse//models/LB_city
[1.516s] -- Installing: /home/soumyajit/Eyantra-CoBot-24/src/install/eyantra_warehouse/share/eyantra_warehouse//models/LB_city/model.config
[1.517s] -- Installing: /home/soumyajit/Eyantra-CoBot-24/src/install/eyantra_warehouse/share/eyantra_warehouse//models/LB_city/meshes
[1.517s] -- Installing: /home/soumyajit/Eyantra-CoBot-24/src/install/eyantra_warehouse/share/eyantra_warehouse//models/LB_city/meshes/pv2c.jpg
[1.519s] -- Installing: /home/soumyajit/Eyantra-CoBot-24/src/install/eyantra_warehouse/share/eyantra_warehouse//models/LB_city/meshes/LAWN.jpg
[1.535s] -- Installing: /home/soumyajit/Eyantra-CoBot-24/src/install/eyantra_warehouse/share/eyantra_warehouse//models/LB_city/meshes/f1q.jpg
[1.535s] -- Installing: /home/soumyajit/Eyantra-CoBot-24/src/install/eyantra_warehouse/share/eyantra_warehouse//models/LB_city/meshes/pb2.jpg
[1.536s] -- Installing: /home/soumyajit/Eyantra-CoBot-24/src/install/eyantra_warehouse/share/eyantra_warehouse//models/LB_city/meshes/dm1.jpg
[1.542s] -- Installing: /home/soumyajit/Eyantra-CoBot-24/src/install/eyantra_warehouse/share/eyantra_warehouse//models/LB_city/meshes/grass.png
[1.547s] -- Installing: /home/soumyajit/Eyantra-CoBot-24/src/install/eyantra_warehouse/share/eyantra_warehouse//models/LB_city/meshes/SolarPanelsPolycrystallineTypeBFramedClean001_COL_3K.jpg.004.jp.jpg
[1.550s] -- Installing: /home/soumyajit/Eyantra-CoBot-24/src/install/eyantra_warehouse/share/eyantra_warehouse//models/LB_city/meshes/ocean_texture.jpeg
[1.554s] -- Installing: /home/soumyajit/Eyantra-CoBot-24/src/install/eyantra_warehouse/share/eyantra_warehouse//models/LB_city/meshes/f1q.jpg.001.jpg
[1.555s] -- Installing: /home/soumyajit/Eyantra-CoBot-24/src/install/eyantra_warehouse/share/eyantra_warehouse//models/LB_city/meshes/LB_city.dae
[1.593s] -- Installing: /home/soumyajit/Eyantra-CoBot-24/src/install/eyantra_warehouse/share/eyantra_warehouse//models/LB_city/model.sdf
[1.593s] -- Installing: /home/soumyajit/Eyantra-CoBot-24/src/install/eyantra_warehouse/share/eyantra_warehouse//models/aws_robomaker_warehouse_ClutteringC_01
[1.593s] -- Installing: /home/soumyajit/Eyantra-CoBot-24/src/install/eyantra_warehouse/share/eyantra_warehouse//models/aws_robomaker_warehouse_ClutteringC_01/model.config
[1.593s] -- Installing: /home/soumyajit/Eyantra-CoBot-24/src/install/eyantra_warehouse/share/eyantra_warehouse//models/aws_robomaker_warehouse_ClutteringC_01/meshes
[1.594s] -- Installing: /home/soumyajit/Eyantra-CoBot-24/src/install/eyantra_warehouse/share/eyantra_warehouse//models/aws_robomaker_warehouse_ClutteringC_01/meshes/aws_robomaker_warehouse_ClutteringC_01_visual.DAE
[1.594s] -- Installing: /home/soumyajit/Eyantra-CoBot-24/src/install/eyantra_warehouse/share/eyantra_warehouse//models/aws_robomaker_warehouse_ClutteringC_01/meshes/aws_robomaker_warehouse_ClutteringC_01_collision.DAE
[1.595s] -- Installing: /home/soumyajit/Eyantra-CoBot-24/src/install/eyantra_warehouse/share/eyantra_warehouse//models/aws_robomaker_warehouse_ClutteringC_01/materials
[1.595s] -- Installing: /home/soumyajit/Eyantra-CoBot-24/src/install/eyantra_warehouse/share/eyantra_warehouse//models/aws_robomaker_warehouse_ClutteringC_01/materials/textures
[1.595s] -- Installing: /home/soumyajit/Eyantra-CoBot-24/src/install/eyantra_warehouse/share/eyantra_warehouse//models/aws_robomaker_warehouse_ClutteringC_01/materials/textures/aws_robomaker_warehouse_ClutteringC_02.png
[1.596s] -- Installing: /home/soumyajit/Eyantra-CoBot-24/src/install/eyantra_warehouse/share/eyantra_warehouse//models/aws_robomaker_warehouse_ClutteringC_01/materials/textures/aws_robomaker_warehouse_ClutteringC_01.png
[1.597s] -- Installing: /home/soumyajit/Eyantra-CoBot-24/src/install/eyantra_warehouse/share/eyantra_warehouse//models/aws_robomaker_warehouse_ClutteringC_01/model.sdf
[1.598s] -- Installing: /home/soumyajit/Eyantra-CoBot-24/src/install/eyantra_warehouse/share/eyantra_warehouse//models/conveyor_belt
[1.598s] -- Installing: /home/soumyajit/Eyantra-CoBot-24/src/install/eyantra_warehouse/share/eyantra_warehouse//models/conveyor_belt/model.config
[1.599s] -- Installing: /home/soumyajit/Eyantra-CoBot-24/src/install/eyantra_warehouse/share/eyantra_warehouse//models/conveyor_belt/meshes
[1.599s] -- Installing: /home/soumyajit/Eyantra-CoBot-24/src/install/eyantra_warehouse/share/eyantra_warehouse//models/conveyor_belt/meshes/conveyor_belt.stl
[1.601s] -- Installing: /home/soumyajit/Eyantra-CoBot-24/src/install/eyantra_warehouse/share/eyantra_warehouse//models/conveyor_belt/meshes/conveyor_belt.dae
[1.604s] -- Installing: /home/soumyajit/Eyantra-CoBot-24/src/install/eyantra_warehouse/share/eyantra_warehouse//models/conveyor_belt/model.sdf
[1.604s] -- Installing: /home/soumyajit/Eyantra-CoBot-24/src/install/eyantra_warehouse/share/eyantra_warehouse//models/box
[1.605s] -- Installing: /home/soumyajit/Eyantra-CoBot-24/src/install/eyantra_warehouse/share/eyantra_warehouse//models/box/model.config
[1.605s] -- Installing: /home/soumyajit/Eyantra-CoBot-24/src/install/eyantra_warehouse/share/eyantra_warehouse//models/box/meshes
[1.605s] -- Installing: /home/soumyajit/Eyantra-CoBot-24/src/install/eyantra_warehouse/share/eyantra_warehouse//models/box/meshes/cardboard_bg.png
[1.605s] -- Installing: /home/soumyajit/Eyantra-CoBot-24/src/install/eyantra_warehouse/share/eyantra_warehouse//models/box/meshes/box.dae
[1.606s] -- Installing: /home/soumyajit/Eyantra-CoBot-24/src/install/eyantra_warehouse/share/eyantra_warehouse//models/box/meshes/box__bg.png
[1.606s] -- Installing: /home/soumyajit/Eyantra-CoBot-24/src/install/eyantra_warehouse/share/eyantra_warehouse//models/box/meshes/centroid_old_box.zip
[1.606s] -- Installing: /home/soumyajit/Eyantra-CoBot-24/src/install/eyantra_warehouse/share/eyantra_warehouse//models/box/meshes/aruco_tag.jpg
[1.606s] -- Installing: /home/soumyajit/Eyantra-CoBot-24/src/install/eyantra_warehouse/share/eyantra_warehouse//models/box/model.sdf
[1.607s] -- Installing: /home/soumyajit/Eyantra-CoBot-24/src/install/eyantra_warehouse/share/eyantra_warehouse//models/aws_robomaker_warehouse_PalletJackB_01
[1.607s] -- Installing: /home/soumyajit/Eyantra-CoBot-24/src/install/eyantra_warehouse/share/eyantra_warehouse//models/aws_robomaker_warehouse_PalletJackB_01/model.config
[1.607s] -- Installing: /home/soumyajit/Eyantra-CoBot-24/src/install/eyantra_warehouse/share/eyantra_warehouse//models/aws_robomaker_warehouse_PalletJackB_01/.DS_Store
[1.608s] -- Installing: /home/soumyajit/Eyantra-CoBot-24/src/install/eyantra_warehouse/share/eyantra_warehouse//models/aws_robomaker_warehouse_PalletJackB_01/meshes
[1.608s] -- Installing: /home/soumyajit/Eyantra-CoBot-24/src/install/eyantra_warehouse/share/eyantra_warehouse//models/aws_robomaker_warehouse_PalletJackB_01/meshes/aws_robomaker_warehouse_PalletJackB_01_visual.DAE
[1.610s] -- Installing: /home/soumyajit/Eyantra-CoBot-24/src/install/eyantra_warehouse/share/eyantra_warehouse//models/aws_robomaker_warehouse_PalletJackB_01/meshes/aws_robomaker_warehouse_PalletJackB_01_collision.DAE
[1.610s] -- Installing: /home/soumyajit/Eyantra-CoBot-24/src/install/eyantra_warehouse/share/eyantra_warehouse//models/aws_robomaker_warehouse_PalletJackB_01/materials
[1.611s] -- Installing: /home/soumyajit/Eyantra-CoBot-24/src/install/eyantra_warehouse/share/eyantra_warehouse//models/aws_robomaker_warehouse_PalletJackB_01/materials/.DS_Store
[1.611s] -- Installing: /home/soumyajit/Eyantra-CoBot-24/src/install/eyantra_warehouse/share/eyantra_warehouse//models/aws_robomaker_warehouse_PalletJackB_01/materials/textures
[1.612s] -- Installing: /home/soumyajit/Eyantra-CoBot-24/src/install/eyantra_warehouse/share/eyantra_warehouse//models/aws_robomaker_warehouse_PalletJackB_01/materials/textures/aws_robomaker_warehouse_PalletJackB_01.png
[1.613s] -- Installing: /home/soumyajit/Eyantra-CoBot-24/src/install/eyantra_warehouse/share/eyantra_warehouse//models/aws_robomaker_warehouse_PalletJackB_01/materials/textures/aws_robomaker_warehouse_PalletJackB_02.png
[1.613s] -- Installing: /home/soumyajit/Eyantra-CoBot-24/src/install/eyantra_warehouse/share/eyantra_warehouse//models/aws_robomaker_warehouse_PalletJackB_01/model.sdf
[1.613s] -- Installing: /home/soumyajit/Eyantra-CoBot-24/src/install/eyantra_warehouse/share/eyantra_warehouse//config
[1.614s] -- Installing: /home/soumyajit/Eyantra-CoBot-24/src/install/eyantra_warehouse/share/eyantra_warehouse//config/SkyX_Moon.png
[1.617s] -- Installing: /home/soumyajit/Eyantra-CoBot-24/src/install/eyantra_warehouse/share/eyantra_warehouse//config/package_link.json
[1.617s] -- Installing: /home/soumyajit/Eyantra-CoBot-24/src/install/eyantra_warehouse/share/eyantra_warehouse//config/SkyX_Moon.fragment
[1.617s] -- Installing: /home/soumyajit/Eyantra-CoBot-24/src/install/eyantra_warehouse/share/ament_index/resource_index/package_run_dependencies/eyantra_warehouse
[1.617s] -- Installing: /home/soumyajit/Eyantra-CoBot-24/src/install/eyantra_warehouse/share/ament_index/resource_index/parent_prefix_path/eyantra_warehouse
[1.617s] -- Installing: /home/soumyajit/Eyantra-CoBot-24/src/install/eyantra_warehouse/share/eyantra_warehouse/environment/ament_prefix_path.sh
[1.617s] -- Installing: /home/soumyajit/Eyantra-CoBot-24/src/install/eyantra_warehouse/share/eyantra_warehouse/environment/ament_prefix_path.dsv
[1.617s] -- Installing: /home/soumyajit/Eyantra-CoBot-24/src/install/eyantra_warehouse/share/eyantra_warehouse/environment/path.sh
[1.617s] -- Installing: /home/soumyajit/Eyantra-CoBot-24/src/install/eyantra_warehouse/share/eyantra_warehouse/environment/path.dsv
[1.617s] -- Installing: /home/soumyajit/Eyantra-CoBot-24/src/install/eyantra_warehouse/share/eyantra_warehouse/local_setup.bash
[1.622s] -- Installing: /home/soumyajit/Eyantra-CoBot-24/src/install/eyantra_warehouse/share/eyantra_warehouse/local_setup.sh
[1.622s] -- Installing: /home/soumyajit/Eyantra-CoBot-24/src/install/eyantra_warehouse/share/eyantra_warehouse/local_setup.zsh
[1.622s] -- Installing: /home/soumyajit/Eyantra-CoBot-24/src/install/eyantra_warehouse/share/eyantra_warehouse/local_setup.dsv
[1.622s] -- Installing: /home/soumyajit/Eyantra-CoBot-24/src/install/eyantra_warehouse/share/eyantra_warehouse/package.dsv
[1.622s] -- Installing: /home/soumyajit/Eyantra-CoBot-24/src/install/eyantra_warehouse/share/ament_index/resource_index/packages/eyantra_warehouse
[1.622s] -- Installing: /home/soumyajit/Eyantra-CoBot-24/src/install/eyantra_warehouse/share/eyantra_warehouse/cmake/eyantra_warehouseConfig.cmake
[1.622s] -- Installing: /home/soumyajit/Eyantra-CoBot-24/src/install/eyantra_warehouse/share/eyantra_warehouse/cmake/eyantra_warehouseConfig-version.cmake
[1.622s] -- Installing: /home/soumyajit/Eyantra-CoBot-24/src/install/eyantra_warehouse/share/eyantra_warehouse/package.xml
[1.624s] Invoked command in '/home/soumyajit/Eyantra-CoBot-24/src/build/eyantra_warehouse' returned '0': CMAKE_PREFIX_PATH=${CMAKE_PREFIX_PATH}:/home/soumyajit/Eyantra-CoBot-24/install/ur5_control:/opt/ros/humble /usr/bin/cmake --install /home/soumyajit/Eyantra-CoBot-24/src/build/eyantra_warehouse
